********************************************************************************
Field Output Report, written Sat Dec 10 16:49:58 2016

Source 1
---------

   ODB: C:/SIMULIA/ThermalStaticAnalysis.odb
   Step: StepForThermalAnalysis
   Frame: Increment      1: Step Time =    1.000

Loc 1 : Nodal values from source 1

Output sorted by column "Node Label".

Field Output reported at nodes for part: LARGEPIPE-1

      Node Label     U.Magnitude            U.U1            U.U2            U.U3    UR.Magnitude          UR.UR1          UR.UR2          UR.UR3
                          @Loc 1          @Loc 1          @Loc 1          @Loc 1          @Loc 1          @Loc 1          @Loc 1          @Loc 1
-------------------------------------------------------------------------------------------------------------------------------------------------
               1     6.01687E-03    -4.49092E-03    -4.00429E-03     1.28681E-33     8.42238E-06    -187.292E-36     507.288E-36     8.42238E-06
               2     6.34672E-03    -988.352E-36    -5.45891E-03    -3.23745E-03     24.9274E-06     24.9274E-06     345.702E-36    -228.348E-36
               3     10.9766E-03     58.5370E-36    -10.3834E-03    -3.55980E-03     17.7141E-06    -17.7141E-06     143.238E-36    -381.246E-39
               4     11.3599E-03    -4.21684E-03    -10.5483E-03    -86.6366E-36     13.3580E-06    -46.9391E-39     184.013E-36    -13.3580E-06
               5     6.06956E-03    -6.06956E-03    -19.9377E-36    -689.277E-36              0.     133.319E-39     176.994E-36    -17.2969E-36
               6     17.3798E-03    -223.700E-36     2.31895E-33    -17.3798E-03     353.233E-06     4.60133E-36     353.233E-06     636.064E-36
               7     19.2034E-03     12.6937E-33    -11.2600E-03    -15.5557E-03     269.763E-06     269.763E-06    -15.2375E-36     3.36473E-33
               8     6.04158E-03    -4.30186E-03    -4.12847E-03    -974.897E-06     41.2940E-06    -6.19664E-06     40.6379E-06     3.91830E-06
               9     6.10111E-03    -3.78885E-03    -4.42874E-03    -1.80400E-03     69.8639E-06    -8.74613E-06     69.0294E-06    -6.27809E-06
              10     6.17616E-03    -3.04208E-03    -4.78846E-03    -2.44160E-03     80.5128E-06    -4.46178E-06     78.8553E-06    -15.6286E-06
              11     6.25503E-03    -2.12828E-03    -5.12385E-03    -2.88824E-03     71.7190E-06     6.51738E-06     68.8790E-06    -18.8899E-06
              12     6.32037E-03    -1.09700E-03    -5.36792E-03    -3.15105E-03     46.6223E-06     19.3199E-06     40.4904E-06    -12.6848E-06
              13     7.06393E-03    -230.471E-36    -6.27104E-03    -3.25166E-03     13.5991E-06    -13.5991E-06     627.948E-36     4.21925E-36
              14     7.82813E-03    -71.9429E-36    -7.09174E-03    -3.31466E-03     29.7995E-06    -29.7995E-06     518.976E-36     755.663E-39
              15     8.60944E-03    -60.9380E-36    -7.91446E-03    -3.38877E-03     32.8448E-06    -32.8448E-06     432.415E-36    -796.004E-39
              16     9.39692E-03    -55.7863E-36    -8.73736E-03    -3.45843E-03     30.0494E-06    -30.0494E-06     357.722E-36    -480.703E-39
              17     10.1864E-03    -12.9278E-36    -9.56009E-03    -3.51668E-03     24.4076E-06    -24.4076E-06     304.798E-36    -999.000E-39
              18     11.0022E-03    -1.00532E-03    -10.3949E-03    -3.46172E-03     32.6664E-06    -17.3412E-06     27.2249E-06    -5.01803E-06
              19     11.0721E-03    -1.97516E-03    -10.4260E-03    -3.16033E-03     50.4578E-06    -16.0875E-06     46.9618E-06    -9.04258E-06
              20     11.1678E-03    -2.85661E-03    -10.4677E-03    -2.64312E-03     56.8461E-06    -13.7007E-06     53.9350E-06    -11.6096E-06
              21     11.2637E-03    -3.57555E-03    -10.5084E-03    -1.91298E-03     49.2574E-06    -10.0704E-06     46.4694E-06    -12.8638E-06
              22     11.3341E-03    -4.05040E-03    -10.5377E-03    -1.00681E-03     30.3291E-06    -5.35805E-06     26.7326E-06    -13.2860E-06
              23     10.3801E-03    -4.26563E-03    -9.46313E-03     63.4637E-36     21.4742E-06    -452.646E-39     409.669E-36    -21.4742E-06
              24     9.43150E-03    -4.33473E-03    -8.37635E-03     161.534E-36     25.9805E-06     316.619E-39     502.720E-36    -25.9805E-06
              25     8.51870E-03    -4.41006E-03    -7.28833E-03     242.974E-36     25.1775E-06     538.170E-39     607.909E-36    -25.1775E-06
              26     7.64474E-03    -4.47502E-03    -6.19808E-03     397.154E-36     17.8885E-06     329.219E-39     699.371E-36    -17.8885E-06
              27     6.80983E-03    -4.50826E-03    -5.10386E-03     738.816E-36     4.15422E-06     1.58097E-36     749.704E-36    -4.15422E-06
              28     17.9515E-03     8.39114E-33    -10.7532E-03    -14.3744E-03     165.967E-06     165.967E-06     485.048E-36     6.31166E-33
              29     16.8499E-03     2.18727E-33    -10.2352E-03    -13.3850E-03     194.667E-06     194.667E-06     185.366E-36     4.51667E-33
              30     15.6979E-03     314.741E-36    -9.60265E-03    -12.4183E-03     233.120E-06     233.120E-06     171.165E-36     3.13150E-33
              31     14.5138E-03    -236.085E-36    -8.92423E-03    -11.4458E-03     243.151E-06     243.151E-06     101.927E-36     2.23128E-33
              32     13.3342E-03    -220.571E-36    -8.27168E-03    -10.4585E-03     230.851E-06     230.851E-06     71.4181E-36     1.60675E-33
              33     12.1838E-03    -81.6877E-36    -7.68167E-03    -9.45714E-03     208.355E-06     208.355E-06     52.3879E-36     1.17366E-33
              34     11.0719E-03     46.2568E-36    -7.16112E-03    -8.44420E-03     184.665E-06     184.665E-06     39.6067E-36     852.196E-36
              35     9.99976E-03     142.549E-36    -6.70201E-03    -7.42147E-03     163.422E-06     163.422E-06     28.8487E-36     587.625E-36
              36     8.96892E-03     218.590E-36    -6.29407E-03    -6.38954E-03     143.927E-06     143.927E-06     17.1828E-36     340.349E-36
              37     7.98904E-03     237.800E-36    -5.93516E-03    -5.34778E-03     120.901E-06     120.901E-06     11.2630E-36     74.2151E-36
              38     7.09000E-03     41.5548E-36    -5.64060E-03    -4.29555E-03     86.7044E-06     86.7044E-06     9.70521E-36    -200.843E-36
              39     6.04711E-03    -5.17514E-03    -3.12818E-03    -60.9221E-36     12.7856E-06    -229.460E-36     352.424E-36     12.7856E-06
              40     6.06170E-03    -5.66995E-03    -2.14382E-03    -803.118E-36     10.5765E-06    -142.221E-36     358.151E-36     10.5765E-06
              41     6.06793E-03    -5.96940E-03    -1.08903E-03    -1.23591E-33     5.99623E-06    -68.1111E-36     352.085E-36     5.99623E-06
              42     6.18842E-03    -6.01134E-03     5.07603E-36    -1.46980E-03     33.9844E-06     6.87370E-36     33.9844E-06    -44.4362E-36
              43     6.54142E-03    -5.84386E-03     85.0708E-36    -2.93930E-03     64.3076E-06    -2.35673E-36     64.3076E-06    -36.4877E-36
              44     7.11259E-03    -5.58182E-03     134.860E-36    -4.40819E-03     89.9279E-06    -18.6137E-36     89.9279E-06     46.4361E-36
              45     7.87080E-03    -5.23680E-03     102.091E-36    -5.87583E-03     112.484E-06    -19.3715E-36     112.484E-06     234.631E-36
              46     8.77976E-03    -4.81599E-03    -8.67522E-36    -7.34101E-03     133.070E-06    -16.9456E-36     133.070E-06     523.401E-36
              47     9.80806E-03    -4.32696E-03    -185.494E-36    -8.80201E-03     151.079E-06    -14.9698E-36     151.079E-06     890.693E-36
              48     10.9312E-03    -3.78257E-03    -444.980E-36    -10.2559E-03     165.183E-06    -14.2994E-36     165.183E-06     1.29316E-33
              49     12.1280E-03    -3.20010E-03    -793.286E-36    -11.6982E-03     176.170E-06    -13.8556E-36     176.170E-06     1.65654E-33
              50     13.3774E-03    -2.58832E-03    -1.09807E-33    -13.1246E-03     190.901E-06    -10.1373E-36     190.901E-06     1.85942E-33
              51     14.6617E-03    -1.91859E-03    -885.718E-36    -14.5356E-03     224.426E-06    -166.288E-39     224.426E-06     1.76519E-33
              52     15.9818E-03    -1.09564E-03     780.715E-36    -15.9442E-03     289.253E-06     11.6496E-36     289.253E-06     1.36280E-33
              53     17.3696E-03    -483.743E-36    -1.26459E-03    -17.3235E-03     387.020E-06    -62.4779E-06     363.984E-06     115.745E-06
              54     17.3576E-03    -702.182E-36    -2.62620E-03    -17.1577E-03     485.208E-06    -145.823E-06     390.253E-06     248.727E-06
              55     17.4123E-03    -1.89601E-33    -4.25584E-03    -16.8842E-03     639.876E-06    -247.692E-06     412.206E-06     422.109E-06
              56     17.7083E-03    -5.98994E-33    -6.51437E-03    -16.4666E-03     774.030E-06    -253.641E-06     408.042E-06     606.870E-06
              57     18.5273E-03    -10.2049E-33    -9.52517E-03    -15.8912E-03     650.321E-06     27.7431E-06     330.842E-06     559.188E-06
              58     6.83048E-03    -4.31039E-03    -5.20529E-03    -990.403E-06     45.4478E-06    -6.65597E-06     44.4156E-06    -6.96096E-06
              59     6.87894E-03    -3.77453E-03    -5.45020E-03    -1.83523E-03     77.4029E-06    -10.9624E-06     75.5730E-06    -12.6392E-06
              60     6.93770E-03    -3.00199E-03    -5.74197E-03    -2.47983E-03     89.3232E-06    -12.5346E-06     86.9196E-06    -16.3249E-06
              61     6.99715E-03    -2.07564E-03    -6.01021E-03    -2.92047E-03     78.9616E-06    -12.7836E-06     76.4396E-06    -15.1164E-06
              62     7.04494E-03    -1.05848E-03    -6.20112E-03    -3.17127E-03     47.9468E-06    -13.2150E-06     45.2079E-06    -8.97235E-06
              63     7.66067E-03    -4.27701E-03    -6.27653E-03    -999.072E-06     46.4026E-06    -4.00526E-06     42.6998E-06    -17.7167E-06
              64     7.69671E-03    -3.73997E-03    -6.46554E-03    -1.85710E-03     74.9848E-06    -8.28575E-06     72.7186E-06    -16.3116E-06
              65     7.73863E-03    -2.96750E-03    -6.68958E-03    -2.51591E-03     85.5232E-06    -13.6744E-06     83.4486E-06    -12.7895E-06
              66     7.78042E-03    -2.04694E-03    -6.89417E-03    -2.96908E-03     76.0288E-06    -20.4690E-06     72.7968E-06    -7.87537E-06
              67     7.81444E-03    -1.04237E-03    -7.03891E-03    -3.22996E-03     50.5031E-06    -26.9843E-06     42.5583E-06    -3.34737E-06
              68     8.52875E-03    -4.21904E-03    -7.34411E-03    -1.00166E-03     45.1717E-06    -2.66375E-06     38.5911E-06    -23.3262E-06
              69     8.54894E-03    -3.69636E-03    -7.47773E-03    -1.87215E-03     68.6148E-06    -7.06287E-06     65.7467E-06    -18.3161E-06
              70     8.56884E-03    -2.93781E-03    -7.63484E-03    -2.55021E-03     77.3963E-06    -13.9968E-06     75.2081E-06    -11.7479E-06
              71     8.58730E-03    -2.02887E-03    -7.77734E-03    -3.02298E-03     69.1781E-06    -22.5265E-06     65.1520E-06    -5.77792E-06
              72     8.60287E-03    -1.03396E-03    -7.87781E-03    -3.29855E-03     48.2354E-06    -29.8944E-06     37.8050E-06    -1.93998E-06
              73     9.43291E-03    -4.15356E-03    -8.40978E-03    -1.00169E-03     41.0044E-06    -2.47284E-06     33.3473E-06    -23.7320E-06
              74     9.43059E-03    -3.65087E-03    -8.48862E-03    -1.88424E-03     60.2241E-06    -6.85861E-06     57.0389E-06    -18.0682E-06
              75     9.42035E-03    -2.91005E-03    -8.57937E-03    -2.58246E-03     67.7046E-06    -13.6123E-06     65.3470E-06    -11.3306E-06
              76     9.40784E-03    -2.01320E-03    -8.66024E-03    -3.07484E-03     60.7027E-06    -21.3801E-06     56.5283E-06    -5.68005E-06
              77     9.39949E-03    -1.02669E-03    -8.71677E-03    -3.36366E-03     42.8844E-06    -27.6459E-06     32.7174E-06    -2.08479E-06
              78     10.3695E-03    -4.09371E-03    -9.47442E-03    -1.00207E-03     35.1041E-06    -3.32424E-06     28.7246E-06    -19.9034E-06
              79     10.3369E-03    -3.60922E-03    -9.49892E-03    -1.89622E-03     52.5985E-06    -7.71496E-06     49.5223E-06    -15.9568E-06
              80     10.2878E-03    -2.88348E-03    -9.52363E-03    -2.61257E-03     59.6628E-06    -13.2189E-06     57.0959E-06    -11.1786E-06
              81     10.2369E-03    -1.99646E-03    -9.54302E-03    -3.12086E-03     53.4203E-06    -18.7840E-06     49.5469E-06    -6.78154E-06
              82     10.1998E-03    -1.01796E-03    -9.55560E-03    -3.41905E-03     36.8521E-06    -22.9013E-06     28.7001E-06    -3.14854E-06
              83     6.57068E-03    -4.95650E-03    -2.97290E-03    -3.12551E-03     64.9560E-06     1.00111E-06     64.7770E-06     4.71459E-06
              84     6.28945E-03    -4.42811E-03    -3.79003E-03    -2.36318E-03     60.9547E-06    -2.24791E-06     60.9130E-06    -170.170E-09
              85     6.92150E-03    -3.81101E-03    -4.15159E-03    -4.01841E-03     62.0089E-06     22.6295E-06     57.6280E-06     3.46863E-06
              86     7.25267E-03    -2.59755E-03    -5.01329E-03    -4.55202E-03     69.9173E-06     60.1473E-06     34.9945E-06     6.79077E-06
              87     7.60533E-03    -1.31469E-03    -5.62497E-03    -4.94694E-03     99.8476E-06     98.5675E-06     13.2863E-06     8.80080E-06
              88     6.17177E-03    -5.46199E-03    -2.46144E-03    -1.48280E-03     39.3004E-06    -2.68784E-06     38.2513E-06     8.60981E-06
              89     6.56984E-03    -5.63993E-03    -1.44656E-03    -3.04326E-03     65.6829E-06    -918.123E-09     65.4296E-06     5.68975E-06
              90     16.1084E-03    -1.19013E-03    -3.01462E-03    -15.7790E-03     430.315E-06    -95.1708E-06     317.423E-06     274.511E-06
              91     14.9025E-03    -2.06558E-03    -3.17989E-03    -14.4120E-03     370.362E-06    -33.9419E-06     227.339E-06     290.402E-06
              92     13.6940E-03    -2.68860E-03    -3.18565E-03    -13.0441E-03     318.430E-06     5.44879E-06     165.750E-06     271.836E-06
              93     12.4916E-03    -3.16681E-03    -3.11640E-03    -11.6747E-03     268.106E-06     22.7811E-06     133.303E-06     231.500E-06
              94     11.3190E-03    -3.57088E-03    -3.02726E-03    -10.3056E-03     218.182E-06     27.1648E-06     116.312E-06     182.584E-06
              95     10.1976E-03    -3.92966E-03    -2.94243E-03    -8.93817E-03     171.304E-06     26.0154E-06     104.548E-06     133.184E-06
              96     9.14783E-03    -4.24995E-03    -2.87030E-03    -7.57510E-03     130.552E-06     22.7026E-06     93.9209E-06     87.7905E-06
              97     8.18814E-03    -4.52938E-03    -2.82929E-03    -6.20689E-03     99.0213E-06     17.8741E-06     83.9564E-06     49.3666E-06
              98     7.33006E-03    -4.76023E-03    -2.85504E-03    -4.78735E-03     78.3832E-06     11.0513E-06     74.8611E-06     20.4355E-06
              99     6.89086E-03    -1.19455E-03    -5.45633E-03    -4.03551E-03     71.1225E-06     67.9287E-06     20.6582E-06    -4.16258E-06
             100     6.68711E-03    -2.41431E-03    -5.02933E-03    -3.68706E-03     60.1426E-06     37.8231E-06     45.9061E-06    -8.89816E-06
             101     6.49362E-03    -3.55602E-03    -4.41488E-03    -3.16711E-03     63.9704E-06     11.3560E-06     62.5182E-06    -7.39817E-06
             102     6.11571E-03    -4.94716E-03    -3.36094E-03    -1.27736E-03     39.5294E-06    -3.93515E-06     38.3671E-06     8.66337E-06
             103     6.19045E-03    -5.86991E-03    -1.26386E-03    -1.50612E-03     36.0957E-06    -1.02676E-06     35.6300E-06     5.68760E-06
             104     7.20203E-03    -5.36072E-03    -1.45351E-03    -4.58468E-03     88.4432E-06     1.18426E-06     87.6486E-06     11.7693E-06
             105     8.00336E-03    -5.03101E-03    -1.44236E-03    -6.05493E-03     109.406E-06     3.39230E-06     106.165E-06     26.2143E-06
             106     8.93250E-03    -4.64442E-03    -1.44447E-03    -7.49216E-03     132.156E-06     4.88720E-06     123.344E-06     47.1970E-06
             107     9.96503E-03    -4.20240E-03    -1.45776E-03    -8.91721E-03     156.852E-06     5.76000E-06     138.891E-06     72.6538E-06
             108     11.0813E-03    -3.71201E-03    -1.47774E-03    -10.3360E-03     182.139E-06     5.89448E-06     152.135E-06     99.9754E-06
             109     12.2623E-03    -3.18195E-03    -1.50172E-03    -11.7466E-03     207.329E-06     4.12704E-06     165.036E-06     125.426E-06
             110     13.4882E-03    -2.60834E-03    -1.52098E-03    -13.1459E-03     234.430E-06    -2.43297E-06     185.504E-06     143.317E-06
             111     14.7413E-03    -1.95013E-03    -1.51236E-03    -14.5332E-03     271.301E-06    -17.7275E-06     227.614E-06     146.568E-06
             112     16.0210E-03    -1.11266E-03    -1.43665E-03    -15.9176E-03     329.267E-06    -42.4884E-06     298.828E-06     131.580E-06
             113     16.3496E-03    -1.26232E-03    -4.87376E-03    -15.5552E-03     563.072E-06    -145.034E-06     326.345E-06     435.333E-06
             114     16.8221E-03    -1.24612E-03    -7.13687E-03    -15.1821E-03     652.727E-06    -124.498E-06     291.012E-06     570.845E-06
             115     17.5107E-03    -892.843E-06    -9.54370E-03    -14.6542E-03     514.394E-06     35.1443E-06     176.968E-06     481.714E-06
             116     15.2555E-03    -2.12224E-03    -5.10198E-03    -14.2196E-03     468.069E-06    -33.8975E-06     211.799E-06     416.030E-06
             117     15.8079E-03    -1.94158E-03    -7.26710E-03    -13.9036E-03     502.008E-06     17.9059E-06     166.900E-06     473.113E-06
             118     16.4528E-03    -1.25230E-03    -9.29049E-03    -13.5209E-03     387.342E-06     128.781E-06     95.1013E-06     352.711E-06
             119     14.1042E-03    -2.64700E-03    -5.05548E-03    -12.8982E-03     388.575E-06     36.1178E-06     133.220E-06     363.233E-06
             120     14.6805E-03    -2.28416E-03    -7.05327E-03    -12.6709E-03     401.286E-06     102.386E-06     90.2603E-06     377.360E-06
             121     15.2950E-03    -1.38748E-03    -8.79581E-03    -12.4357E-03     324.296E-06     189.885E-06     45.2658E-06     258.965E-06
             122     12.9246E-03    -2.97975E-03    -4.87510E-03    -11.5931E-03     317.987E-06     65.6312E-06     91.7169E-06     297.316E-06
             123     13.4962E-03    -2.45237E-03    -6.68391E-03    -11.4656E-03     327.345E-06     134.037E-06     51.1078E-06     294.239E-06
             124     14.0871E-03    -1.43272E-03    -8.20516E-03    -11.3609E-03     285.190E-06     208.176E-06     21.4360E-06     193.744E-06
             125     11.7541E-03    -3.22197E-03    -4.65694E-03    -10.3001E-03     252.770E-06     71.3980E-06     72.5074E-06     231.383E-06
             126     12.3088E-03    -2.54804E-03    -6.28204E-03    -10.2737E-03     264.620E-06     135.218E-06     34.3429E-06     224.857E-06
             127     12.8808E-03    -1.44537E-03    -7.62094E-03    -10.2833E-03     247.148E-06     199.253E-06     11.3609E-06     145.779E-06
             128     10.6190E-03    -3.42210E-03    -4.44616E-03    -9.01582E-03     193.663E-06     67.1086E-06     63.0317E-06     170.378E-06
             129     11.1490E-03    -2.61733E-03    -5.90410E-03    -9.08798E-03     209.734E-06     124.183E-06     27.7897E-06     166.718E-06
             130     11.7044E-03    -1.44952E-03    -7.08958E-03    -9.19945E-03     210.117E-06     179.629E-06     7.85898E-06     108.724E-06
             131     9.54081E-03    -3.59560E-03    -4.26254E-03    -7.74141E-03     142.247E-06     59.5434E-06     57.1311E-06     115.866E-06
             132     10.0367E-03    -2.67187E-03    -5.57252E-03    -7.90849E-03     162.821E-06     110.437E-06     25.1568E-06     116.967E-06
             133     10.5724E-03    -1.44733E-03    -6.62430E-03    -8.11169E-03     177.390E-06     159.018E-06     6.91418E-06     78.3113E-06
             134     8.54288E-03    -3.73333E-03    -4.13290E-03    -6.47782E-03     100.446E-06     50.4676E-06     53.3105E-06     68.5590E-06
             135     8.99384E-03    -2.69575E-03    -5.30679E-03    -6.74241E-03     123.914E-06     96.7795E-06     24.4836E-06     73.4089E-06
             136     9.49735E-03    -1.42763E-03    -6.22572E-03    -7.02865E-03     149.927E-06     140.483E-06     7.07380E-06     51.8910E-06
             137     7.65590E-03    -3.80765E-03    -4.09343E-03    -5.23052E-03     72.0430E-06     38.9083E-06     52.5982E-06     30.1624E-06
             138     8.05190E-03    -2.66532E-03    -5.12258E-03    -5.61144E-03     93.0876E-06     81.5355E-06     26.8360E-06     36.0152E-06
             139     8.49796E-03    -1.37854E-03    -5.89262E-03    -5.96591E-03     125.849E-06     122.270E-06     8.61887E-06     28.5255E-06
             140     6.02347E-03    -4.44389E-03    -4.03604E-03    -494.367E-06     22.9427E-06    -1.41630E-06     21.6897E-06     7.34294E-06
             141     6.43016E-03    -4.31212E-03    -4.66758E-03    -982.977E-06     43.7644E-06    -7.15799E-06     43.1727E-06    -456.167E-09
             142     6.83544E-03    -4.45811E-03    -5.15704E-03    -503.433E-06     23.4217E-06    -1.50406E-06     22.8459E-06    -4.93740E-06
             143     6.40739E-03    -4.50657E-03    -4.55472E-03     2.02142E-33     3.45272E-06     359.997E-39     1.39372E-33     3.45272E-06
             144     6.06851E-03    -4.08128E-03    -4.26372E-03    -1.41091E-03     58.8617E-06    -3.53844E-06     58.7546E-06     263.455E-09
             145     6.48432E-03    -3.78512E-03    -4.94025E-03    -1.82022E-03     74.8683E-06    -12.4055E-06     73.1950E-06    -9.68791E-06
             146     6.86358E-03    -4.08010E-03    -5.32984E-03    -1.43328E-03     62.2501E-06    -5.00675E-06     61.5438E-06    -7.89689E-06
             147     6.13816E-03    -3.43565E-03    -4.60933E-03    -2.15115E-03     79.8872E-06    -1.70784E-06     79.3577E-06    -9.02261E-06
             148     6.55117E-03    -3.02200E-03    -5.26600E-03    -2.46061E-03     87.0552E-06    -13.6882E-06     83.7226E-06    -19.5386E-06
             149     6.90940E-03    -3.41234E-03    -5.59721E-03    -2.18335E-03     84.3039E-06    -8.11556E-06     83.1347E-06    -11.3973E-06
             150     6.21573E-03    -2.60902E-03    -4.96145E-03    -2.68558E-03     81.2009E-06     6.00141E-06     79.6869E-06    -14.4073E-06
             151     6.61942E-03    -2.09869E-03    -5.56729E-03    -2.90130E-03     77.6531E-06    -9.61805E-06     73.0184E-06    -24.6130E-06
             152     6.96177E-03    -2.55120E-03    -5.87584E-03    -2.72620E-03     85.0039E-06    -10.0481E-06     83.4985E-06    -12.3576E-06
             153     6.29117E-03    -1.62285E-03    -5.26206E-03    -3.04235E-03     63.3001E-06     16.9839E-06     59.6182E-06    -12.8110E-06
             154     6.67429E-03    -1.07404E-03    -5.78337E-03    -3.15362E-03     46.7328E-06    -1.80297E-06     42.8514E-06    -18.5596E-06
             155     7.01024E-03    -1.57117E-03    -6.10393E-03    -3.06871E-03     64.0089E-06    -11.6513E-06     62.2342E-06    -9.39649E-06
             156     6.33998E-03    -546.461E-06    -5.43662E-03    -3.21555E-03     33.5382E-06     24.6024E-06     22.2235E-06    -5.06437E-06
             157     6.69603E-03    -958.828E-36    -5.86292E-03    -3.23464E-03     2.62687E-06     2.62687E-06     1.29793E-33     640.480E-39
             158     7.04062E-03    -529.780E-06    -6.23314E-03    -3.23074E-03     26.7783E-06    -13.0291E-06     23.1398E-06    -3.44536E-06
             159     7.24084E-03    -4.29805E-03    -5.74152E-03    -995.790E-06     46.1998E-06    -5.54885E-06     44.0053E-06    -12.9294E-06
             160     7.66574E-03    -4.42383E-03    -6.23983E-03    -507.697E-06     28.4976E-06    -913.799E-09     22.1748E-06    -17.8762E-06
             161     7.22252E-03    -4.49713E-03    -5.65160E-03     1.12377E-33     11.6109E-06    -204.321E-39     1.44468E-33    -11.6109E-06
             162     7.28326E-03    -3.75894E-03    -5.95846E-03    -1.84745E-03     77.1317E-06    -10.2262E-06     74.9422E-06    -15.1129E-06
             163     7.68639E-03    -4.04560E-03    -6.37304E-03    -1.44847E-03     62.1707E-06    -3.89792E-06     59.8204E-06    -16.4778E-06
             164     7.33391E-03    -2.98379E-03    -6.21628E-03    -2.49821E-03     88.7297E-06    -14.3457E-06     86.1966E-06    -15.4049E-06
             165     7.71871E-03    -3.37748E-03    -6.57855E-03    -2.21219E-03     82.4946E-06    -8.93930E-06     80.8825E-06    -13.5451E-06
             166     7.38485E-03    -2.05896E-03    -6.45236E-03    -2.94343E-03     78.8491E-06    -18.5199E-06     75.6044E-06    -12.5764E-06
             167     7.75464E-03    -2.51945E-03    -6.79146E-03    -2.76819E-03     83.1016E-06    -15.8626E-06     81.0482E-06    -9.24321E-06
             168     7.42605E-03    -1.04862E-03    -6.61970E-03    -3.19784E-03     50.2428E-06    -22.2917E-06     44.4793E-06    -7.00092E-06
             169     7.78805E-03    -1.54913E-03    -6.96457E-03    -3.12229E-03     64.6046E-06    -23.4561E-06     60.0046E-06    -4.79738E-06
             170     7.44252E-03    -291.701E-36    -6.68082E-03    -3.27989E-03     23.9354E-06    -23.9354E-06     1.14741E-33    -704.388E-39
             171     7.80939E-03    -522.034E-06    -7.06221E-03    -3.29228E-03     36.3328E-06    -28.7359E-06     22.1907E-06    -1.37856E-06
             172     8.09006E-03    -4.24997E-03    -6.81065E-03    -1.00092E-03     46.2527E-06    -3.50646E-06     40.8949E-06    -21.3220E-06
             173     8.53457E-03    -4.36062E-03    -7.31883E-03    -508.605E-06     31.7668E-06    -630.114E-09     19.9822E-06    -24.6869E-06
             174     8.07682E-03    -4.44513E-03    -6.74358E-03     637.867E-36     22.4145E-06     21.5789E-39     1.30729E-33    -22.4145E-06
             175     8.11882E-03    -3.71878E-03    -6.97187E-03    -1.86520E-03     72.3361E-06    -7.97796E-06     69.6388E-06    -17.8688E-06
             176     8.54551E-03    -3.99405E-03    -7.41292E-03    -1.45665E-03     57.8847E-06    -3.45247E-06     53.9420E-06    -20.7117E-06
             177     8.15060E-03    -2.95226E-03    -7.16235E-03    -2.53323E-03     81.9942E-06    -14.3386E-06     79.7585E-06    -12.4913E-06
             178     8.56012E-03    -3.34095E-03    -7.55722E-03    -2.23654E-03     74.8311E-06    -9.42138E-06     72.8106E-06    -14.4758E-06
             179     8.18164E-03    -2.03724E-03    -7.33579E-03    -2.99585E-03     73.0972E-06    -22.2767E-06     69.2883E-06    -6.78866E-06
             180     8.57427E-03    -2.49625E-03    -7.70560E-03    -2.81256E-03     75.1563E-06    -17.9157E-06     72.5352E-06    -8.13291E-06
             181     8.20715E-03    -1.03777E-03    -7.45830E-03    -3.26404E-03     50.0023E-06    -29.4590E-06     40.3236E-06    -2.53076E-06
             182     8.58738E-03    -1.53675E-03    -7.82557E-03    -3.18463E-03     59.6406E-06    -26.6001E-06     53.2691E-06    -3.44202E-06
             183     8.21755E-03    -136.412E-36    -7.50301E-03    -3.35156E-03     32.4370E-06    -32.4370E-06     952.917E-36     173.947E-39
             184     8.59625E-03    -518.242E-06    -7.89308E-03    -3.36544E-03     37.6730E-06    -32.1749E-06     19.5788E-06    -838.318E-09
             185     8.97653E-03    -4.18634E-03    -7.87711E-03    -1.00183E-03     43.4207E-06    -2.52167E-06     35.9933E-06    -24.1552E-06
             186     9.44110E-03    -4.28812E-03    -8.39573E-03    -508.074E-06     30.6984E-06    -886.188E-09     17.2772E-06    -25.3595E-06
             187     8.97040E-03    -4.37258E-03    -7.83254E-03     404.216E-36     26.3329E-06    -75.4134E-39     1.11040E-33    -26.3329E-06
             188     8.98639E-03    -3.67344E-03    -7.98328E-03    -1.87840E-03     64.4882E-06    -6.84664E-06     61.4084E-06    -18.4624E-06
             189     9.43755E-03    -3.93797E-03    -8.45121E-03    -1.46180E-03     51.4598E-06    -4.02028E-06     46.7758E-06    -21.0706E-06
             190     8.99232E-03    -2.92373E-03    -8.10716E-03    -2.56663E-03     72.4663E-06    -13.7083E-06     70.2473E-06    -11.3469E-06
             191     9.42692E-03    -3.30497E-03    -8.53487E-03    -2.25831E-03     65.7175E-06    -9.89531E-06     63.2977E-06    -14.6382E-06
             192     8.99625E-03    -2.02099E-03    -8.21881E-03    -3.04947E-03     64.8513E-06    -22.0512E-06     60.7639E-06    -5.21350E-06
             193     9.41124E-03    -2.47570E-03    -8.61925E-03    -2.85498E-03     66.0276E-06    -17.6642E-06     63.0543E-06    -8.47230E-06
             194     9.00054E-03    -1.03038E-03    -8.29731E-03    -3.33205E-03     45.7286E-06    -29.1575E-06     35.1923E-06    -1.56349E-06
             195     9.39731E-03    -1.52633E-03    -8.68649E-03    -3.24419E-03     52.7082E-06    -25.0404E-06     46.2107E-06    -3.96245E-06
             196     9.00277E-03    -118.576E-36    -8.32593E-03    -3.42474E-03     31.9801E-06    -31.9801E-06     789.019E-36    -120.652E-39
             197     9.38986E-03    -515.034E-06    -8.72407E-03    -3.43436E-03     34.0489E-06    -29.5081E-06     16.9523E-06    -1.10394E-06
             198     9.89741E-03    -4.12218E-03    -8.94221E-03    -1.00162E-03     38.1242E-06    -2.56750E-06     30.8492E-06    -22.2529E-06
             199     10.3822E-03    -4.22180E-03    -9.47144E-03    -507.787E-06     25.8355E-06    -1.64511E-06     14.8602E-06    -21.0699E-06
             200     9.90156E-03    -4.29845E-03    -8.91988E-03     225.160E-36     24.3385E-06    -9.62938E-39     914.169E-36    -24.3385E-06
             201     9.88092E-03    -3.62925E-03    -8.99384E-03    -1.88999E-03     56.0283E-06    -6.72919E-06     52.9626E-06    -16.9956E-06
             202     10.3583E-03    -3.88680E-03    -9.48868E-03    -1.46726E-03     44.7353E-06    -5.58912E-06     40.4621E-06    -18.2436E-06
             203     9.85235E-03    -2.89667E-03    -9.05152E-03    -2.59769E-03     63.1119E-06    -12.8592E-06     60.8508E-06    -10.7206E-06
             204     10.3140E-03    -3.27153E-03    -9.51213E-03    -2.27922E-03     57.8606E-06    -10.7623E-06     55.1278E-06    -13.8905E-06
             205     9.82152E-03    -2.00517E-03    -9.10163E-03    -3.09869E-03     56.5595E-06    -19.7919E-06     52.7060E-06    -5.41642E-06
             206     10.2602E-03    -2.45500E-03    -9.53272E-03    -2.89356E-03     58.3300E-06    -16.4759E-06     55.1639E-06    -9.37487E-06
             207     9.79934E-03    -1.02266E-03    -9.13619E-03    -3.39283E-03     39.7218E-06    -25.3557E-06     30.5108E-06    -1.99983E-06
             208     10.2130E-03    -1.51433E-03    -9.54729E-03    -3.29581E-03     46.0953E-06    -21.3496E-06     40.5032E-06    -5.33584E-06
             209     9.79154E-03    -70.3999E-36    -9.14872E-03    -3.48930E-03     27.4896E-06    -27.4896E-06     663.742E-36              0.
             210     10.1859E-03    -510.941E-06    -9.55492E-03    -3.49226E-03     28.3844E-06    -24.1193E-06     14.8640E-06    -1.73030E-06
             211     10.8487E-03    -4.06934E-03    -10.0063E-03    -1.00351E-03     32.0730E-06    -4.00589E-06     27.0508E-06    -16.7597E-06
             212     11.3533E-03    -4.17469E-03    -10.5456E-03    -509.977E-06     19.3998E-06    -2.66467E-06     13.8121E-06    -13.3595E-06
             213     10.8664E-03    -4.23781E-03    -10.0060E-03    -100.354E-36     17.7152E-06    -26.8973E-39     773.754E-36    -17.7152E-06
             214     10.7980E-03    -3.59123E-03    -10.0038E-03    -1.90352E-03     49.6988E-06    -8.37740E-06     46.8664E-06    -14.2597E-06
             215     11.3035E-03    -3.84816E-03    -10.5251E-03    -1.47792E-03     40.7679E-06    -7.68735E-06     37.8341E-06    -13.0959E-06
             216     10.7264E-03    -2.87031E-03    -9.99570E-03    -2.62749E-03     56.8529E-06    -12.9748E-06     54.2633E-06    -10.9271E-06
             217     11.2174E-03    -3.24162E-03    -10.4889E-03    -2.30323E-03     54.6505E-06    -11.8715E-06     51.9217E-06    -12.2424E-06
             218     10.6539E-03    -1.98673E-03    -9.98445E-03    -3.14139E-03     50.7579E-06    -17.1542E-06     47.2084E-06    -7.31164E-06
             219     11.1182E-03    -2.43124E-03    -10.4463E-03    -2.92915E-03     55.2700E-06    -14.9103E-06     52.2110E-06    -10.3185E-06
             220     10.6008E-03    -1.01235E-03    -9.97511E-03    -3.44216E-03     34.1526E-06    -20.0912E-06     27.3750E-06    -3.65417E-06
             221     11.0325E-03    -1.49752E-03    -10.4085E-03    -3.33740E-03     42.4987E-06    -16.7720E-06     38.4141E-06    -7.01420E-06
             222     10.5814E-03     100.516E-36    -9.97157E-03    -3.54038E-03     21.1476E-06    -21.1476E-06     589.013E-36    -13.1132E-39
             223     10.9831E-03    -504.669E-06    -10.3863E-03    -3.53555E-03     22.7063E-06    -17.6191E-06     14.1029E-06    -2.50016E-06
             224     7.52591E-03     285.540E-36    -5.77733E-03    -4.82305E-03     106.523E-06     106.523E-06    -1.31054E-36    -137.849E-36
             225     6.97584E-03    -597.616E-06    -5.57505E-03    -4.15018E-03     80.3494E-06     78.7100E-06     16.0053E-06    -2.14249E-06
             226     7.23609E-03    -1.25278E-03    -5.53330E-03    -4.49156E-03     83.8072E-06     83.4625E-06     7.43752E-06     1.53235E-06
             227     7.78531E-03    -661.660E-06    -5.81838E-03    -5.13027E-03     114.569E-06     113.810E-06     11.5996E-06     6.24416E-06
             228     6.69149E-03    -860.093E-36    -5.53113E-03    -3.76600E-03     60.3549E-06     60.3549E-06     1.39151E-36    -737.105E-36
             229     6.58638E-03    -1.13969E-03    -5.40086E-03    -3.59336E-03     49.8647E-06     44.4461E-06     20.5867E-06    -9.33950E-06
             230     6.77116E-03    -1.80825E-03    -5.26724E-03    -3.85163E-03     71.8410E-06     54.9891E-06     45.4637E-06    -8.38880E-06
             231     6.95814E-03    -2.50421E-03    -5.01789E-03    -4.11892E-03     52.3404E-06     44.4120E-06     27.6030E-06    -2.27239E-06
             232     7.41144E-03    -1.96565E-03    -5.34825E-03    -4.73940E-03     90.4815E-06     83.9576E-06     32.6708E-06     8.40518E-06
             233     6.45784E-03    -2.26713E-03    -5.07442E-03    -3.28848E-03     48.5541E-06     17.9600E-06     42.6489E-06    -14.6973E-06
             234     6.57606E-03    -2.99626E-03    -4.74443E-03    -3.42890E-03     73.7718E-06     27.4476E-06     67.6803E-06    -10.4063E-06
             235     6.69699E-03    -3.68641E-03    -4.28515E-03    -3.59131E-03     52.8087E-06     11.1304E-06     51.5373E-06    -2.96365E-06
             236     7.07020E-03    -3.22095E-03    -4.60700E-03    -4.28822E-03     71.0141E-06     44.7872E-06     54.9211E-06     4.55966E-06
             237     6.32726E-03    -3.30281E-03    -4.60991E-03    -2.80614E-03     60.7661E-06    -1.79611E-06     59.5812E-06    -11.8060E-06
             238     6.37921E-03    -4.00743E-03    -4.11648E-03    -2.77297E-03     72.1413E-06     7.20833E-06     71.5995E-06    -5.08987E-06
             239     6.42452E-03    -4.71394E-03    -3.39513E-03    -2.74342E-03     60.7359E-06    -1.84741E-06     60.6693E-06     2.16366E-06
             240     6.73110E-03    -4.42166E-03    -3.58896E-03    -3.58831E-03     67.1782E-06     10.5332E-06     66.2612E-06     3.37897E-06
             241     6.19303E-03    -4.12229E-03    -4.12391E-03    -2.08655E-03     59.9091E-06    -8.67508E-06     59.2098E-06    -2.83539E-06
             242     6.07979E-03    -4.64333E-03    -3.75906E-03    -1.12816E-03     38.4853E-06    -6.66338E-06     37.2513E-06     7.00427E-06
             243     6.18697E-03    -4.70294E-03    -3.58129E-03    -1.82631E-03     54.7418E-06    -2.23971E-06     54.5656E-06     3.77340E-06
             244     6.03475E-03    -4.85659E-03    -3.58214E-03     1.13327E-33     11.6186E-06    -609.822E-36     720.925E-36     11.6186E-06
             245     6.06281E-03    -5.07924E-03    -3.24759E-03    -641.958E-06     23.4093E-06    -1.98778E-06     20.4673E-06     11.1863E-06
             246     6.14476E-03    -5.22583E-03    -2.92252E-03    -1.38118E-03     38.8546E-06    -3.53675E-06     37.6091E-06     9.09546E-06
             247     6.33199E-03    -5.23026E-03    -2.71998E-03    -2.31088E-03     54.2315E-06    -3.84812E-06     53.7627E-06     5.98485E-06
             248     6.05581E-03    -5.44661E-03    -2.64714E-03    -864.960E-36     12.1537E-06    -384.971E-36     702.225E-36     12.1537E-06
             249     6.08834E-03    -5.58592E-03    -2.30466E-03    -744.219E-06     21.6059E-06    -4.01221E-06     18.5298E-06     10.3617E-06
             250     6.06538E-03    -5.84425E-03    -1.62285E-03    -2.01217E-33     8.53548E-06    -219.561E-36     708.763E-36     8.53548E-06
             251     6.09829E-03    -5.93599E-03    -1.17691E-03    -753.706E-06     19.0354E-06    -3.29310E-06     17.7368E-06     6.07525E-06
             252     6.18321E-03    -5.69942E-03    -1.87305E-03    -1.49679E-03     37.0903E-06    -2.50474E-06     36.2214E-06     7.57798E-06
             253     6.06907E-03    -6.04440E-03    -546.635E-06    -2.58311E-33     3.05424E-06    -72.0341E-36     716.572E-36     3.05424E-06
             254     6.09915E-03    -6.05473E-03    -38.4001E-36    -734.788E-06     17.3860E-06    -127.465E-39     17.3860E-06    -78.8224E-36
             255     6.19084E-03    -5.97506E-03    -635.337E-06    -1.49044E-03     34.7993E-06    -1.58788E-06     34.6295E-06     3.04387E-06
             256     6.34821E-03    -5.76930E-03    -1.35544E-03    -2.27548E-03     51.3513E-06    -3.55886E-06     50.9623E-06     5.20994E-06
             257     6.57830E-03    -5.35823E-03    -2.23291E-03    -3.09477E-03     64.9001E-06    -2.33299E-06     64.5242E-06     6.57255E-06
             258     6.33630E-03    -5.94045E-03     92.8226E-36    -2.20449E-03     49.8345E-06    -498.066E-39     49.8345E-06    -74.8132E-36
             259     6.55945E-03    -5.78836E-03    -728.696E-06    -2.99838E-03     64.8380E-06    -2.88326E-06     64.6941E-06     3.21358E-06
             260     6.80163E-03    -5.72410E-03     222.369E-36    -3.67379E-03     77.5219E-06     402.736E-39     77.5219E-06     14.9241E-36
             261     7.16043E-03    -5.51535E-03    -731.374E-06    -4.50752E-03     89.8454E-06    -3.49399E-06     89.5700E-06     6.10014E-06
             262     6.85717E-03    -5.51103E-03    -1.44954E-03    -3.81421E-03     77.7580E-06     454.743E-09     77.3879E-06     7.56444E-06
             263     7.47081E-03    -5.41942E-03     230.360E-36    -5.14227E-03     101.462E-06     253.082E-39     101.462E-06     277.179E-36
             264     7.93755E-03    -5.16999E-03    -723.818E-06    -5.97930E-03     111.834E-06    -2.84228E-06     111.033E-06     13.0564E-06
             265     7.58160E-03    -5.20437E-03    -1.44731E-03    -5.31982E-03     98.9290E-06     2.92611E-06     97.2331E-06     18.0032E-06
             266     8.30875E-03    -5.03569E-03     85.1102E-36    -6.60887E-03     123.021E-06     105.647E-39     123.021E-06     754.177E-36
             267     8.85381E-03    -4.75629E-03    -722.341E-06    -7.43275E-03     132.798E-06    -1.88835E-06     130.663E-06     23.6413E-06
             268     8.45235E-03    -4.84536E-03    -1.44290E-03    -6.77368E-03     120.592E-06     4.63082E-06     115.007E-06     35.9762E-06
             269     9.28076E-03    -4.57945E-03    -198.600E-36    -8.07225E-03     142.475E-06     156.724E-39     142.475E-06     1.41219E-33
             270     9.88179E-03    -4.27942E-03    -726.094E-06    -8.87745E-03     152.354E-06    -1.11437E-06     147.863E-06     36.6991E-06
             271     9.43681E-03    -4.43019E-03    -1.45059E-03    -8.20504E-03     144.539E-06     6.10237E-06     131.581E-06     59.5045E-06
             272     10.3592E-03    -4.06061E-03    -627.122E-36    -9.53017E-03     158.608E-06     168.392E-39     158.608E-06     2.18243E-33
             273     10.9997E-03    -3.75023E-03    -733.040E-06    -10.3146E-03     169.339E-06    -763.480E-09     161.553E-06     50.7532E-06
             274     10.5138E-03    -3.96269E-03    -1.46716E-03    -9.62732E-03     169.938E-06     7.59017E-06     146.196E-06     86.3015E-06
             275     11.5218E-03    -3.49492E-03    -1.22146E-33    -10.9789E-03     170.715E-06     148.839E-39     170.715E-06     2.95063E-33
             276     12.1875E-03    -3.18332E-03    -742.313E-06    -11.7410E-03     184.283E-06    -1.36153E-06     172.919E-06     63.6994E-06
             277     11.6649E-03    -3.45160E-03    -1.48951E-03    -11.0426E-03     195.476E-06     8.47322E-06     159.061E-06     113.308E-06
             278     12.7474E-03    -2.89803E-03    -1.86109E-33    -12.4136E-03     182.114E-06     118.174E-39     182.114E-06     3.52384E-33
             279     13.4249E-03    -2.58353E-03    -750.249E-06    -13.1526E-03     202.643E-06    -4.21185E-06     189.204E-06     72.4454E-06
             280     12.8709E-03    -2.90181E-03    -1.51286E-03    -12.4479E-03     221.380E-06     6.38110E-06     174.674E-06     135.858E-06
             281     14.0157E-03    -2.26449E-03    -1.95774E-33    -13.8316E-03     203.968E-06     94.5118E-39     203.968E-06     3.64460E-33
             282     14.6948E-03    -1.91870E-03    -745.949E-06    -14.5499E-03     236.990E-06    -11.0838E-06     225.071E-06     73.3792E-06
             283     14.1120E-03    -2.29413E-03    -1.52214E-03    -13.8409E-03     251.855E-06    -3.17360E-06     204.316E-06     147.228E-06
             284     15.3156E-03    -1.53418E-03    -136.065E-36    -15.2386E-03     252.910E-06    -10.1859E-39     252.910E-06     3.16866E-33
             285     15.9982E-03    -1.09463E-03    -709.837E-06    -15.9449E-03     299.623E-06    -22.0528E-06     291.623E-06     65.1435E-06
             286     15.3762E-03    -1.56052E-03    -1.48543E-03    -15.2245E-03     297.805E-06    -24.2938E-06     261.317E-06     140.752E-06
             287     16.6668E-03    -583.788E-06     5.41922E-33    -16.6566E-03     326.712E-06    -198.705E-39     326.712E-06     2.57270E-33
             288     17.3768E-03    -917.602E-36    -626.749E-06    -17.3654E-03     361.447E-06    -30.4175E-06     355.652E-06     56.8368E-06
             289     16.6817E-03    -591.086E-06    -1.36160E-03    -16.6156E-03     361.183E-06    -51.7817E-06     337.919E-06     116.544E-06
             290     7.26879E-03    -5.10444E-03    -2.16907E-03    -4.69842E-03     83.3356E-06     1.45556E-06     81.5979E-06     16.8670E-06
             291     6.91069E-03    -4.86340E-03    -2.91006E-03    -3.95430E-03     71.4024E-06     6.13989E-06     70.4399E-06     9.94094E-06
             292     8.09462E-03    -4.81446E-03    -2.14389E-03    -6.14391E-03     103.320E-06     5.53309E-06     95.6535E-06     38.6630E-06
             293     7.73846E-03    -4.64902E-03    -2.83984E-03    -5.49598E-03     86.8203E-06     14.2414E-06     78.9256E-06     33.2518E-06
             294     9.03613E-03    -4.47469E-03    -2.15923E-03    -7.54762E-03     129.643E-06     8.44078E-06     109.351E-06     69.1263E-06
             295     8.65420E-03    -4.39404E-03    -2.84798E-03    -6.89033E-03     112.880E-06     19.6703E-06     88.3138E-06     67.4954E-06
             296     10.0745E-03    -4.08705E-03    -2.19512E-03    -8.94279E-03     161.949E-06     9.92251E-06     122.381E-06     105.603E-06
             297     9.66259E-03    -4.09438E-03    -2.90478E-03    -8.25614E-03     149.806E-06     24.1743E-06     99.0137E-06     109.790E-06
             298     11.1907E-03    -3.65550E-03    -2.24019E-03    -10.3369E-03     198.008E-06     9.54118E-06     134.585E-06     144.924E-06
             299     10.7507E-03    -3.75530E-03    -2.98368E-03    -9.62150E-03     194.680E-06     27.9156E-06     110.766E-06     157.645E-06
             300     12.3651E-03    -3.18111E-03    -2.28954E-03    -11.7275E-03     235.636E-06     5.27503E-06     148.968E-06     182.497E-06
             301     11.9002E-03    -3.37577E-03    -3.07230E-03    -10.9900E-03     244.287E-06     29.0299E-06     125.452E-06     207.594E-06
             302     13.5777E-03    -2.64791E-03    -2.32775E-03    -13.1119E-03     273.854E-06    -7.49822E-06     174.627E-06     210.820E-06
             303     13.0907E-03    -2.94051E-03    -3.15615E-03    -12.3596E-03     295.513E-06     22.0288E-06     150.067E-06     253.619E-06
             304     14.8085E-03    -2.00166E-03    -2.31734E-03    -14.4885E-03     316.237E-06    -34.2519E-06     225.198E-06     219.359E-06
             305     14.2990E-03    -2.40151E-03    -3.19681E-03    -13.7286E-03     346.625E-06    -2.56463E-06     197.310E-06     284.975E-06
             306     16.0544E-03    -1.14484E-03    -2.19799E-03    -15.8620E-03     372.597E-06    -73.6346E-06     305.114E-06     200.777E-06
             307     15.5049E-03    -1.66503E-03    -3.12223E-03    -15.0957E-03     401.384E-06    -52.4712E-06     276.175E-06     286.502E-06
             308     17.3607E-03    -1.15444E-33    -1.92482E-03    -17.2537E-03     427.082E-06    -103.102E-06     374.151E-06     178.270E-06
             309     16.7213E-03    -629.381E-06    -2.84639E-03    -16.4652E-03     457.749E-06    -117.285E-06     365.732E-06     249.034E-06
             310     17.3680E-03    -2.23522E-33    -3.39053E-03    -17.0338E-03     552.599E-06    -203.984E-06     395.620E-06     327.476E-06
             311     16.8791E-03    -669.808E-06    -4.61331E-03    -16.2226E-03     606.552E-06    -187.386E-06     397.474E-06     418.098E-06
             312     16.2068E-03    -1.22616E-03    -3.89755E-03    -15.6833E-03     491.843E-06    -137.080E-06     314.034E-06     352.848E-06
             313     17.5145E-03    -7.01147E-33    -5.28303E-03    -16.6987E-03     709.431E-06    -298.093E-06     380.845E-06     519.028E-06
             314     17.2866E-03    -699.780E-06    -6.89499E-03    -15.8365E-03     755.700E-06    -178.280E-06     408.632E-06     610.180E-06
             315     16.5549E-03    -1.27484E-03    -5.95664E-03    -15.3934E-03     612.598E-06    -168.666E-06     289.744E-06     512.714E-06
             316     18.0587E-03    -18.6583E-33    -7.98241E-03    -16.1987E-03     722.508E-06    -197.370E-06     262.969E-06     643.359E-06
             317     18.0135E-03    -558.606E-06    -9.55852E-03    -15.2581E-03     667.485E-06     23.7483E-06     318.817E-06     585.942E-06
             318     17.1590E-03    -1.14459E-03    -8.38706E-03    -14.9257E-03     614.884E-06    -71.3760E-06     213.120E-06     572.335E-06
             319     18.9830E-03    -15.2393E-33    -10.7576E-03    -15.6406E-03     386.641E-06     171.085E-06     76.7719E-06     338.123E-06
             320     18.5122E-03     30.7700E-33    -10.9706E-03    -14.9112E-03     194.465E-06     194.465E-06     1.75260E-36     14.1896E-33
             321     17.8064E-03    -508.477E-06    -10.4086E-03    -14.4386E-03     318.709E-06     120.291E-06     79.7292E-06     284.163E-06
             322     15.8108E-03    -1.74315E-03    -5.03110E-03    -14.8872E-03     519.170E-06    -73.4594E-06     279.729E-06     431.153E-06
             323     15.0574E-03    -2.10823E-03    -4.10461E-03    -14.3330E-03     420.045E-06    -48.6249E-06     214.532E-06     357.840E-06
             324     16.3328E-03    -1.65411E-03    -7.26006E-03    -14.5367E-03     576.499E-06    -40.7579E-06     237.097E-06     523.903E-06
             325     15.5108E-03    -2.08015E-03    -6.16826E-03    -14.0787E-03     495.686E-06    -24.8587E-06     183.753E-06     459.698E-06
             326     16.9946E-03    -1.11213E-03    -9.45591E-03    -14.0772E-03     442.510E-06     83.2726E-06     133.670E-06     413.537E-06
             327     16.1368E-03    -1.67811E-03    -8.34798E-03    -13.7073E-03     465.141E-06     68.0924E-06     130.753E-06     441.161E-06
             328     17.4012E-03     10.4404E-33    -10.5048E-03    -13.8727E-03     173.365E-06     173.365E-06    -505.267E-39     10.5853E-33
             329     16.7056E-03    -671.801E-06    -9.96189E-03    -13.3935E-03     269.955E-06     177.501E-06     50.9986E-06     196.897E-06
             330     14.6863E-03    -2.41811E-03    -5.10427E-03    -13.5568E-03     429.565E-06     12.9843E-06     173.665E-06     392.680E-06
             331     13.8803E-03    -2.69239E-03    -4.09462E-03    -12.9865E-03     356.008E-06     9.80085E-06     146.165E-06     324.471E-06
             332     15.2559E-03    -2.14496E-03    -7.19215E-03    -13.2821E-03     446.131E-06     66.7462E-06     121.626E-06     424.011E-06
             333     14.3780E-03    -2.52196E-03    -6.05654E-03    -12.7939E-03     403.578E-06     62.0308E-06     109.810E-06     383.366E-06
             334     15.8842E-03    -1.33680E-03    -9.06407E-03    -12.9755E-03     345.874E-06     161.847E-06     54.0270E-06     300.858E-06
             335     14.9966E-03    -1.91052E-03    -7.99716E-03    -12.5416E-03     375.316E-06     148.821E-06     72.9423E-06     336.740E-06
             336     16.2793E-03     2.73289E-33    -9.92791E-03    -12.9016E-03     217.266E-06     217.266E-06     2.09742E-36     7.57284E-33
             337     15.5381E-03    -732.360E-06    -9.35834E-03    -12.3821E-03     267.095E-06     223.654E-06     31.5528E-06     142.558E-06
             338     13.5157E-03    -2.83026E-03    -4.97520E-03    -12.2438E-03     353.632E-06     56.7477E-06     110.815E-06     330.992E-06
             339     12.6928E-03    -3.10259E-03    -3.97953E-03    -11.6466E-03     295.045E-06     36.1563E-06     109.995E-06     271.377E-06
             340     14.0919E-03    -2.38249E-03    -6.87941E-03    -12.0656E-03     360.159E-06     120.069E-06     61.5186E-06     333.936E-06
             341     13.1999E-03    -2.77078E-03    -5.79097E-03    -11.5337E-03     329.089E-06     96.9401E-06     70.8291E-06     306.408E-06
             342     14.6936E-03    -1.41653E-03    -8.50466E-03    -11.8982E-03     301.026E-06     200.845E-06     20.0304E-06     223.331E-06
             343     13.7993E-03    -2.00656E-03    -7.51240E-03    -11.4000E-03     313.869E-06     175.706E-06     41.9836E-06     256.669E-06
             344     15.1071E-03     139.480E-36    -9.26299E-03    -11.9341E-03     242.192E-06     242.192E-06     12.0153E-39     5.35705E-33
             345     14.3312E-03    -748.044E-06    -8.69514E-03    -11.3674E-03     258.848E-06     235.475E-06     20.1367E-06     105.585E-06
             346     12.3364E-03    -3.10848E-03    -4.76727E-03    -10.9452E-03     284.623E-06     70.0900E-06     80.1085E-06     263.970E-06
             347     11.5244E-03    -3.42669E-03    -3.83427E-03    -10.3135E-03     236.120E-06     43.3190E-06     92.6016E-06     212.841E-06
             348     12.9006E-03    -2.50555E-03    -6.48263E-03    -10.8684E-03     292.536E-06     133.566E-06     35.0598E-06     257.892E-06
             349     12.0230E-03    -2.93382E-03    -5.48575E-03    -10.2884E-03     263.060E-06     102.441E-06     53.3891E-06     236.339E-06
             350     13.4814E-03    -1.44099E-03    -7.90809E-03    -10.8229E-03     264.163E-06     203.804E-06     6.61311E-06     167.936E-06
             351     12.5999E-03    -2.05008E-03    -7.01282E-03    -10.2652E-03     261.122E-06     172.018E-06     28.0375E-06     194.444E-06
             352     13.9212E-03    -410.976E-36    -8.59101E-03    -10.9542E-03     239.482E-06     239.482E-06     54.5026E-39     3.82961E-33
             353     13.1296E-03    -748.738E-06    -8.05542E-03    -10.3410E-03     237.007E-06     222.862E-06     14.4197E-06     79.3529E-06
             354     11.1810E-03    -3.32583E-03    -4.54940E-03    -9.65689E-03     221.416E-06     68.2877E-06     65.6057E-06     200.144E-06
             355     10.3986E-03    -3.70558E-03    -3.69375E-03    -8.98646E-03     181.624E-06     42.1307E-06     82.7229E-06     156.106E-06
             356     11.7242E-03    -2.58454E-03    -6.08860E-03    -9.68024E-03     233.708E-06     127.142E-06     24.7923E-06     194.524E-06
             357     10.8762E-03    -3.06149E-03    -5.19400E-03    -9.05217E-03     204.558E-06     95.9233E-06     46.0428E-06     174.707E-06
             358     12.2879E-03    -1.44771E-03    -7.34737E-03    -9.74228E-03     226.688E-06     188.352E-06     2.40176E-06     126.117E-06
             359     11.4285E-03    -2.07714E-03    -6.55155E-03    -9.13096E-03     214.208E-06     156.445E-06     22.6398E-06     144.561E-06
             360     12.7544E-03    -279.263E-36    -7.96754E-03    -9.95953E-03     220.534E-06     220.534E-06    -98.3253E-39     2.77725E-33
             361     11.9591E-03    -745.997E-06    -7.47830E-03    -9.30255E-03     209.323E-06     200.348E-06     11.7425E-06     59.4900E-06
             362     10.0722E-03    -3.51134E-03    -4.35129E-03    -8.37769E-03     165.181E-06     61.1121E-06     57.4516E-06     142.300E-06
             363     9.33637E-03    -3.95193E-03    -3.57237E-03    -7.66735E-03     134.250E-06     37.7680E-06     75.2549E-06     104.562E-06
             364     10.5869E-03    -2.64546E-03    -5.73327E-03    -8.49784E-03     182.537E-06     114.155E-06     20.6533E-06     140.933E-06
             365     9.78050E-03    -3.16882E-03    -4.93817E-03    -7.82504E-03     154.339E-06     86.1194E-06     42.7373E-06     120.738E-06
             366     11.1331E-03    -1.44832E-03    -6.84946E-03    -8.65638E-03     191.704E-06     167.744E-06     1.39341E-06     92.7935E-06
             367     10.3026E-03    -2.09471E-03    -6.14704E-03    -7.99808E-03     174.264E-06     139.133E-06     20.9302E-06     102.820E-06
             368     11.6228E-03    -19.4333E-36    -7.41278E-03    -8.95207E-03     196.603E-06     196.603E-06    -145.952E-39     2.02358E-33
             369     10.8305E-03    -740.616E-06    -6.97156E-03    -8.25521E-03     182.751E-06     177.210E-06     10.5097E-06     43.4055E-06
             370     9.03154E-03    -3.66646E-03    -4.19457E-03    -7.10854E-03     117.325E-06     52.3468E-06     51.8754E-06     91.2901E-06
             371     8.35862E-03    -4.16124E-03    -3.49345E-03    -6.35189E-03     97.1216E-06     31.5668E-06     69.2638E-06     60.3214E-06
             372     9.50812E-03    -2.68454E-03    -5.43528E-03    -7.32498E-03     138.981E-06     100.272E-06     18.3552E-06     94.4683E-06
             373     8.75855E-03    -3.24363E-03    -4.74232E-03    -6.61071E-03     113.470E-06     75.5467E-06     41.8828E-06     73.5792E-06
             374     10.0293E-03    -1.43744E-03    -6.41897E-03    -7.57089E-03     161.687E-06     148.216E-06     1.01315E-06     64.6028E-06
             375     9.23892E-03    -2.08836E-03    -5.80869E-03    -6.87426E-03     141.478E-06     123.135E-06     21.2403E-06     66.3532E-06
             376     10.5308E-03     201.923E-36    -6.92440E-03    -7.93407E-03     173.972E-06     173.972E-06    -121.217E-39     1.43837E-33
             377     9.75031E-03    -726.637E-06    -6.52934E-03    -7.20474E-03     159.796E-06     156.740E-06     9.92965E-06     29.4728E-06
             378     8.08512E-03    -3.77182E-03    -4.10977E-03    -5.85255E-03     80.2497E-06     41.8567E-06     48.6837E-06     48.1450E-06
             379     7.48550E-03    -4.31591E-03    -3.49336E-03    -5.02016E-03     74.3626E-06     22.8219E-06     66.0556E-06     25.4089E-06
             380     8.51375E-03    -2.68084E-03    -5.21068E-03    -6.17623E-03     102.794E-06     85.7175E-06     17.5214E-06     53.9648E-06
             381     7.84122E-03    -3.25949E-03    -4.63205E-03    -5.42259E-03     84.3717E-06     62.8425E-06     45.0091E-06     33.8170E-06
             382     8.99123E-03    -1.40296E-03    -6.05396E-03    -6.49796E-03     136.224E-06     130.277E-06     970.699E-09     39.7986E-06
             383     8.26281E-03    -2.03979E-03    -5.54324E-03    -5.77804E-03     114.391E-06     106.364E-06     24.3793E-06     34.3166E-06
             384     9.47883E-03     367.912E-36    -6.49189E-03    -6.90677E-03     153.996E-06     153.996E-06    -200.545E-39     925.516E-36
             385     8.72839E-03    -697.876E-06    -6.14486E-03    -6.15942E-03     138.700E-06     137.291E-06     9.97931E-06     17.0079E-06
             386     7.26813E-03    -3.80847E-03    -4.11788E-03    -4.62217E-03     58.8315E-06     27.2833E-06     49.9282E-06     14.9646E-06
             387     7.63951E-03    -2.63003E-03    -5.06254E-03    -5.08092E-03     73.2272E-06     67.2102E-06     20.6914E-06     20.4174E-06
             388     8.04254E-03    -1.34578E-03    -5.75253E-03    -5.45708E-03     111.597E-06     110.061E-06     2.84173E-06     18.2320E-06
             389     8.47137E-03     450.431E-36    -6.10789E-03    -5.87007E-03     133.628E-06     133.628E-06     290.122E-39     423.600E-36


  Minimum            6.01687E-03    -6.06956E-03    -11.2600E-03    -17.3798E-03              0.    -298.093E-06    -15.2375E-36    -26.3329E-06
         At Node               1               5               7               6               5             313               7             187

  Maximum            19.2034E-03     30.7700E-33     5.41922E-33     2.02142E-33     774.030E-06     269.763E-06     412.206E-06     643.359E-06
         At Node               7             320             287             143              56               7              55             316

           Total         4.00139        -1.03617        -2.10724        -2.57823     60.8732E-03     9.66226E-03     31.6026E-03     29.6798E-03


