********************************************************************************
Field Output Report, written Sat Dec 10 16:57:10 2016

Source 1
---------

   ODB: C:/SIMULIA/DynamicAnalysisStep.odb
   Step: StepForDynamicAnalysis
   Frame: Increment    200: Step Time =   2.0000E-02

Loc 1 : Nodal values from source 1

Output sorted by column "Node Label".

Field Output reported at nodes for part: LARGEPIPE-1

      Node Label     U.Magnitude            U.U1            U.U2            U.U3    UR.Magnitude          UR.UR1          UR.UR2          UR.UR3
                          @Loc 1          @Loc 1          @Loc 1          @Loc 1          @Loc 1          @Loc 1          @Loc 1          @Loc 1
-------------------------------------------------------------------------------------------------------------------------------------------------
               1     89.8080E-03     58.5616E-03    -68.0882E-03    -41.0267E-33     12.4348E-03    -1.87471E-30     1.92929E-30     12.4348E-03
               2     114.770E-03     31.7489E-33    -110.604E-03    -30.6399E-03     1.05610E-03    -1.05610E-03    -14.9131E-33     5.51945E-30
               3     118.127E-03    -96.1242E-36    -115.269E-03     25.8240E-03     5.29265E-03     5.29265E-03     60.2782E-36    -146.968E-39
               4     86.7531E-03    -19.8404E-03    -84.4539E-03     82.9090E-36     4.31862E-03    -295.905E-39     63.9200E-36     4.31862E-03
               5     156.992E-03     156.992E-03     54.1128E-36     133.928E-36              0.    -1.32519E-36     130.491E-36    -317.627E-36
               6     141.462E-03    -139.852E-03     20.1662E-36     21.2824E-03     9.70839E-03    -2.65378E-36    -9.70839E-03     1.65957E-33
               7     144.027E-03    -103.695E-36     139.559E-03    -35.5933E-03     9.64795E-03    -9.64795E-03    -4.97089E-36     1.16578E-33
               8     88.6371E-03     52.2157E-03    -71.5632E-03    -2.96107E-03     12.0821E-03    -619.233E-06    -1.95131E-03     11.9074E-03
               9     88.9920E-03     37.7300E-03    -80.1910E-03    -8.08788E-03     10.9399E-03    -1.08812E-03    -3.21213E-03     10.4009E-03
              10     94.7463E-03     22.4572E-03    -90.7771E-03    -15.2334E-03     8.98466E-03    -1.27570E-03    -3.50137E-03     8.17540E-03
              11     103.831E-03     10.7402E-03    -100.739E-03    -22.7412E-03     6.38032E-03    -1.24351E-03    -2.90624E-03     5.54219E-03
              12     111.703E-03     3.75078E-03    -107.943E-03    -28.4905E-03     3.41627E-03    -1.12450E-03    -1.65440E-03     2.76937E-03
              13     114.209E-03    -1.85588E-33    -111.178E-03    -26.1388E-03     2.86518E-03     2.86518E-03    -1.40799E-30     5.16575E-33
              14     112.766E-03    -8.34608E-33    -111.536E-03    -16.6110E-03     4.61689E-03     4.61689E-03    -203.969E-33     33.1880E-33
              15     112.257E-03    -7.91325E-33    -112.116E-03    -5.63802E-03     5.14257E-03     5.14257E-03     821.698E-33     17.6959E-33
              16     113.124E-03    -7.42148E-33    -113.003E-03     5.23851E-03     5.13995E-03     5.13995E-03     1.63910E-30     18.0236E-33
              17     115.177E-03    -9.32324E-33    -114.112E-03     15.6263E-03     5.09597E-03     5.09597E-03     2.31942E-30     13.0262E-33
              18     115.699E-03    -1.28315E-03    -113.195E-03     23.9049E-03     5.05365E-03     4.92451E-03     1.05227E-03     425.837E-06
              19     109.253E-03    -3.93637E-03    -107.537E-03     18.8861E-03     4.48523E-03     3.95386E-03     1.82032E-03     1.08202E-03
              20     100.962E-03    -8.38543E-03    -99.8241E-03     12.5787E-03     3.98677E-03     2.71128E-03     2.09839E-03     2.03471E-03
              21     93.4010E-03    -13.7250E-03    -92.1302E-03     6.88441E-03     3.92336E-03     1.54981E-03     1.81430E-03     3.11434E-03
              22     88.4330E-03    -18.1309E-03    -86.5091E-03     2.80195E-03     4.17232E-03     662.643E-06     1.04645E-03     3.98423E-03
              23     82.4878E-03    -8.81441E-03    -82.0155E-03     8.00791E-33     4.05373E-03     20.9016E-33     2.65503E-30     4.05373E-03
              24     79.6461E-03     2.21775E-03    -79.6153E-03    -2.19859E-33     3.97473E-03     26.2569E-33     1.32630E-30     3.97473E-03
              25     78.1082E-03     13.0251E-03    -77.0146E-03    -11.9561E-33     4.01212E-03     28.3683E-33     222.146E-33     4.01212E-03
              26     77.9348E-03     23.9044E-03    -74.1783E-03    -23.8163E-33     4.66248E-03     39.2377E-33    -344.206E-33     4.66248E-03
              27     80.3139E-03     37.2157E-03    -71.1710E-03    -35.6504E-33     6.99646E-03     51.3364E-33    -149.388E-33     6.99646E-03
              28     122.131E-03    -6.74775E-33     116.783E-03    -35.7468E-03     8.38359E-03    -8.38359E-03    -8.36146E-33     566.076E-33
              29     102.321E-03    -4.12329E-33     95.8481E-03    -35.8148E-03     7.95643E-03    -7.95643E-03    -7.16317E-33     892.071E-33
              30     83.1909E-03    -1.73885E-33     75.1054E-03    -35.7757E-03     7.96283E-03    -7.96283E-03    -7.05572E-33     1.22194E-30
              31     64.6832E-03    -158.618E-36     53.9799E-03    -35.6383E-03     8.11259E-03    -8.11259E-03    -7.65236E-33     1.51310E-30
              32     47.9675E-03     783.099E-36     32.3682E-03    -35.4003E-03     8.28382E-03    -8.28382E-03    -8.89177E-33     1.75177E-30
              33     36.5347E-03     1.27232E-33     10.3142E-03    -35.0486E-03     8.43870E-03    -8.43870E-03    -11.6973E-33     1.93329E-30
              34     36.6346E-03     1.34728E-33    -12.1231E-03    -34.5705E-03     8.56626E-03    -8.56626E-03    -17.5839E-33     2.07021E-30
              35     48.6828E-03     907.142E-36    -34.8737E-03    -33.9683E-03     8.62855E-03    -8.62855E-03    -23.5827E-33     2.20918E-30
              36     66.6195E-03    -211.730E-36    -57.7161E-03    -33.2718E-03     8.48351E-03    -8.48351E-03    -27.7067E-33     2.46501E-30
              37     86.2397E-03    -3.34934E-33    -79.8657E-03    -32.5386E-03     7.77021E-03    -7.77021E-03    -29.7142E-33     7.70750E-30
              38     104.182E-03     237.032E-36    -99.2119E-03    -31.7960E-03     5.73163E-03    -5.73163E-03    -92.1208E-33     4.10098E-30
              39     97.4522E-03     89.7381E-03    -38.0000E-03     1.98503E-33     15.1155E-03     648.308E-33    -610.214E-33     15.1155E-03
              40     124.166E-03     123.147E-03    -15.8716E-03     34.7467E-33     12.2780E-03     1.84850E-30    -3.91464E-30     12.2780E-03
              41     147.972E-03     147.904E-03    -4.50992E-03     47.9832E-33     6.74041E-03     1.20014E-30    -5.38797E-30     6.74041E-03
              42     151.775E-03     151.672E-03    -26.9436E-33     5.59967E-03     2.97351E-03    -42.7559E-33    -2.97351E-03     12.4956E-30
              43     137.258E-03     136.858E-03    -20.7950E-33     10.4644E-03     5.38555E-03     50.1716E-33    -5.38555E-03     10.5546E-30
              44     116.001E-03     115.119E-03    -14.8494E-33     14.2704E-03     6.99104E-03     144.343E-33    -6.99104E-03     8.56072E-30
              45     90.7398E-03     89.1265E-03    -10.3462E-33     17.0346E-03     7.91987E-03     82.0203E-33    -7.91987E-03     7.11389E-30
              46     63.7301E-03     60.8557E-03    -7.29574E-33     18.9238E-03     8.38519E-03     46.0902E-33    -8.38519E-03     5.95790E-30
              47     37.4579E-03     31.5775E-03    -4.99798E-33     20.1482E-03     8.56129E-03     18.8381E-33    -8.56129E-03     4.95305E-30
              48     20.9962E-03     2.07866E-03    -3.22646E-33     20.8931E-03     8.54913E-03     5.58213E-33    -8.54913E-03     4.04521E-30
              49     34.4879E-03    -27.1158E-03    -1.60163E-33     21.3108E-03     8.40648E-03    -1.27640E-33    -8.40648E-03     3.20102E-30
              50     59.6422E-03    -55.6268E-03     510.809E-36     21.5141E-03     8.18254E-03    -5.58161E-33    -8.18254E-03     2.39176E-30
              51     86.0109E-03    -83.2624E-03     4.00714E-33     21.5694E-03     7.99672E-03    -10.0289E-33    -7.99672E-03     1.59890E-30
              52     112.561E-03    -110.491E-03     9.31220E-33     21.4878E-03     8.22859E-03    -14.1500E-33    -8.22859E-03     819.098E-33
              53     127.393E-03    -126.154E-03     3.05416E-03     17.4586E-03     11.0157E-03     71.0538E-06    -8.68032E-03    -6.78179E-03
              54     93.3723E-03    -91.2543E-03     18.4853E-03     7.02338E-03     13.2378E-03    -844.309E-06    -6.07386E-03    -11.7318E-03
              55     71.4919E-03    -50.1952E-03     50.3940E-03    -7.20978E-03     14.2000E-03    -3.07870E-03    -3.06280E-03    -13.5196E-03
              56     95.5912E-03    -18.3519E-03     91.3358E-03    -21.4159E-03     13.1940E-03    -6.06730E-03    -831.433E-06    -11.6866E-03
              57     129.976E-03    -3.02215E-03     125.990E-03    -31.7985E-03     10.9531E-03    -8.63384E-03     71.8495E-06    -6.73952E-03
              58     81.0768E-03     32.4591E-03    -74.2509E-03    -2.57993E-03     7.00176E-03     278.552E-06    -2.25020E-03     6.62447E-03
              59     85.1930E-03     21.7773E-03    -82.0532E-03    -7.13202E-03     6.68414E-03     624.032E-06    -3.57462E-03     5.61341E-03
              60     93.5653E-03     11.0420E-03    -91.9336E-03    -13.4450E-03     5.73668E-03     1.14376E-03    -3.74851E-03     4.18927E-03
              61     103.485E-03     3.71221E-03    -101.498E-03    -19.8405E-03     4.39859E-03     1.85821E-03    -2.98861E-03     2.63873E-03
              62     111.277E-03     506.986E-06    -108.551E-03    -24.4737E-03     3.27579E-03     2.56105E-03    -1.63398E-03     1.22553E-03
              63     79.6437E-03     20.5000E-03    -76.9454E-03    -1.51214E-03     4.76634E-03     631.804E-06    -1.83620E-03     4.35283E-03
              64     85.1915E-03     12.9585E-03    -84.0752E-03    -4.58555E-03     4.74047E-03     1.37436E-03    -2.84517E-03     3.53386E-03
              65     93.8937E-03     5.69475E-03    -93.2957E-03    -8.91719E-03     4.42749E-03     2.30541E-03    -2.87360E-03     2.45564E-03
              66     103.177E-03     1.20509E-03    -102.341E-03    -13.0475E-03     4.24878E-03     3.35858E-03    -2.19106E-03     1.40403E-03
              67     110.170E-03    -283.624E-06    -109.040E-03    -15.7340E-03     4.44657E-03     4.25522E-03    -1.14938E-03     586.541E-06
              68     80.2764E-03     10.9434E-03    -79.5259E-03    -415.668E-06     3.89681E-03     673.643E-06    -1.05006E-03     3.69171E-03
              69     86.3659E-03     6.44967E-03    -86.1075E-03    -1.72174E-03     3.60623E-03     1.52703E-03    -1.55990E-03     2.87050E-03
              70     94.8752E-03     2.38590E-03    -94.7781E-03    -3.56703E-03     3.52975E-03     2.61836E-03    -1.46581E-03     1.85868E-03
              71     103.494E-03     167.376E-06    -103.373E-03    -4.99749E-03     4.05482E-03     3.80590E-03    -1.01299E-03     964.676E-06
              72     109.888E-03    -344.581E-06    -109.746E-03    -5.56595E-03     4.80534E-03     4.76748E-03    -480.977E-06     362.014E-06
              73     81.9496E-03     1.49637E-03    -81.9343E-03     509.794E-06     3.70074E-03     629.561E-06    -156.686E-06     3.64343E-03
              74     88.1162E-03     134.783E-06    -88.1109E-03     960.413E-06     3.17021E-03     1.47903E-03    -110.307E-06     2.80188E-03
              75     96.3955E-03    -703.507E-06    -96.3777E-03     1.71291E-03     3.15351E-03     2.59774E-03     92.5079E-06     1.78544E-03
              76     104.675E-03    -732.138E-06    -104.628E-03     3.04899E-03     3.92399E-03     3.80792E-03     256.284E-06     911.998E-06
              77     110.833E-03    -366.843E-06    -110.739E-03     4.55236E-03     4.78698E-03     4.76984E-03     221.613E-06     338.671E-06
              78     84.6111E-03    -8.23554E-03    -84.1969E-03     1.45114E-03     3.84628E-03     626.174E-06     687.737E-06     3.73213E-03
              79     90.3988E-03    -6.55858E-03    -90.0870E-03     3.64026E-03     3.49269E-03     1.47242E-03     1.26277E-03     2.90453E-03
              80     98.3997E-03    -4.21706E-03    -98.0655E-03     6.92023E-03     3.56187E-03     2.58644E-03     1.56028E-03     1.88753E-03
              81     106.627E-03    -2.02660E-03    -106.051E-03     10.8748E-03     4.16992E-03     3.78651E-03     1.43537E-03     995.132E-06
              82     112.848E-03    -639.609E-06    -111.941E-03     14.2681E-03     4.82740E-03     4.73368E-03     864.230E-06     386.252E-06
              83     82.7971E-03     78.2000E-03    -27.0467E-03     2.93166E-03     13.6341E-03    -1.06894E-03    -3.47024E-03     13.1417E-03
              84     76.9126E-03     55.1687E-03    -53.5285E-03    -2.58224E-03     14.3129E-03    -1.71039E-03    -2.54252E-03     13.9811E-03
              85     63.0571E-03     32.7948E-03    -53.2931E-03    -7.78099E-03     12.3467E-03    -3.09018E-03    -2.28010E-03     11.7343E-03
              86     76.5075E-03     9.54684E-03    -73.2527E-03    -19.9071E-03     9.52963E-03    -5.06713E-03    -1.12391E-03     7.99217E-03
              87     87.7392E-03     1.16233E-03    -82.7742E-03    -29.0730E-03     7.77993E-03    -6.75793E-03    -327.643E-06     3.84063E-03
              88     110.418E-03     108.459E-03    -20.4738E-03     3.12384E-03     13.3728E-03    -312.638E-06    -2.24849E-03     13.1787E-03
              89     121.444E-03     120.972E-03    -5.71096E-03     9.04332E-03     9.19955E-03    -59.2069E-06    -4.96017E-03     7.74757E-03
              90     74.9549E-03    -73.0721E-03     15.1000E-03     7.11990E-03     11.7875E-03    -1.22251E-03    -5.46657E-03    -10.3715E-03
              91     57.5083E-03    -55.9315E-03     11.2880E-03     7.17344E-03     9.72537E-03    -1.27421E-03    -5.33328E-03    -8.03215E-03
              92     40.0664E-03    -38.6943E-03     7.52348E-03     7.17400E-03     7.87253E-03    -1.25333E-03    -5.40221E-03    -5.58766E-03
              93     22.5502E-03    -21.0599E-03     3.77611E-03     7.12271E-03     6.40586E-03    -1.22726E-03    -5.49229E-03    -3.06001E-03
              94     7.65435E-03    -3.08797E-03    -47.9762E-06     7.00366E-03     5.68208E-03    -1.21333E-03    -5.53245E-03    -453.802E-06
              95     16.9598E-03     15.0110E-03    -4.02636E-03     6.78933E-03     6.03948E-03    -1.21019E-03    -5.48736E-03     2.21351E-03
              96     34.5181E-03     32.9033E-03    -8.20677E-03     6.44377E-03     7.35082E-03    -1.20692E-03    -5.33295E-03     4.91301E-03
              97     51.9518E-03     50.0174E-03    -12.7847E-03     5.81414E-03     9.20899E-03    -1.19633E-03    -5.02347E-03     7.62490E-03
              98     68.0333E-03     65.2898E-03    -18.5480E-03     4.66356E-03     11.3514E-03    -1.19001E-03    -4.47023E-03     10.3660E-03
              99     102.619E-03     1.61505E-03    -98.4512E-03    -28.9034E-03     6.14460E-03    -4.84866E-03    -795.977E-06     3.68958E-03
             100     91.2470E-03     9.51485E-03    -88.3100E-03    -20.9002E-03     8.73171E-03    -3.88411E-03    -1.77430E-03     7.61632E-03
             101     76.8515E-03     28.4988E-03    -70.6044E-03    -10.4403E-03     12.0664E-03    -2.86174E-03    -2.43348E-03     11.4667E-03
             102     89.1223E-03     77.7846E-03    -43.4996E-03     369.011E-06     15.0799E-03    -792.826E-06    -1.73475E-03     14.9587E-03
             103     139.624E-03     139.428E-03    -5.37110E-03     5.09306E-03     8.04981E-03    -3.88725E-06    -2.82081E-03     7.53939E-03
             104     100.326E-03     99.4950E-03    -4.42736E-03     12.0997E-03     9.06933E-03    -126.608E-06    -6.33972E-03     6.48419E-03
             105     77.2471E-03     75.8540E-03    -3.15121E-03     14.2603E-03     8.63171E-03    -162.306E-06    -7.12034E-03     4.87657E-03
             106     53.1812E-03     50.7672E-03    -2.08734E-03     15.7028E-03     8.18514E-03    -187.428E-06    -7.51975E-03     3.22719E-03
             107     30.0234E-03     24.9702E-03    -1.18911E-03     16.6276E-03     7.84713E-03    -207.214E-06    -7.68210E-03     1.58739E-03
             108     17.2252E-03    -977.988E-06    -403.803E-06     17.1926E-03     7.68764E-03    -227.572E-06    -7.68424E-03    -24.1011E-06
             109     31.8967E-03    -26.6580E-03     316.031E-06     17.5115E-03     7.74164E-03    -254.173E-06    -7.57162E-03    -1.59341E-03
             110     54.7031E-03    -51.7615E-03     1.03007E-03     17.6668E-03     8.02262E-03    -288.455E-06    -7.38965E-03    -3.11003E-03
             111     78.2048E-03    -76.1528E-03     1.80536E-03     17.7056E-03     8.57244E-03    -315.329E-06    -7.24583E-03    -4.57005E-03
             112     101.834E-03    -100.261E-03     2.63413E-03     17.6326E-03     9.55302E-03    -269.846E-06    -7.46171E-03    -5.95904E-03
             113     58.3446E-03    -40.9396E-03     40.9474E-03    -7.16576E-03     12.8647E-03    -3.08529E-03    -3.09820E-03    -12.0989E-03
             114     79.2975E-03    -15.4297E-03     74.7671E-03    -21.4453E-03     12.0008E-03    -5.47391E-03    -1.20531E-03    -10.6115E-03
             115     109.074E-03    -2.74410E-03     104.264E-03    -31.9159E-03     9.76069E-03    -7.53220E-03    -238.571E-06    -6.20323E-03
             116     45.3869E-03    -31.7583E-03     31.6361E-03    -7.10894E-03     10.4718E-03    -3.06577E-03    -3.07896E-03    -9.52787E-03
             117     64.0785E-03    -12.0501E-03     59.1785E-03    -21.4186E-03     10.1114E-03    -5.30494E-03    -1.27528E-03    -8.51305E-03
             118     90.0657E-03    -2.06917E-03     84.1827E-03    -31.9503E-03     8.80601E-03    -7.19821E-03    -314.542E-06    -5.06286E-03
             119     32.5404E-03    -22.5635E-03     22.3658E-03    -7.03828E-03     8.12779E-03    -3.07582E-03    -3.08806E-03    -6.86033E-03
             120     49.3481E-03    -8.67215E-03     43.6507E-03    -21.3224E-03     8.39029E-03    -5.34151E-03    -1.26278E-03    -6.34592E-03
             121     71.7038E-03    -1.39103E-03     64.2112E-03    -31.8815E-03     8.21941E-03    -7.23441E-03    -307.211E-06    -3.88943E-03
             122     19.8089E-03    -13.2411E-03     12.9903E-03    -6.95108E-03     6.01169E-03    -3.10022E-03    -3.09572E-03    -4.11651E-03
             123     35.3816E-03    -5.32710E-03     27.8535E-03    -21.1581E-03     6.93230E-03    -5.43493E-03    -1.22799E-03    -4.12437E-03
             124     54.1200E-03    -772.754E-06     43.8458E-03    -31.7163E-03     7.85990E-03    -7.38004E-03    -276.561E-06    -2.69009E-03
             125     8.53834E-03    -3.78762E-03     3.42898E-03    -6.84101E-03     4.58040E-03    -3.13507E-03    -3.07690E-03    -1.29772E-03
             126     24.0583E-03    -1.99343E-03     11.7232E-03    -20.9140E-03     5.95389E-03    -5.53558E-03    -1.18205E-03    -1.84633E-03
             127     38.9697E-03    -203.176E-06     23.0141E-03    -31.4475E-03     7.68039E-03    -7.53617E-03    -241.280E-06    -1.46157E-03
             128     10.8556E-03     5.69544E-03    -6.36809E-03    -6.69730E-03     4.65286E-03    -3.17866E-03    -3.00942E-03     1.57753E-03
             129     21.1476E-03     1.30266E-03    -4.73835E-03    -20.5687E-03     5.76248E-03    -5.63342E-03    -1.11691E-03     472.592E-06
             130     31.1085E-03     321.312E-06     1.75916E-03    -31.0570E-03     7.68297E-03    -7.67739E-03    -202.022E-06    -211.979E-06
             131     23.1653E-03     14.9629E-03    -16.4301E-03    -6.54154E-03     6.22009E-03    -3.22345E-03    -2.87703E-03     4.47455E-03
             132     29.7945E-03     4.43583E-03    -21.4940E-03    -20.1505E-03     6.45333E-03    -5.72450E-03    -1.02328E-03     2.79794E-03
             133     36.4323E-03     765.724E-06    -19.8193E-03    -30.5602E-03     7.86699E-03    -7.79652E-03    -155.586E-06     1.03905E-03
             134     36.3466E-03     23.3683E-03    -27.0527E-03    -6.56845E-03     8.44266E-03    -3.26233E-03    -2.66657E-03     7.31608E-03
             135     43.9983E-03     7.05338E-03    -38.6310E-03    -19.8432E-03     7.71099E-03    -5.78099E-03    -910.845E-06     5.02094E-03
             136     51.2765E-03     1.04652E-03    -41.5543E-03    -30.0237E-03     8.15289E-03    -7.84182E-03    -114.220E-06     2.22765E-03
             137     49.5639E-03     29.5745E-03    -39.1449E-03    -7.04292E-03     10.6841E-03    -3.26064E-03    -2.39841E-03     9.88766E-03
             138     60.2646E-03     8.66644E-03    -56.2459E-03    -19.8270E-03     8.95579E-03    -5.67075E-03    -873.217E-06     6.87650E-03
             139     69.5892E-03     1.10849E-03    -63.0016E-03    -29.5335E-03     8.27968E-03    -7.62752E-03    -133.164E-06     3.21812E-03
             140     89.4462E-03     56.9215E-03    -68.9850E-03    -1.27639E-03     12.3130E-03    -301.983E-06    -1.00052E-03     12.2686E-03
             141     83.5892E-03     40.8042E-03    -72.8944E-03    -2.93051E-03     9.06080E-03    -126.081E-06    -2.23038E-03     8.78110E-03
             142     80.3311E-03     35.5488E-03    -72.0288E-03    -1.10800E-03     6.94236E-03     237.116E-06    -1.19484E-03     6.83465E-03
             143     83.6128E-03     46.2849E-03    -69.6334E-03    -302.101E-36     9.22722E-03    -77.5121E-39     186.806E-36     9.22722E-03
             144     88.2426E-03     45.5177E-03    -75.4187E-03    -5.18798E-03     11.5760E-03    -805.110E-06    -2.64866E-03     11.2401E-03
             145     86.2706E-03     28.3979E-03    -81.0770E-03    -7.91854E-03     8.36514E-03    -144.775E-06    -3.58902E-03     7.55471E-03
             146     82.5097E-03     27.3111E-03    -77.7266E-03    -4.53154E-03     6.98860E-03     664.702E-06    -3.06368E-03     6.24600E-03
             147     91.2348E-03     29.7501E-03    -85.4731E-03    -11.5355E-03     10.0169E-03    -1.13553E-03    -3.43652E-03     9.34024E-03
             148     93.8093E-03     15.6031E-03    -91.3072E-03    -14.8233E-03     6.95990E-03     69.7903E-06    -3.83144E-03     5.80993E-03
             149     88.9511E-03     16.1156E-03    -86.8892E-03    -10.1423E-03     6.47762E-03     1.09059E-03    -3.80820E-03     5.12520E-03
             150     99.0828E-03     16.1077E-03    -95.8956E-03    -19.0258E-03     7.74758E-03    -1.21629E-03    -3.27710E-03     6.91421E-03
             151     103.669E-03     6.35263E-03    -101.113E-03    -21.9792E-03     4.98570E-03     521.937E-06    -3.11954E-03     3.85399E-03
             152     98.6035E-03     6.86781E-03    -96.9168E-03    -16.8113E-03     5.32115E-03     1.64544E-03    -3.47526E-03     3.67828E-03
             153     108.182E-03     6.69069E-03    -104.805E-03    -25.9703E-03     4.91316E-03    -1.13550E-03    -2.31817E-03     4.18041E-03
             154     111.724E-03     1.64009E-03    -108.312E-03    -27.3507E-03     2.76451E-03     1.00570E-03    -1.73320E-03     1.90449E-03
             155     107.903E-03     1.67559E-03    -105.494E-03    -22.6070E-03     3.93455E-03     2.28133E-03    -2.37453E-03     2.15356E-03
             156     113.990E-03     1.61397E-03    -109.929E-03    -30.1129E-03     1.92681E-03    -1.05059E-03    -829.981E-06     1.38564E-03
             157     114.802E-03     591.343E-36    -110.990E-03    -29.3385E-03     1.21304E-03     1.21304E-03     900.739E-36     440.428E-39
             158     113.513E-03     89.8817E-06    -110.517E-03    -25.9056E-03     2.94027E-03     2.73033E-03    -837.097E-06     699.826E-06
             159     79.9582E-03     25.9307E-03    -75.6082E-03    -2.07866E-03     5.58392E-03     296.489E-06    -2.11488E-03     5.15942E-03
             160     78.3341E-03     22.8071E-03    -74.9379E-03    -604.711E-06     4.72719E-03     471.458E-06    -970.431E-06     4.60243E-03
             161     78.6390E-03     30.0014E-03    -72.6912E-03    -81.9549E-36     5.54857E-03     959.843E-39     412.844E-36     5.54857E-03
             162     84.9617E-03     16.8503E-03    -83.0601E-03    -5.96450E-03     5.36432E-03     778.555E-06    -3.31627E-03     4.14393E-03
             163     81.9091E-03     16.8830E-03    -80.1017E-03    -2.79049E-03     5.00426E-03     1.35089E-03    -2.45260E-03     4.14759E-03
             164     93.6351E-03     7.91852E-03    -92.6015E-03    -11.3930E-03     4.70263E-03     1.56913E-03    -3.41428E-03     2.82758E-03
             165     89.2760E-03     9.07004E-03    -88.5638E-03    -6.66287E-03     4.95315E-03     2.20003E-03    -2.96642E-03     3.30058E-03
             166     103.294E-03     2.13226E-03    -101.904E-03    -16.7511E-03     4.04253E-03     2.60547E-03    -2.66630E-03     1.56347E-03
             167     98.6691E-03     3.04517E-03    -97.9892E-03    -11.1557E-03     4.64237E-03     3.10863E-03    -2.60356E-03     2.26041E-03
             168     110.689E-03    -54.8493E-06    -108.783E-03    -20.4574E-03     3.89041E-03     3.56460E-03    -1.42948E-03     620.914E-06
             169     107.148E-03     140.657E-06    -106.127E-03    -14.7537E-03     4.50930E-03     3.98197E-03    -1.70331E-03     1.25557E-03
             170     113.448E-03     128.625E-36    -111.346E-03    -21.7379E-03     3.96775E-03     3.96775E-03     600.501E-36    -2.12423E-36
             171     112.133E-03    -257.380E-06    -110.897E-03    -16.6054E-03     4.59751E-03     4.54339E-03    -582.876E-06     393.677E-06
             172     79.8056E-03     15.6225E-03    -78.2558E-03    -944.312E-06     4.12784E-03     411.044E-06    -1.47202E-03     3.83448E-03
             173     78.6601E-03     12.3180E-03    -77.6896E-03    -120.028E-06     4.03803E-03     496.042E-06    -559.730E-06     3.96816E-03
             174     77.8242E-03     18.3730E-03    -75.6244E-03    -775.460E-39     4.22063E-03     1.17257E-36     424.862E-36     4.22063E-03
             175     85.6906E-03     9.59194E-03    -85.0940E-03    -3.14558E-03     3.79829E-03     1.09900E-03    -2.24570E-03     2.85937E-03
             176     82.8897E-03     8.74902E-03    -82.4214E-03    -931.509E-06     4.04146E-03     1.46753E-03    -1.37736E-03     3.50466E-03
             177     94.3122E-03     3.93243E-03    -94.0214E-03    -6.26941E-03     3.52486E-03     2.16429E-03    -2.21004E-03     1.69004E-03
             178     90.4502E-03     4.22875E-03    -90.3130E-03    -2.62976E-03     3.97814E-03     2.46691E-03    -1.57577E-03     2.69386E-03
             179     103.230E-03     609.188E-06    -102.829E-03    -9.07707E-03     3.88287E-03     3.45060E-03    -1.62871E-03     719.246E-06
             180     99.3331E-03     1.03166E-03    -99.2295E-03    -4.41715E-03     4.14052E-03     3.52198E-03    -1.27197E-03     1.76681E-03
             181     109.880E-03    -349.283E-06    -109.357E-03    -10.7082E-03     4.63377E-03     4.55586E-03    -826.920E-06     179.459E-06
             182     107.112E-03    -251.290E-06    -106.972E-03    -5.47801E-03     4.64177E-03     4.48313E-03    -753.547E-06     937.960E-06
             183     112.344E-03    -61.7327E-36    -111.787E-03    -11.1788E-03     4.99984E-03     4.99984E-03     393.268E-36    -889.690E-39
             184     111.658E-03    -222.602E-06    -111.508E-03    -5.78313E-03     5.08877E-03     5.07518E-03    -239.064E-06     284.628E-06
             185     80.9951E-03     6.25458E-03    -80.7532E-03     63.5114E-06     3.64861E-03     402.626E-06    -606.882E-06     3.57519E-03
             186     80.2485E-03     1.91615E-03    -80.2251E-03     270.726E-06     3.95237E-03     446.548E-06    -91.1593E-06     3.92601E-03
             187     78.7194E-03     7.65600E-03    -78.3462E-03     33.2761E-36     3.97322E-03     957.823E-39     363.482E-36     3.97322E-03
             188     87.1782E-03     3.32351E-03    -87.1141E-03    -357.282E-06     2.94690E-03     1.13551E-03    -840.836E-06     2.58608E-03
             189     84.6425E-03     768.155E-06    -84.6358E-03     734.482E-06     3.69079E-03     1.36739E-03    -156.014E-06     3.42459E-03
             190     95.5729E-03     868.768E-06    -95.5646E-03    -903.319E-06     2.78709E-03     2.28244E-03    -691.045E-06     1.44251E-03
             191     92.1180E-03    -393.293E-06    -92.1084E-03     1.27290E-03     3.51575E-03     2.38554E-03    -17.7315E-06     2.58252E-03
             192     103.979E-03    -255.882E-06    -103.974E-03    -943.379E-06     3.68969E-03     3.62894E-03    -379.061E-06     548.567E-06
             193     100.675E-03    -793.142E-06    -100.646E-03     2.29550E-03     3.85972E-03     3.48166E-03     186.246E-06     1.65554E-03
             194     110.210E-03    -336.823E-06    -110.209E-03    -459.852E-06     4.74885E-03     4.74602E-03    -128.426E-06     101.769E-06
             195     108.146E-03    -559.904E-06    -108.079E-03     3.77847E-03     4.55952E-03     4.47063E-03     260.240E-06     857.304E-06
             196     112.523E-03    -144.788E-36    -112.523E-03    -143.758E-06     5.18455E-03     5.18455E-03     289.562E-36    -550.712E-39
             197     112.531E-03    -174.607E-06    -112.422E-03     4.95847E-03     5.08067E-03     5.07280E-03     121.421E-06     255.125E-06
             198     83.1496E-03    -3.34620E-03    -83.0768E-03     954.686E-06     3.67056E-03     423.223E-06     286.838E-06     3.63478E-03
             199     83.0398E-03    -8.72578E-03    -82.5773E-03     674.688E-06     4.02711E-03     390.765E-06     352.637E-06     3.99256E-03
             200     80.8989E-03    -3.29137E-03    -80.8320E-03     88.5734E-36     4.01864E-03     844.519E-39     296.676E-36     4.01864E-03
             201     89.1838E-03    -3.15886E-03    -89.0990E-03     2.26817E-03     2.98550E-03     1.17300E-03     608.838E-06     2.67705E-03
             202     87.1216E-03    -7.54271E-03    -86.7608E-03     2.41633E-03     3.80990E-03     1.23414E-03     1.00397E-03     3.46183E-03
             203     97.3362E-03    -2.38917E-03    -97.2118E-03     4.29925E-03     2.92551E-03     2.31823E-03     861.138E-06     1.56296E-03
             204     94.2349E-03    -5.42315E-03    -93.9379E-03     5.14674E-03     3.71033E-03     2.23464E-03     1.45983E-03     2.57718E-03
             205     105.563E-03    -1.31108E-03    -105.324E-03     6.97435E-03     3.79569E-03     3.63119E-03     875.752E-06     674.348E-06
             206     102.626E-03    -3.04121E-03    -102.197E-03     8.86572E-03     4.03635E-03     3.35638E-03     1.55518E-03     1.61500E-03
             207     111.723E-03    -460.795E-06    -111.322E-03     9.45386E-03     4.73405E-03     4.69704E-03     560.727E-06     186.153E-06
             208     110.124E-03    -1.20839E-03    -109.381E-03     12.7135E-03     4.61816E-03     4.38609E-03     1.19734E-03     809.968E-06
             209     114.022E-03    -208.918E-36    -113.538E-03     10.4896E-03     5.10977E-03     5.10977E-03     246.351E-36    -26.9002E-39
             210     114.576E-03    -260.146E-06    -113.559E-03     15.2295E-03     5.04226E-03     5.01660E-03     450.726E-06     234.393E-06
             211     86.3569E-03    -13.1505E-03    -85.3250E-03     2.05273E-03     3.99691E-03     554.676E-06     1.07302E-03     3.81002E-03
             212     87.1675E-03    -19.4044E-03    -84.9702E-03     1.30537E-03     4.27761E-03     301.950E-06     544.505E-06     4.23205E-03
             213     84.4260E-03    -14.3153E-03    -83.2035E-03     225.773E-36     4.15789E-03     895.740E-39     257.924E-36     4.15789E-03
             214     91.7894E-03    -10.0724E-03    -91.0893E-03     5.15471E-03     3.73532E-03     1.37969E-03     1.87427E-03     2.92167E-03
             215     90.5200E-03    -16.1692E-03    -88.9439E-03     4.62615E-03     4.01713E-03     1.03661E-03     1.48760E-03     3.58466E-03
             216     99.5998E-03    -6.21244E-03    -98.9363E-03     9.65023E-03     3.81843E-03     2.52675E-03     2.18791E-03     1.84634E-03
             217     96.9435E-03    -11.0432E-03    -95.8371E-03     9.55775E-03     3.85764E-03     2.06435E-03     2.03293E-03     2.54696E-03
             218     107.856E-03    -2.90111E-03    -106.795E-03     14.8138E-03     4.34349E-03     3.78645E-03     1.91495E-03     928.268E-06
             219     105.173E-03    -5.95872E-03    -103.814E-03     15.7614E-03     4.16175E-03     3.31231E-03     2.03438E-03     1.48664E-03
             220     114.179E-03    -913.936E-06    -112.575E-03     19.0539E-03     4.92546E-03     4.78591E-03     1.11422E-03     337.230E-06
             221     112.868E-03    -2.37794E-03    -110.739E-03     21.6859E-03     4.77173E-03     4.48154E-03     1.49018E-03     681.563E-06
             222     116.553E-03    -309.288E-36    -114.699E-03     20.7069E-03     5.16856E-03     5.16856E-03     233.599E-36     144.639E-39
             223     117.510E-03    -541.906E-06    -114.745E-03     25.3349E-03     5.22644E-03     5.19466E-03     545.607E-06     182.906E-06
             224     95.7237E-03     257.622E-36    -90.1549E-03    -32.1735E-03     6.99471E-03    -6.99471E-03    -4.41857E-36    -81.6639E-36
             225     104.954E-03     403.520E-06    -100.269E-03    -31.0054E-03     5.61517E-03    -5.27854E-03    -532.812E-06     1.83936E-03
             226     95.6305E-03     1.25238E-03    -91.1152E-03    -29.0109E-03     7.12830E-03    -5.98416E-03    -422.591E-06     3.85018E-03
             227     88.8531E-03     169.556E-06    -83.0505E-03    -31.5826E-03     7.63056E-03    -7.39401E-03    -248.229E-06     1.86879E-03
             228     110.899E-03     757.254E-36    -106.375E-03    -31.3504E-03     3.80207E-03    -3.80207E-03    -2.33435E-36    -541.211E-36
             229     108.089E-03     2.34555E-03    -104.166E-03    -28.7628E-03     4.79156E-03    -3.26132E-03    -1.17596E-03     3.30756E-03
             230     98.2656E-03     4.46668E-03    -94.8182E-03    -25.4103E-03     7.28148E-03    -4.36913E-03    -1.54954E-03     5.61512E-03
             231     84.1162E-03     9.33193E-03    -81.0606E-03    -20.4360E-03     9.24525E-03    -4.54882E-03    -1.23121E-03     7.95406E-03
             232     83.7233E-03     3.98328E-03    -79.7880E-03    -25.0519E-03     8.48694E-03    -6.00589E-03    -850.809E-06     5.93579E-03
             233     98.1674E-03     9.67125E-03    -95.2179E-03    -21.8374E-03     7.54852E-03    -2.76235E-03    -2.10416E-03     6.70240E-03
             234     83.9517E-03     17.4604E-03    -80.5925E-03    -15.7444E-03     10.4274E-03    -3.46397E-03    -2.40004E-03     9.53790E-03
             235     69.6217E-03     30.4862E-03    -61.9164E-03    -9.17257E-03     12.3734E-03    -3.01297E-03    -2.18287E-03     11.8007E-03
             236     68.6769E-03     19.0433E-03    -64.5052E-03    -13.8903E-03     11.0103E-03    -4.13657E-03    -1.80489E-03     10.0428E-03
             237     85.9025E-03     24.6520E-03    -81.2889E-03    -12.7921E-03     10.6529E-03    -2.23772E-03    -2.54399E-03     10.0998E-03
             238     75.0017E-03     40.7504E-03    -62.6632E-03    -6.16339E-03     13.3111E-03    -2.40580E-03    -2.70841E-03     12.8086E-03
             239     77.3441E-03     66.6145E-03    -39.3012E-03     134.242E-06     14.3835E-03    -1.40328E-03    -2.82237E-03     14.0339E-03
             240     66.9071E-03     53.4813E-03    -40.1693E-03    -1.65671E-03     13.4438E-03    -1.82413E-03    -2.82183E-03     13.0171E-03
             241     81.1276E-03     45.2980E-03    -67.1035E-03    -5.18725E-03     13.0806E-03    -1.55292E-03    -2.42577E-03     12.7596E-03
             242     85.9272E-03     63.9565E-03    -57.3731E-03    -1.18044E-03     14.3030E-03    -792.751E-06    -1.57599E-03     14.1938E-03
             243     82.4890E-03     66.4383E-03    -48.8864E-03    -717.667E-06     14.7993E-03    -1.29498E-03    -2.29796E-03     14.5624E-03
             244     90.0674E-03     73.0925E-03    -52.6272E-03    -124.191E-36     14.7090E-03     79.4262E-36    -93.7882E-36     14.7090E-03
             245     93.9744E-03     84.4634E-03    -41.1939E-03     426.961E-06     15.1288E-03    -306.727E-06    -869.711E-06     15.1006E-03
             246     98.2069E-03     93.2165E-03    -30.8535E-03     1.82518E-03     14.6502E-03    -382.163E-06    -1.82406E-03     14.5311E-03
             247     96.9652E-03     93.8714E-03    -24.0371E-03     3.55467E-03     13.7868E-03    -663.679E-06    -3.05893E-03     13.4268E-03
             248     109.886E-03     106.873E-03    -25.5544E-03     238.518E-36     14.1818E-03    -21.5360E-36     43.3026E-36     14.1818E-03
             249     118.397E-03     116.953E-03    -18.3456E-03     1.79445E-03     12.9282E-03     142.393E-06    -1.08644E-03     12.8817E-03
             250     137.434E-03     137.141E-03    -8.97846E-03     401.624E-36     9.73798E-03    -85.9413E-36     294.259E-36     9.73798E-03
             251     145.144E-03     145.034E-03    -5.00209E-03     2.64424E-03     7.33999E-03     216.279E-06    -1.43043E-03     7.19601E-03
             252     126.331E-03     125.759E-03    -11.2331E-03     4.25954E-03     10.9954E-03     196.094E-06    -2.44776E-03     10.7177E-03
             253     154.684E-03     154.674E-03    -1.79080E-03     477.663E-36     3.43975E-03    -44.0235E-36     465.725E-36     3.43975E-03
             254     155.661E-03     155.635E-03     194.419E-36     2.84350E-03     1.53378E-03     733.066E-39    -1.53378E-03    -1.20286E-33
             255     148.573E-03     148.458E-03    -1.99426E-03     5.49989E-03     4.85852E-03     216.140E-06    -2.91296E-03     3.88241E-03
             256     131.563E-03     131.245E-03    -5.59241E-03     7.24663E-03     8.71617E-03    -43.4852E-06    -4.01607E-03     7.73570E-03
             257     102.634E-03     101.478E-03    -13.8550E-03     6.61993E-03     11.7907E-03     174.667E-06    -4.00029E-03     11.0899E-03
             258     145.548E-03     145.320E-03     102.837E-36     8.14717E-03     4.26687E-03    -590.283E-39    -4.26687E-03    -1.12722E-33
             259     132.739E-03     132.332E-03    -1.95046E-03     10.2058E-03     6.62140E-03     381.440E-06    -5.22448E-03     4.04997E-03
             260     127.308E-03     126.692E-03    -43.9320E-36     12.5034E-03     6.26969E-03    -1.81791E-36    -6.26969E-03    -962.699E-36
             261     111.034E-03     110.155E-03    -1.48401E-03     13.8665E-03     7.60848E-03     397.550E-06    -6.78032E-03     3.42903E-03
             262     111.508E-03     110.876E-03    -5.07708E-03     10.7170E-03     9.24223E-03    -428.574E-06    -5.82406E-03     7.16348E-03
             263     103.725E-03     102.518E-03    -188.967E-36     15.7770E-03     7.51291E-03    -1.12839E-36    -7.51291E-03    -681.194E-36
             264     86.1644E-03     84.5747E-03    -1.04606E-03     16.4414E-03     8.10327E-03     296.266E-06    -7.66756E-03     2.60458E-03
             265     89.0816E-03     88.0055E-03    -3.77258E-03     13.2786E-03     8.92736E-03    -433.476E-06    -6.85646E-03     5.70077E-03
             266     77.3277E-03     75.1847E-03    -285.847E-36     18.0785E-03     8.18860E-03    -649.215E-39    -8.18860E-03    -251.375E-36
             267     59.9842E-03     57.1590E-03    -703.452E-06     18.1784E-03     8.30940E-03     185.554E-06    -8.12228E-03     1.74366E-03
             268     65.2805E-03     63.4682E-03    -2.59933E-03     15.0524E-03     8.45296E-03    -385.226E-06    -7.40486E-03     4.05859E-03
             269     50.2679E-03     46.2854E-03    -311.034E-36     19.6092E-03     8.49561E-03     370.558E-39    -8.49561E-03     345.128E-36
             270     34.7597E-03     28.9073E-03    -437.062E-06     19.2980E-03     8.34985E-03     96.0045E-06    -8.30245E-03     883.303E-06
             271     41.2794E-03     37.9256E-03    -1.62214E-03     16.2176E-03     8.03387E-03    -339.001E-06    -7.65752E-03     2.40635E-03
             272     26.5710E-03     16.8175E-03    -274.894E-36     20.5716E-03     8.57065E-03     1.50605E-36    -8.57065E-03     1.12182E-33
             273     19.9872E-03     487.535E-06    -225.933E-06     19.9800E-03     8.30240E-03     27.1477E-06    -8.30227E-03     36.6351E-06
             274     20.7734E-03     11.9875E-03    -785.383E-06     16.9475E-03     7.76500E-03    -303.319E-06    -7.72006E-03     777.124E-06
             275     24.5987E-03    -12.5848E-03    -207.535E-36     21.1357E-03     8.48973E-03     2.40271E-36    -8.48973E-03     2.07452E-33
             276     34.3202E-03    -27.6265E-03    -45.2046E-06     20.3630E-03     8.21313E-03    -28.9884E-06    -8.17522E-03    -787.657E-06
             277     22.2364E-03    -13.8737E-03    -39.4540E-06     17.3774E-03     7.69800E-03    -280.999E-06    -7.64957E-03    -815.040E-06
             278     46.6884E-03    -41.4773E-03    -142.548E-36     21.4344E-03     8.30005E-03     2.66371E-36    -8.30005E-03     3.16057E-33
             279     58.7934E-03    -55.0852E-03     137.769E-06     20.5491E-03     8.12493E-03    -77.1840E-06    -7.96869E-03    -1.58384E-03
             280     43.0667E-03    -39.2978E-03     668.822E-06     17.6061E-03     7.85415E-03    -275.662E-06    -7.48633E-03    -2.35937E-03
             281     72.8151E-03    -69.5505E-03    -103.926E-36     21.5587E-03     8.07021E-03     2.49741E-36    -8.07021E-03     4.28790E-33
             282     84.2778E-03    -81.7212E-03     360.381E-06     20.5976E-03     8.14730E-03    -108.184E-06    -7.80063E-03    -2.34882E-03
             283     66.4567E-03    -64.0409E-03     1.40644E-03     17.6999E-03     8.25326E-03    -286.839E-06    -7.29518E-03    -3.84895E-03
             284     99.2040E-03    -96.8357E-03    -89.6846E-36     21.5470E-03     8.02114E-03     2.83199E-36    -8.02114E-03     5.32610E-33
             285     109.922E-03    -107.988E-03     619.561E-06     20.5183E-03     8.59662E-03    -75.5271E-06    -8.02618E-03    -3.07842E-03
             286     89.9477E-03    -88.1641E-03     2.22363E-03     17.6841E-03     8.99777E-03    -286.555E-06    -7.26956E-03    -5.29445E-03
             287     126.381E-03    -124.558E-03    -12.9567E-36     21.3907E-03     8.78778E-03     7.41868E-36    -8.78778E-03     6.08491E-33
             288     137.798E-03    -136.290E-03     650.662E-06     20.3192E-03     10.0711E-03     126.051E-06    -9.43560E-03    -3.51855E-03
             289     114.110E-03    -112.713E-03     2.98684E-03     17.5496E-03     10.4206E-03    -133.086E-06    -7.92502E-03    -6.76497E-03
             290     84.5625E-03     83.4801E-03    -9.97940E-03     9.07178E-03     10.3026E-03     73.1910E-06    -5.26487E-03     8.85551E-03
             291     75.8639E-03     72.2906E-03    -22.6986E-03     3.76515E-03     12.7299E-03    -1.59757E-03    -4.29999E-03     11.8746E-03
             292     64.8725E-03     63.6032E-03    -6.96982E-03     10.7000E-03     8.88970E-03    -100.920E-06    -5.99416E-03     6.56404E-03
             293     60.2020E-03     57.9123E-03    -15.5893E-03     5.23615E-03     10.4225E-03    -1.54779E-03    -4.97183E-03     9.02849E-03
             294     44.0157E-03     42.1773E-03    -4.54513E-03     11.7388E-03     7.70389E-03    -239.327E-06    -6.39600E-03     4.28763E-03
             295     43.3136E-03     41.5804E-03    -10.4597E-03     6.14278E-03     8.36826E-03    -1.45870E-03    -5.33955E-03     6.27609E-03
             296     23.6622E-03     20.0189E-03    -2.39418E-03     12.3859E-03     6.90588E-03    -348.427E-06    -6.59251E-03     2.02699E-03
             297     25.6352E-03     24.0019E-03    -6.08946E-03     6.63245E-03     6.71880E-03    -1.38704E-03    -5.52595E-03     3.56123E-03
             298     12.9995E-03    -2.31840E-03    -404.092E-06     12.7847E-03     6.66442E-03    -440.844E-06    -6.64678E-03    -201.247E-06
             299     9.34647E-03     5.96284E-03    -2.01393E-03     6.90978E-03     5.80605E-03    -1.32193E-03    -5.58571E-03     873.239E-06
             300     27.7377E-03    -24.4525E-03     1.48050E-03     13.0101E-03     7.02907E-03    -528.252E-06    -6.59466E-03    -2.37471E-03
             301     14.1458E-03    -12.1056E-03     1.87904E-03     7.07304E-03     5.96217E-03    -1.27052E-03    -5.55106E-03    -1.76608E-03
             302     48.0663E-03    -46.1214E-03     3.33449E-03     13.1174E-03     7.89777E-03    -611.939E-06    -6.47577E-03    -4.47936E-03
             303     31.2868E-03    -29.9283E-03     5.65334E-03     7.15553E-03     7.07517E-03    -1.24161E-03    -5.45195E-03    -4.33505E-03
             304     68.7009E-03    -67.2286E-03     5.24509E-03     13.1382E-03     9.13734E-03    -664.601E-06    -6.37901E-03    -6.50827E-03
             305     48.8113E-03    -47.3567E-03     9.39845E-03     7.18014E-03     8.75186E-03    -1.23747E-03    -5.34011E-03    -6.82254E-03
             306     89.4007E-03    -88.1444E-03     7.21938E-03     13.0743E-03     10.7080E-03    -586.444E-06    -6.54642E-03    -8.45352E-03
             307     66.1946E-03    -64.4701E-03     13.1969E-03     7.15406E-03     10.7480E-03    -1.23247E-03    -5.33618E-03    -9.24795E-03
             308     111.612E-03    -110.517E-03     8.71663E-03     12.9335E-03     12.1739E-03    -168.465E-06    -7.48393E-03    -9.60029E-03
             309     83.9615E-03    -81.9285E-03     16.9477E-03     7.07284E-03     13.0709E-03    -1.06775E-03    -5.69431E-03    -11.7168E-03
             310     77.6090E-03    -70.4324E-03     32.5947E-03     156.850E-06     13.9486E-03    -1.74761E-03    -4.48781E-03    -13.0908E-03
             311     64.9348E-03    -45.5965E-03     45.6706E-03    -7.18968E-03     14.2243E-03    -3.07723E-03    -3.07399E-03    -13.5430E-03
             312     62.7300E-03    -56.8629E-03     26.4881E-03     226.674E-06     12.5338E-03    -1.99089E-03    -4.22441E-03    -11.6313E-03
             313     79.0297E-03    -32.4180E-03     70.5868E-03    -14.5699E-03     13.9221E-03    -4.49376E-03    -1.73285E-03    -13.0625E-03
             314     87.2362E-03    -17.0405E-03     82.8273E-03    -21.4343E-03     13.1055E-03    -5.71164E-03    -1.04550E-03    -11.7490E-03
             315     65.1057E-03    -26.7680E-03     57.5335E-03    -14.5644E-03     12.6494E-03    -4.20588E-03    -1.98138E-03    -11.7641E-03
             316     114.124E-03    -8.63567E-03     110.474E-03    -27.3000E-03     12.1138E-03    -7.45767E-03    -162.316E-06    -9.54472E-03
             317     119.118E-03    -2.99628E-03     114.739E-03    -31.8612E-03     10.4870E-03    -7.98636E-03    -105.952E-06    -6.79587E-03
             318     95.2464E-03    -7.44055E-03     90.9219E-03    -27.3809E-03     10.9314E-03    -6.57060E-03    -535.231E-06    -8.71985E-03
             319     140.381E-03    -636.045E-06     136.038E-03    -34.6398E-03     10.0050E-03    -9.37666E-03     127.425E-06    -3.48749E-03
             320     132.638E-03    -311.289E-36     127.751E-03    -35.6733E-03     8.91465E-03    -8.91465E-03     5.74843E-36     4.33749E-33
             321     118.439E-03    -652.501E-06     113.213E-03    -34.7864E-03     8.75178E-03    -8.13392E-03    -24.9375E-06    -3.22990E-03
             322     51.8420E-03    -36.3407E-03     36.2764E-03    -7.13934E-03     11.6811E-03    -3.04322E-03    -3.05154E-03    -10.8570E-03
             323     48.2543E-03    -43.8322E-03     20.1776E-03     282.391E-06     10.1944E-03    -2.04723E-03    -4.16942E-03    -9.07470E-03
             324     71.6083E-03    -13.7506E-03     66.9247E-03    -21.4417E-03     11.0451E-03    -5.33448E-03    -1.22721E-03    -9.59332E-03
             325     51.7094E-03    -20.8632E-03     45.0306E-03    -14.5200E-03     10.4234E-03    -4.14449E-03    -2.04233E-03    -9.34345E-03
             326     99.4452E-03    -2.41966E-03     94.1429E-03    -31.9470E-03     9.22632E-03    -7.29076E-03    -275.672E-06    -5.64746E-03
             327     77.9248E-03    -5.76303E-03     72.7260E-03    -27.3860E-03     9.49834E-03    -6.33067E-03    -641.654E-06    -7.05191E-03
             328     112.087E-03    -192.308E-36     106.218E-03    -35.7947E-03     8.08937E-03    -8.08937E-03     2.34347E-36     4.02636E-33
             329     98.5662E-03    -451.566E-06     92.2009E-03    -34.8438E-03     8.18881E-03    -7.74595E-03    -74.9915E-06    -2.65542E-03
             330     38.9588E-03    -27.1717E-03     27.0079E-03    -7.07546E-03     9.26656E-03    -3.03914E-03    -3.05230E-03    -8.20465E-03
             331     33.7622E-03    -30.7616E-03     13.9107E-03     318.585E-06     7.93274E-03    -2.02030E-03    -4.18932E-03    -6.42622E-03
             332     56.6587E-03    -10.3549E-03     51.4385E-03    -21.3792E-03     9.21040E-03    -5.29107E-03    -1.24119E-03    -7.43609E-03
             333     38.6393E-03    -14.9655E-03     32.5689E-03    -14.4326E-03     8.26782E-03    -4.16244E-03    -2.02717E-03    -6.84993E-03
             334     80.8242E-03    -1.72307E-03     74.2305E-03    -31.9285E-03     8.47186E-03    -7.18535E-03    -294.568E-06    -4.47844E-03
             335     61.1840E-03    -4.09069E-03     54.6016E-03    -27.3023E-03     8.33671E-03    -6.37096E-03    -630.800E-06    -5.33982E-03
             336     92.7002E-03    -131.961E-36     85.5049E-03    -35.8083E-03     7.92827E-03    -7.92827E-03     1.23528E-36     3.55227E-33
             337     79.3634E-03    -246.282E-06     71.3298E-03    -34.7929E-03     8.04137E-03    -7.77074E-03    -80.1832E-06    -2.06707E-03
             338     26.1403E-03    -17.9205E-03     17.6978E-03    -6.99721E-03     7.01978E-03    -3.08172E-03    -3.08914E-03    -5.49887E-03
             339     19.0317E-03    -17.4411E-03     7.60894E-03     338.572E-06     5.93392E-03    -1.97445E-03    -4.20434E-03    -3.69276E-03
             340     42.2100E-03    -6.99638E-03     35.7938E-03    -21.2494E-03     7.61179E-03    -5.37850E-03    -1.23456E-03    -5.24279E-03
             341     26.1341E-03    -9.04117E-03     19.9189E-03    -14.2999E-03     6.32191E-03    -4.20152E-03    -1.98330E-03    -4.28723E-03
             342     62.7590E-03    -1.07410E-03     54.0887E-03    -31.8112E-03     8.01283E-03    -7.29932E-03    -281.261E-06    -3.29335E-03
             343     45.2530E-03    -2.48361E-03     36.1313E-03    -27.1328E-03     7.43870E-03    -6.49106E-03    -585.133E-06    -3.58581E-03
             344     73.8212E-03    -86.5483E-36     64.6042E-03    -35.7194E-03     8.03047E-03    -8.03047E-03     372.842E-39     3.00890E-33
             345     60.8692E-03    -76.2025E-06     50.0502E-03    -34.6414E-03     8.06146E-03    -7.92666E-03    -74.3598E-06    -1.46617E-03
             346     13.7167E-03    -8.52628E-03     8.23672E-03    -6.89982E-03     5.20301E-03    -3.15036E-03    -3.12602E-03    -2.71561E-03
             347     4.08176E-03    -3.89246E-03     1.18072E-03     339.646E-06     4.68524E-03    -1.93282E-03    -4.17615E-03    -880.630E-06
             348     29.1486E-03    -3.65813E-03     19.8309E-03    -21.0475E-03     6.37850E-03    -5.49762E-03    -1.22946E-03    -2.99165E-03
             349     16.0525E-03    -3.07077E-03     7.00903E-03    -14.1112E-03     4.94765E-03    -4.24744E-03    -1.92082E-03    -1.65800E-03
             350     46.0429E-03    -482.214E-06     33.4874E-03    -31.5960E-03     7.74965E-03    -7.46081E-03    -266.402E-06    -2.07904E-03
             351     31.9421E-03    -922.086E-06     17.2503E-03    -26.8678E-03     6.87718E-03    -6.61887E-03    -534.903E-06    -1.78886E-03
             352     55.9626E-03    -37.6580E-36     43.2346E-03    -35.5328E-03     8.19888E-03    -8.19888E-03    -748.406E-39     2.44085E-33
             353     44.5177E-03     63.4711E-06     28.2755E-03    -34.3848E-03     8.14265E-03    -8.09773E-03    -71.9043E-06    -851.094E-06
             354     6.99216E-03     960.395E-06    -1.43723E-03    -6.77512E-03     4.50269E-03    -3.23430E-03    -3.12978E-03     134.077E-06
             355     11.1548E-03     9.73151E-03    -5.44300E-03     317.138E-06     4.92230E-03    -1.89993E-03    -4.08043E-03     1.99233E-03
             356     21.0575E-03    -335.963E-06     3.53393E-03    -20.7561E-03     5.78952E-03    -5.61863E-03    -1.21344E-03    -690.766E-06
             357     15.4388E-03     2.88766E-03    -6.18567E-03    -13.8476E-03     4.78670E-03    -4.30244E-03    -1.83296E-03     1.02068E-03
             358     33.6516E-03     65.9279E-06     12.4371E-03    -31.2689E-03     7.66542E-03    -7.61528E-03    -250.446E-06    -838.727E-06
             359     26.5694E-03     588.381E-06    -2.01461E-03    -26.4864E-03     6.75888E-03    -6.74138E-03    -484.499E-06     39.1767E-06
             360     41.2253E-03     13.6827E-36     21.3935E-03    -35.2398E-03     8.36293E-03    -8.36293E-03    -2.31108E-36     1.89259E-33
             361     34.5428E-03     177.001E-06     6.05503E-03    -34.0076E-03     8.25643E-03    -8.25301E-03    -76.0990E-06    -225.384E-06
             362     16.7488E-03     10.3669E-03    -11.3619E-03    -6.63009E-03     5.44535E-03    -3.32537E-03    -3.07334E-03     3.02463E-03
             363     26.2093E-03     23.1393E-03    -12.3060E-03     248.632E-06     6.53266E-03    -1.86888E-03    -3.90124E-03     4.89523E-03
             364     24.3828E-03     2.89756E-03    -13.0706E-03    -20.3785E-03     6.07596E-03    -5.73454E-03    -1.16458E-03     1.63589E-03
             365     25.3916E-03     8.65074E-03    -19.6665E-03    -13.5325E-03     5.98250E-03    -4.36623E-03    -1.71418E-03     3.71320E-03
             366     32.1134E-03     556.595E-06    -8.98240E-03    -30.8265E-03     7.76639E-03    -7.75213E-03    -222.211E-06     414.595E-06
             367     33.8629E-03     1.97493E-03    -21.5912E-03    -26.0119E-03     7.11951E-03    -6.85582E-03    -433.331E-06     1.87015E-03
             368     34.8365E-03     56.6966E-36    -860.197E-06    -34.8259E-03     8.50535E-03    -8.50535E-03    -4.01112E-36     1.39746E-33
             369     37.3570E-03     253.117E-06    -16.5211E-03    -33.5043E-03     8.39245E-03    -8.38236E-03    -84.7759E-06     402.479E-06
             370     29.7389E-03     19.2605E-03    -21.6830E-03    -6.57883E-03     7.42496E-03    -3.41183E-03    -2.93277E-03     5.90663E-03
             371     40.7563E-03     35.6936E-03    -19.6734E-03    -32.8180E-06     8.77503E-03    -1.84042E-03    -3.61452E-03     7.78134E-03
             372     36.5358E-03     5.80329E-03    -30.0048E-03    -20.0225E-03     7.10546E-03    -5.82783E-03    -1.06335E-03     3.92342E-03
             373     38.7145E-03     13.7143E-03    -33.6500E-03    -13.3569E-03     7.88167E-03    -4.43374E-03    -1.57909E-03     6.32212E-03
             374     43.1151E-03     926.252E-06    -30.6502E-03    -30.3087E-03     8.02057E-03    -7.84880E-03    -172.809E-06     1.64195E-03
             375     48.7710E-03     3.05108E-03    -41.4212E-03    -25.5652E-03     7.81878E-03    -6.92151E-03    -403.157E-06     3.61434E-03
             376     41.5478E-03     81.0314E-36    -23.4702E-03    -34.2837E-03     8.60978E-03    -8.60978E-03    -5.19110E-36     973.039E-36
             377     51.2489E-03     266.140E-06    -39.2953E-03    -32.8977E-03     8.49563E-03    -8.43552E-03    -97.8191E-06     1.00411E-03
             378     42.9622E-03     26.6341E-03    -33.0047E-03    -6.85986E-03     9.69937E-03    -3.46331E-03    -2.70082E-03     8.64806E-03
             379     54.1499E-03     46.0543E-03    -28.4719E-03    -750.160E-06     11.2030E-03    -1.83402E-03    -3.21778E-03     10.5731E-03
             380     52.0061E-03     7.92040E-03    -47.4024E-03    -19.8725E-03     8.40518E-03    -5.81577E-03    -937.312E-06     5.99545E-03
             381     53.3893E-03     17.2048E-03    -48.6942E-03    -13.5385E-03     9.78646E-03    -4.43685E-03    -1.52771E-03     8.58809E-03
             382     60.2050E-03     1.09026E-03    -52.3061E-03    -29.7915E-03     8.26719E-03    -7.79658E-03    -123.002E-06     2.74675E-03
             383     66.3711E-03     3.61978E-03    -61.2617E-03    -25.2788E-03     8.46607E-03    -6.76885E-03    -482.233E-06     5.06207E-03
             384     57.2410E-03     89.5381E-36    -46.3217E-03    -33.6278E-03     8.59845E-03    -8.59845E-03    -5.41960E-36     610.793E-36
             385     69.7485E-03     208.578E-06    -61.8492E-03    -32.2411E-03     8.37962E-03    -8.24008E-03    -132.051E-06     1.51713E-03
             386     56.2483E-03     31.2928E-03    -46.1317E-03    -7.51600E-03     11.7102E-03    -3.38208E-03    -2.47182E-03     10.9353E-03
             387     68.4615E-03     9.06817E-03    -64.8713E-03    -19.9111E-03     9.35906E-03    -5.46763E-03    -945.397E-06     7.53680E-03
             388     78.7747E-03     1.09984E-03    -73.1090E-03    -29.3140E-03     8.14308E-03    -7.31321E-03    -163.044E-06     3.57772E-03
             389     76.4271E-03     116.077E-36    -68.9818E-03    -32.9032E-03     8.23986E-03    -8.23986E-03    -3.99183E-36     284.490E-36


  Minimum            4.08176E-03    -139.852E-03    -115.269E-03    -35.8148E-03              0.    -9.64795E-03    -9.70839E-03    -13.5430E-03
         At Node             347               6               3              29               5               7               6             311

  Maximum            156.992E-03     156.992E-03     139.559E-03     25.8240E-03     15.1288E-03     5.29265E-03     2.18791E-03     15.1155E-03
         At Node               5               5               7               3             245               3             216              39

           Total         30.4846         3.58450        -12.7944        -2.25524         2.88535    -591.400E-03    -899.771E-03     617.501E-03


