********************************************************************************
Field Output Report, written Sat Dec 10 12:50:36 2016

Source 1
---------

   ODB: c:/SIMULIA/StaticAnalysisRefinedMesh.odb
   Step: StepForStaticAnalysis
   Frame: Increment      1: Step Time =    1.000

Loc 1 : Nodal values from source 1

Output sorted by column "Node Label".

Field Output reported at nodes for part: LARGEPIPE-1

      Node Label     U.Magnitude            U.U1            U.U2            U.U3    UR.Magnitude          UR.UR1          UR.UR2          UR.UR3
                          @Loc 1          @Loc 1          @Loc 1          @Loc 1          @Loc 1          @Loc 1          @Loc 1          @Loc 1
-------------------------------------------------------------------------------------------------------------------------------------------------
               1     88.6756E-03     48.4442E-03    -74.2733E-03    -53.5614E-33     13.9831E-03    -9.53755E-33     21.0814E-33     13.9831E-03
               2     120.615E-03     51.1870E-33    -119.764E-03    -14.3047E-03     263.082E-06     263.082E-06    -11.6151E-33     29.6199E-33
               3     130.533E-03    -16.5343E-33    -123.464E-03     42.3741E-03     5.73667E-03     5.73667E-03     12.5489E-33     81.5254E-36
               4     99.0641E-03    -36.6208E-03    -92.0468E-03     26.0059E-33     4.84632E-03     24.8907E-36     16.6503E-33     4.84632E-03
               5     158.194E-03     158.194E-03    -34.8291E-33     32.7985E-33              0.     111.879E-36    -28.0164E-33     71.6613E-33
               6     12.0389E-03     3.96258E-03     10.3116E-33     11.3681E-03     2.91666E-03    -44.7409E-36    -2.91666E-03     2.70014E-33
               7     15.8053E-03    -7.88476E-33    -4.02763E-03    -15.2835E-03     2.90324E-03    -2.90324E-03    -49.5273E-36     2.22823E-33
               8     89.0280E-03     43.0049E-03    -77.9420E-03    -1.27145E-03     13.3602E-03    -818.075E-06    -867.927E-06     13.3069E-03
               9     92.4003E-03     30.8060E-03    -87.0290E-03    -3.84258E-03     11.6032E-03    -1.34849E-03    -1.42600E-03     11.4361E-03
              10     100.174E-03     18.2657E-03    -98.2138E-03    -7.43795E-03     9.02358E-03    -1.33141E-03    -1.55939E-03     8.78752E-03
              11     109.802E-03     8.82493E-03    -108.895E-03    -10.9827E-03     5.99972E-03    -802.875E-06    -1.32100E-03     5.79716E-03
              12     117.612E-03     3.17195E-03    -116.796E-03    -13.4581E-03     2.94270E-03    -83.0329E-06    -787.700E-06     2.83410E-03
              13     120.311E-03    -7.43890E-33    -119.973E-03    -9.00873E-03     3.11543E-03     3.11543E-03    -13.6325E-33    -7.20570E-36
              14     120.110E-03    -18.0196E-33    -120.110E-03     186.059E-06     4.48642E-03     4.48642E-03    -2.12367E-33     360.686E-36
              15     121.009E-03    -19.1649E-33    -120.538E-03     10.6577E-03     4.98235E-03     4.98235E-03     8.28590E-33     164.515E-36
              16     123.163E-03    -19.3133E-33    -121.321E-03     21.2178E-03     5.09370E-03     5.09370E-03     16.7861E-33     171.053E-36
              17     126.381E-03    -23.6410E-33    -122.357E-03     31.6376E-03     5.25464E-03     5.25464E-03     23.8323E-33     118.728E-36
              18     127.417E-03    -1.71131E-03    -121.348E-03     38.8163E-03     5.77190E-03     5.29936E-03     2.25857E-03     361.263E-06
              19     119.479E-03    -6.26362E-03    -115.577E-03     29.6329E-03     5.79268E-03     4.15728E-03     3.89933E-03     1.03314E-03
              20     110.246E-03    -14.5557E-03    -107.712E-03     18.4481E-03     5.65766E-03     2.72884E-03     4.48328E-03     2.11250E-03
              21     103.291E-03    -24.7822E-03    -99.8696E-03     8.99571E-03     5.34471E-03     1.45668E-03     3.86665E-03     3.39013E-03
              22     99.9071E-03    -33.3036E-03    -94.1410E-03     3.12705E-03     4.99962E-03     574.191E-06     2.22613E-03     4.43970E-03
              23     92.9337E-03    -24.7837E-03    -89.5680E-03     22.5441E-33     4.24486E-03     184.527E-36     28.0681E-33     4.24486E-03
              24     88.1477E-03    -13.6086E-03    -87.0909E-03     849.970E-36     4.02848E-03     243.987E-36     14.5572E-33     4.02848E-03
              25     84.4004E-03    -2.77481E-03    -84.3548E-03    -20.7848E-33     4.13722E-03     284.587E-36     2.43030E-33     4.13722E-03
              26     81.7394E-03     8.58905E-03    -81.2869E-03    -45.8217E-33     5.09251E-03     425.647E-36    -4.27860E-33     5.09251E-03
              27     81.3930E-03     23.5680E-03    -77.9062E-03    -65.7468E-33     7.96974E-03     536.925E-36    -256.224E-36     7.96974E-03
              28     19.3626E-03    -5.18872E-33    -11.7074E-03    -15.4223E-03     3.05653E-03    -3.05653E-03    -83.3885E-36     6.12237E-33
              29     25.3376E-03     790.724E-36    -20.0425E-03    -15.5013E-03     3.28343E-03    -3.28343E-03    -56.7130E-36     10.7604E-33
              30     32.9319E-03     4.02095E-33    -29.0121E-03    -15.5823E-03     3.50155E-03    -3.50155E-03    -31.3291E-36     15.9261E-33
              31     41.5896E-03     6.01207E-33    -38.5206E-03    -15.6799E-03     3.69806E-03    -3.69806E-03    -9.00438E-36     21.3623E-33
              32     51.0217E-03     7.50239E-33    -48.5197E-03    -15.7814E-03     3.88879E-03    -3.88879E-03     9.14641E-36     26.9580E-33
              33     61.1120E-03     8.67388E-33    -59.0177E-03    -15.8614E-03     4.08774E-03    -4.08774E-03     9.34406E-36     32.6812E-33
              34     71.8306E-03     9.29018E-33    -70.0507E-03    -15.8913E-03     4.29275E-03    -4.29275E-03    -36.0055E-36     38.5553E-33
              35     83.1492E-03     8.78852E-33    -81.6250E-03    -15.8475E-03     4.46788E-03    -4.46788E-03    -123.695E-36     44.6030E-33
              36     94.9037E-03     6.82069E-33    -93.5930E-03    -15.7186E-03     4.49321E-03    -4.49321E-03    -246.246E-36     50.9782E-33
              37     106.493E-03     4.69430E-33    -105.358E-03    -15.5019E-03     4.11723E-03    -4.11723E-03    -318.887E-36     56.8666E-33
              38     116.329E-03     11.3858E-33    -115.337E-03    -15.1616E-03     2.77700E-03    -2.77700E-03    -745.486E-36     61.6376E-33
              39     92.7224E-03     83.2582E-03    -40.8107E-03     5.92291E-33     16.8062E-03     5.16836E-33    -4.96897E-33     16.8062E-03
              40     121.622E-03     120.486E-03    -16.5856E-03     38.4899E-33     13.6122E-03     15.1544E-33    -31.5650E-33     13.6122E-03
              41     148.134E-03     148.067E-03    -4.45552E-03     58.6772E-33     7.47190E-03     11.3525E-33    -49.6087E-33     7.47190E-03
              42     154.514E-03     154.461E-03    -63.7552E-33     4.04012E-03     2.04475E-03    -932.678E-36    -2.04475E-03     138.553E-33
              43     144.435E-03     144.247E-03    -50.2706E-33     7.36681E-03     3.61456E-03     97.4039E-36    -3.61456E-03     125.664E-33
              44     130.123E-03     129.761E-03    -36.4802E-33     9.70095E-03     4.50171E-03     1.21603E-33    -4.50171E-03     108.808E-33
              45     113.874E-03     113.330E-03    -26.5087E-33     11.1219E-03     4.82125E-03     713.534E-36    -4.82125E-03     91.5734E-33
              46     97.3105E-03     96.5861E-03    -19.8537E-33     11.8518E-03     4.77943E-03     414.544E-36    -4.77943E-03     75.4250E-33
              47     81.3341E-03     80.4254E-03    -15.5102E-33     12.1241E-03     4.56077E-03     150.940E-36    -4.56077E-03     61.1896E-33
              48     66.3236E-03     65.2065E-03    -12.3235E-33     12.1214E-03     4.27954E-03     22.3555E-36    -4.27954E-03     48.7149E-33
              49     52.3856E-03     50.9971E-03    -9.76058E-33     11.9813E-03     3.99491E-03    -41.6064E-36    -3.99491E-03     37.6051E-33
              50     39.5474E-03     37.7449E-03    -7.29206E-33     11.8034E-03     3.72206E-03    -76.9393E-36    -3.72206E-03     27.4526E-33
              51     27.9646E-03     25.4215E-03    -3.76167E-33     11.6519E-03     3.44092E-03    -107.424E-36    -3.44092E-03     18.0140E-33
              52     18.2398E-03     14.1264E-03     3.78024E-33     11.5383E-03     3.13487E-03    -140.033E-36    -3.13487E-03     9.43559E-33
              53     10.1749E-03     3.35005E-03     790.837E-06     9.57493E-03     2.76879E-03    -329.836E-06    -2.70185E-03     507.382E-06
              54     5.09572E-03     1.82994E-03     838.038E-06     4.68139E-03     2.44634E-03    -796.986E-06    -2.13883E-03     880.226E-06
              55     2.00345E-03     179.625E-06    -151.882E-06    -1.98959E-03     2.26931E-03    -1.43599E-03    -1.43076E-03     1.02012E-03
              56     8.87346E-03    -807.141E-06    -1.83213E-03    -8.64466E-03     2.44367E-03    -2.13636E-03    -788.802E-06     886.138E-06
              57     13.9474E-03    -772.968E-06    -3.39379E-03    -13.5061E-03     2.75788E-03    -2.69053E-03    -323.548E-06     512.138E-06
              58     83.6051E-03     20.1296E-03    -81.1316E-03    -1.50610E-03     7.56118E-03     97.6080E-06    -1.05050E-03     7.48721E-03
              59     90.2716E-03     12.7276E-03    -89.2873E-03    -3.83975E-03     6.41854E-03     360.699E-06    -1.56293E-03     6.21488E-03
              60     100.006E-03     5.85600E-03    -99.6249E-03    -6.46565E-03     4.83365E-03     940.103E-06    -1.48140E-03     4.50398E-03
              61     110.016E-03     1.66540E-03    -109.689E-03    -8.31041E-03     3.44865E-03     1.83027E-03    -1.03676E-03     2.73284E-03
              62     117.514E-03     110.656E-06    -117.171E-03    -8.96502E-03     3.02863E-03     2.72698E-03    -498.032E-06     1.21989E-03
              63     84.4286E-03     6.69987E-03    -84.1585E-03    -806.094E-06     4.81901E-03     555.669E-06    -629.504E-06     4.74530E-03
              64     91.6181E-03     2.90676E-03    -91.5530E-03    -1.86724E-03     4.11599E-03     1.25225E-03    -788.294E-06     3.84081E-03
              65     101.152E-03     6.52631E-06    -101.120E-03    -2.50926E-03     3.47864E-03     2.17107E-03    -508.542E-06     2.66997E-03
              66     110.547E-03    -995.383E-06    -110.525E-03    -1.96955E-03     3.57876E-03     3.22854E-03    -120.366E-06     1.53934E-03
              67     117.509E-03    -692.775E-06    -117.506E-03    -582.469E-06     4.17856E-03     4.12655E-03     66.5480E-06     653.864E-06
              68     87.0056E-03    -3.30823E-03    -86.9426E-03     128.406E-06     3.87562E-03     655.944E-06     143.158E-06     3.81702E-03
              69     93.8093E-03    -3.95038E-03    -93.7234E-03     709.339E-06     3.38034E-03     1.48573E-03     491.889E-06     2.99623E-03
              70     102.748E-03    -3.51717E-03    -102.658E-03     2.48626E-03     3.34939E-03     2.54398E-03     910.355E-06     1.97935E-03
              71     111.685E-03    -2.14922E-03    -111.520E-03     5.67896E-03     3.98966E-03     3.69238E-03     1.07253E-03     1.06463E-03
              72     118.448E-03    -810.758E-06    -118.094E-03     9.12099E-03     4.69855E-03     4.62054E-03     742.110E-06     419.817E-06
              73     90.3860E-03    -12.8088E-03    -89.4684E-03     992.083E-06     3.89287E-03     629.648E-06     1.01745E-03     3.70442E-03
              74     96.4121E-03    -10.3446E-03    -95.8001E-03     3.25923E-03     3.75744E-03     1.47000E-03     1.92075E-03     2.87545E-03
              75     104.763E-03    -6.67428E-03    -104.275E-03     7.58059E-03     4.01191E-03     2.57223E-03     2.45257E-03     1.86117E-03
              76     113.581E-03    -3.09827E-03    -112.734E-03     13.4952E-03     4.53395E-03     3.76807E-03     2.32655E-03     972.383E-06
              77     120.503E-03    -865.783E-06    -119.000E-03     18.9536E-03     4.95049E-03     4.72413E-03     1.43264E-03     370.889E-06
              78     94.5785E-03    -22.6936E-03    -91.7960E-03     1.89662E-03     4.37321E-03     607.408E-06     1.86557E-03     3.90841E-03
              79     99.4813E-03    -17.1695E-03    -97.8121E-03     5.87609E-03     4.72068E-03     1.45215E-03     3.30921E-03     3.03730E-03
              80     107.217E-03    -10.2522E-03    -105.962E-03     12.7462E-03     5.11076E-03     2.59595E-03     3.94219E-03     1.95960E-03
              81     116.180E-03    -4.40499E-03    -114.121E-03     21.3279E-03     5.31868E-03     3.85524E-03     3.52099E-03     1.01398E-03
              82     123.524E-03    -1.13806E-03    -120.138E-03     28.7007E-03     5.30482E-03     4.86499E-03     2.08024E-03     381.532E-06
              83     85.4675E-03     80.3703E-03    -28.9305E-03     2.88550E-03     14.7591E-03    -1.05337E-03    -1.75951E-03     14.6160E-03
              84     77.6179E-03     51.8361E-03    -57.7694E-03    -513.707E-06     15.4925E-03    -1.78252E-03    -971.593E-06     15.3589E-03
              85     69.1978E-03     35.0859E-03    -59.5635E-03    -3.08300E-03     13.5322E-03    -2.41120E-03    -863.285E-06     13.2877E-03
              86     87.0154E-03     11.0636E-03    -85.7949E-03    -9.40848E-03     9.91886E-03    -3.20211E-03    -384.552E-06     9.37989E-03
              87     103.443E-03     1.66228E-03    -102.494E-03    -13.8811E-03     6.03560E-03    -3.69958E-03    -114.926E-06     4.76743E-03
              88     108.748E-03     106.560E-03    -21.5503E-03     2.55546E-03     14.6365E-03    -397.088E-06    -1.22267E-03     14.5800E-03
              89     127.446E-03     127.154E-03    -5.63435E-03     6.52436E-03     9.23546E-03    -98.6146E-06    -3.17370E-03     8.67247E-03
              90     10.0036E-03     8.69064E-03    -1.37681E-03     4.75917E-03     2.68477E-03    -699.048E-06    -2.20239E-03     1.36704E-03
              91     16.8877E-03     15.8772E-03    -3.16200E-03     4.80761E-03     3.34132E-03    -635.635E-06    -2.33060E-03     2.30839E-03
              92     24.4942E-03     23.5164E-03    -4.82215E-03     4.86751E-03     4.23325E-03    -612.217E-06    -2.46439E-03     3.38709E-03
              93     32.6737E-03     31.6302E-03    -6.53712E-03     4.93652E-03     5.28184E-03    -614.106E-06    -2.59445E-03     4.55955E-03
              94     41.4018E-03     40.2307E-03    -8.40778E-03     4.99145E-03     6.45934E-03    -632.094E-06    -2.71689E-03     5.82598E-03
              95     50.6522E-03     49.2967E-03    -10.5109E-03     4.99997E-03     7.76056E-03    -664.255E-06    -2.81385E-03     7.20189E-03
              96     60.3058E-03     58.6963E-03    -12.9344E-03     4.92394E-03     9.18752E-03    -712.202E-06    -2.85285E-03     8.70429E-03
              97     69.8801E-03     67.8601E-03    -16.0169E-03     4.65776E-03     10.7691E-03    -786.981E-06    -2.77163E-03     10.3765E-03
              98     78.3880E-03     75.4851E-03    -20.7466E-03     4.03143E-03     12.5893E-03    -923.075E-06    -2.46965E-03     12.3102E-03
              99     112.640E-03     1.81198E-03    -111.773E-03    -13.8249E-03     4.80625E-03    -2.47288E-03    -426.445E-06     4.09915E-03
             100     98.9600E-03     9.45808E-03    -97.9945E-03    -10.0346E-03     8.77200E-03    -2.56977E-03    -792.691E-06     8.34960E-03
             101     81.8429E-03     27.2762E-03    -77.0201E-03    -4.70772E-03     12.8270E-03    -2.47564E-03    -919.080E-06     12.5522E-03
             102     85.9361E-03     72.0745E-03    -46.7932E-03     829.320E-06     16.6061E-03    -922.766E-06    -717.256E-06     16.5649E-03
             103     141.116E-03     140.966E-03    -5.31697E-03     3.74825E-03     8.55800E-03    -36.9781E-06    -1.85322E-03     8.35485E-03
             104     113.702E-03     113.306E-03    -4.39855E-03     8.39080E-03     8.56138E-03    -123.136E-06    -3.93000E-03     7.60507E-03
             105     99.4651E-03     98.9568E-03    -3.31853E-03     9.47840E-03     7.66095E-03    -116.305E-06    -4.21218E-03     6.39798E-03
             106     85.1589E-03     84.5297E-03    -2.54422E-03     10.0152E-03     6.77305E-03    -116.841E-06    -4.19807E-03     5.31382E-03
             107     71.3209E-03     70.5594E-03    -1.97626E-03     10.2047E-03     5.93982E-03    -122.991E-06    -4.03608E-03     4.35619E-03
             108     58.2532E-03     57.3344E-03    -1.53300E-03     10.1906E-03     5.17914E-03    -131.776E-06    -3.81574E-03     3.49946E-03
             109     46.0580E-03     44.9274E-03    -1.16975E-03     10.0745E-03     4.50442E-03    -142.780E-06    -3.58489E-03     2.72360E-03
             110     34.7709E-03     33.3115E-03    -849.483E-06     9.93164E-03     3.91859E-03    -159.562E-06    -3.35798E-03     2.01341E-03
             111     24.5240E-03     22.4703E-03    -513.118E-06     9.81079E-03     3.41296E-03    -191.767E-06    -3.12233E-03     1.36478E-03
             112     15.8108E-03     12.4714E-03    -36.9635E-06     9.71831E-03     2.99174E-03    -251.694E-06    -2.87131E-03     801.729E-06
             113     6.43469E-03     4.34697E-03    -4.31416E-03    -1.97413E-03     2.49289E-03    -1.39088E-03    -1.39300E-03     1.52954E-03
             114     11.8721E-03     1.20672E-03    -7.99023E-03    -8.69750E-03     2.62884E-03    -2.18513E-03    -705.902E-06     1.27974E-03
             115     17.4464E-03    -61.0413E-06    -10.8995E-03    -13.6225E-03     2.92127E-03    -2.82044E-03    -262.776E-06     714.062E-06
             116     11.9470E-03     8.36300E-03    -8.30328E-03    -1.96101E-03     3.22653E-03    -1.39416E-03    -1.39699E-03     2.55249E-03
             117     17.0787E-03     2.86610E-03    -14.4004E-03    -8.72324E-03     3.18270E-03    -2.29517E-03    -642.368E-06     2.10930E-03
             118     23.4158E-03     392.606E-06    -18.9949E-03    -13.6872E-03     3.24417E-03    -3.02184E-03    -206.538E-06     1.16210E-03
             119     17.6548E-03     12.4591E-03    -12.3552E-03    -1.95242E-03     4.23259E-03    -1.42797E-03    -1.42708E-03     3.72011E-03
             120     23.3189E-03     4.39394E-03    -21.1597E-03    -8.75957E-03     3.94140E-03    -2.41475E-03    -610.170E-06     3.05472E-03
             121     30.9157E-03     711.754E-06    -27.6760E-03    -13.7592E-03     3.62911E-03    -3.21638E-03    -169.845E-06     1.67229E-03
             122     23.6615E-03     16.7432E-03    -16.6052E-03    -1.94879E-03     5.39847E-03    -1.48356E-03    -1.46455E-03     4.97972E-03
             123     30.2214E-03     5.92670E-03    -28.2947E-03    -8.81024E-03     4.83385E-03    -2.53908E-03    -593.642E-06     4.07023E-03
             124     39.4004E-03     985.241E-06    -36.8734E-03    -13.8483E-03     4.06011E-03    -3.39678E-03    -145.773E-06     2.21925E-03
             125     30.0422E-03     21.2456E-03    -21.1508E-03    -1.94987E-03     6.68114E-03    -1.56152E-03    -1.49311E-03     6.32217E-03
             126     37.6861E-03     7.51510E-03    -35.8501E-03    -8.86190E-03     5.82671E-03    -2.67983E-03    -575.236E-06     5.14181E-03
             127     48.6256E-03     1.25357E-03    -46.5683E-03    -13.9381E-03     4.54285E-03    -3.58035E-03    -124.411E-06     2.79340E-03
             128     36.8365E-03     25.9309E-03    -26.0902E-03    -1.95318E-03     8.06797E-03    -1.66582E-03    -1.49411E-03     7.75144E-03
             129     45.7206E-03     9.14443E-03    -43.9052E-03    -8.89315E-03     6.90024E-03    -2.84617E-03    -539.733E-06     6.26269E-03
             130     58.5170E-03     1.52050E-03    -56.7972E-03    -14.0004E-03     5.07665E-03    -3.77957E-03    -97.4805E-06     3.38788E-03
             131     44.0245E-03     30.6052E-03    -31.5847E-03    -1.97140E-03     9.54931E-03    -1.79968E-03    -1.44517E-03     9.26618E-03
             132     54.4272E-03     10.6801E-03    -52.6207E-03    -8.90560E-03     8.02013E-03    -3.03736E-03    -475.118E-06     7.40751E-03
             133     69.1004E-03     1.74493E-03    -67.6407E-03    -14.0200E-03     5.63250E-03    -3.98891E-03    -60.2034E-06     3.97619E-03
             134     51.5640E-03     34.5304E-03    -38.2369E-03    -2.10695E-03     11.0874E-03    -1.97440E-03    -1.31551E-03     10.8306E-03
             135     64.1662E-03     11.7075E-03    -62.4469E-03    -8.97871E-03     9.07589E-03    -3.23491E-03    -379.870E-06     8.47130E-03
             136     80.4069E-03     1.84235E-03    -79.1564E-03    -14.0050E-03     6.11864E-03    -4.16154E-03    -19.8802E-06     4.48542E-03
             137     59.6606E-03     36.2721E-03    -47.3015E-03    -2.50764E-03     12.5354E-03    -2.19275E-03    -1.08419E-03     12.2944E-03
             138     75.2950E-03     11.7337E-03    -73.8055E-03    -9.18778E-03     9.82014E-03    -3.35485E-03    -306.214E-06     9.22423E-03
             139     92.2158E-03     1.75781E-03    -91.1344E-03    -13.9714E-03     6.33896E-03    -4.15159E-03    -14.5242E-06     4.79025E-03
             140     88.7031E-03     47.0202E-03    -75.2136E-03    -509.463E-06     13.7915E-03    -345.516E-06    -412.199E-06     13.7810E-03
             141     84.9569E-03     29.7959E-03    -79.5451E-03    -1.56705E-03     9.99569E-03    -348.363E-06    -1.07703E-03     9.93139E-03
             142     81.8764E-03     22.1749E-03    -78.8135E-03    -667.599E-06     7.79970E-03     206.563E-06    -576.644E-06     7.77561E-03
             143     83.4206E-03     34.1373E-03    -76.1160E-03    -125.978E-33     10.5170E-03     2.85705E-36     18.1625E-33     10.5170E-03
             144     90.1230E-03     37.3169E-03    -82.0002E-03    -2.36351E-03     12.5904E-03    -913.072E-06    -1.08971E-03     12.5099E-03
             145     90.5187E-03     20.2379E-03    -88.1281E-03    -4.18178E-03     8.53449E-03    -492.293E-06    -1.67848E-03     8.35332E-03
             146     86.3847E-03     16.4193E-03    -84.7713E-03    -2.55858E-03     7.21094E-03     563.768E-06    -1.41442E-03     7.04835E-03
             147     95.8739E-03     24.2076E-03    -92.5984E-03    -5.59750E-03     10.3950E-03    -1.15947E-03    -1.41674E-03     10.2325E-03
             148     99.7474E-03     10.8214E-03    -98.8781E-03    -7.45314E-03     6.40796E-03    -210.001E-06    -1.72260E-03     6.16851E-03
             149     94.9179E-03     9.01637E-03    -94.3461E-03    -5.18793E-03     5.99776E-03     966.746E-06    -1.61883E-03     5.69368E-03
             150     104.921E-03     13.1378E-03    -103.681E-03    -9.27101E-03     7.61868E-03    -901.918E-06    -1.36473E-03     7.44099E-03
             151     109.849E-03     4.35335E-03    -109.281E-03    -10.2735E-03     4.10653E-03     552.241E-06    -1.36097E-03     3.83490E-03
             152     105.194E-03     3.42934E-03    -104.864E-03    -7.58809E-03     4.51010E-03     1.60752E-03    -1.32420E-03     4.00042E-03
             153     114.152E-03     5.57532E-03    -113.339E-03    -12.3977E-03     4.54271E-03    -283.944E-06    -985.199E-06     4.42549E-03
             154     117.638E-03     1.17004E-03    -117.029E-03    -11.8953E-03     2.40232E-03     1.46759E-03    -742.468E-06     1.75102E-03
             155     114.276E-03     674.345E-06    -113.928E-03    -8.88804E-03     3.41393E-03     2.40034E-03    -803.452E-06     2.29080E-03
             156     119.862E-03     1.39036E-03    -119.022E-03    -14.0915E-03     1.51099E-03     227.152E-06    -360.030E-06     1.44979E-03
             157     120.576E-03     39.0368E-33    -119.941E-03    -12.3575E-03     1.89053E-03     1.89053E-03    -38.5792E-33     68.0280E-36
             158     119.625E-03    -5.86556E-06    -119.271E-03    -9.19074E-03     3.07009E-03     2.96984E-03    -259.548E-06     733.574E-06
             159     83.6525E-03     12.6950E-03    -82.6745E-03    -1.22324E-03     5.83185E-03     145.580E-06    -905.875E-06     5.75923E-03
             160     82.4559E-03     7.86634E-03    -82.0790E-03    -353.274E-06     5.05723E-03     474.427E-06    -342.865E-06     5.02324E-03
             161     81.0949E-03     15.3223E-03    -79.6342E-03    -110.974E-33     6.22692E-03    -35.3165E-36    -5.62954E-33     6.22692E-03
             162     90.7683E-03     7.19111E-03    -90.4330E-03    -3.00825E-03     4.76116E-03     542.030E-06    -1.26981E-03     4.55658E-03
             163     87.5727E-03     4.75437E-03    -87.4338E-03    -1.30148E-03     4.78979E-03     1.33970E-03    -759.860E-06     4.53540E-03
             164     100.515E-03     2.43880E-03    -100.373E-03    -4.73326E-03     3.48200E-03     1.33734E-03    -1.07841E-03     3.02868E-03
             165     96.2437E-03     1.22265E-03    -96.2087E-03    -2.29248E-03     4.27335E-03     2.15840E-03    -676.568E-06     3.62561E-03
             166     110.233E-03     14.2104E-06    -110.099E-03    -5.44107E-03     2.99606E-03     2.45403E-03    -630.044E-06     1.59911E-03
             167     106.028E-03    -708.010E-06    -105.997E-03    -2.43954E-03     3.95128E-03     3.03828E-03    -304.447E-06     2.50774E-03
             168     117.430E-03    -438.781E-06    -117.319E-03    -5.07808E-03     3.57260E-03     3.51552E-03    -234.910E-06     591.128E-06
             169     114.482E-03    -934.823E-06    -114.470E-03    -1.42278E-03     4.13379E-03     3.88444E-03     4.73289E-06     1.41397E-03
             170     120.110E-03    -23.9340E-33    -120.017E-03    -4.70696E-03     3.96590E-03     3.96590E-03    -16.0470E-33    -32.5090E-36
             171     119.446E-03    -357.988E-06    -119.445E-03    -221.438E-06     4.44843E-03     4.42543E-03     50.6494E-06     448.878E-06
             172     85.5979E-03     1.51062E-03    -85.5839E-03    -338.023E-06     4.08055E-03     334.353E-06    -269.883E-06     4.05787E-03
             173     85.1078E-03    -3.08406E-03    -85.0519E-03     50.8115E-06     4.12970E-03     518.869E-06     57.2634E-06     4.09657E-03
             174     82.9080E-03     2.71564E-03    -82.8635E-03    -65.8957E-33     4.46819E-03    -2.19273E-36    -1.78022E-33     4.46819E-03
             175     92.6554E-03    -690.273E-06    -92.6509E-03    -597.196E-06     3.18248E-03     966.391E-06    -186.357E-06     3.02647E-03
             176     90.0062E-03    -3.77686E-03    -89.9263E-03     329.700E-06     3.96916E-03     1.50809E-03     298.560E-06     3.65934E-03
             177     101.898E-03    -1.89077E-03    -101.880E-03    -61.5913E-06     2.69084E-03     1.99984E-03     168.692E-06     1.79242E-03
             178     98.1441E-03    -3.89609E-03    -98.0566E-03     1.41317E-03     3.85927E-03     2.47839E-03     710.272E-06     2.87176E-03
             179     111.022E-03    -1.65813E-03    -110.995E-03     1.78535E-03     3.39415E-03     3.27482E-03     458.220E-06     765.408E-06
             180     107.357E-03    -2.88137E-03    -107.247E-03     3.91533E-03     4.11062E-03     3.47354E-03     1.03401E-03     1.93974E-03
             181     117.837E-03    -788.121E-06    -117.759E-03     4.20199E-03     4.40427E-03     4.38204E-03     398.272E-06     191.497E-06
             182     115.480E-03    -1.41105E-03    -115.233E-03     7.41158E-03     4.59889E-03     4.36966E-03     959.954E-06     1.06506E-03
             183     120.397E-03    -36.8848E-33    -120.278E-03     5.36013E-03     4.82916E-03     4.82916E-03     6.39084E-33     13.5405E-36
             184     120.338E-03    -352.196E-06    -119.913E-03     10.1018E-03     4.94713E-03     4.92016E-03     395.422E-06     331.280E-06
             185     88.6046E-03    -8.04019E-03    -88.2372E-03     568.974E-06     3.70072E-03     366.928E-06     575.247E-06     3.63728E-03
             186     88.7529E-03    -13.5165E-03    -87.7167E-03     413.966E-06     4.04675E-03     467.452E-06     515.894E-06     3.98642E-03
             187     86.1526E-03    -8.17590E-03    -85.7638E-03    -19.5768E-33     4.03653E-03    -3.96399E-36     17.0096E-33     4.03653E-03
             188     95.0616E-03    -7.12804E-03    -94.7730E-03     1.99366E-03     3.09183E-03     1.06651E-03     1.19849E-03     2.64303E-03
             189     93.0122E-03    -11.8248E-03    -92.2379E-03     1.90166E-03     4.07091E-03     1.40949E-03     1.50025E-03     3.51211E-03
             190     103.704E-03    -5.07660E-03    -103.457E-03     5.03724E-03     3.12965E-03     2.18563E-03     1.67530E-03     1.48696E-03
             191     100.400E-03    -8.59508E-03    -99.8981E-03     5.15605E-03     4.26056E-03     2.41369E-03     2.25175E-03     2.69371E-03
             192     112.540E-03    -2.60345E-03    -112.100E-03     9.59134E-03     3.94615E-03     3.51575E-03     1.69763E-03     574.102E-06
             193     109.254E-03    -4.76759E-03    -108.651E-03     10.4183E-03     4.62020E-03     3.47764E-03     2.47869E-03     1.76304E-03
             194     119.343E-03    -823.050E-06    -118.510E-03     14.0514E-03     4.75714E-03     4.62974E-03     1.08799E-03     110.608E-06
             195     117.437E-03    -1.76535E-03    -116.273E-03     16.4049E-03     4.94132E-03     4.43881E-03     1.96100E-03     931.695E-06
             196     121.938E-03    -38.1817E-33    -120.889E-03     15.9582E-03     5.06968E-03     5.06968E-03     25.0749E-33    -2.96709E-36
             197     122.460E-03    -323.573E-06    -120.726E-03     20.5301E-03     5.09162E-03     5.02825E-03     749.938E-06     280.938E-06
             198     92.3683E-03    -17.6863E-03    -90.6481E-03     1.42069E-03     4.02257E-03     399.960E-06     1.45949E-03     3.72707E-03
             199     93.3644E-03    -24.3048E-03    -90.1418E-03     800.992E-06     4.30857E-03     387.248E-06     961.340E-06     4.18206E-03
             200     90.4009E-03    -19.1405E-03    -88.3514E-03     23.2364E-33     4.11625E-03    -3.32480E-36     42.0739E-33     4.11625E-03
             201     97.8763E-03    -13.6797E-03    -96.8096E-03     4.53298E-03     3.97971E-03     1.13568E-03     2.64213E-03     2.75090E-03
             202     96.6332E-03    -20.2824E-03    -94.4147E-03     3.53210E-03     4.66746E-03     1.22648E-03     2.67030E-03     3.62635E-03
             203     105.930E-03    -8.38586E-03    -105.110E-03     10.1304E-03     4.26745E-03     2.28548E-03     3.22630E-03     1.60583E-03
             204     103.058E-03    -13.7250E-03    -101.746E-03     8.97213E-03     5.12978E-03     2.23893E-03     3.74957E-03     2.69120E-03
             205     114.796E-03    -3.68787E-03    -113.411E-03     17.3908E-03     4.72310E-03     3.62499E-03     2.94909E-03     685.550E-06
             206     111.705E-03    -7.05142E-03    -110.183E-03     16.9682E-03     5.41374E-03     3.40100E-03     3.86750E-03     1.66859E-03
             207     121.903E-03    -965.032E-06    -119.548E-03     23.8231E-03     5.05081E-03     4.72635E-03     1.77179E-03     182.004E-06
             208     120.252E-03    -2.41822E-03    -117.523E-03     25.3582E-03     5.41236E-03     4.49038E-03     2.90825E-03     819.906E-06
             209     124.651E-03    -42.7502E-33    -121.817E-03     26.4317E-03     5.15617E-03     5.15617E-03     40.3505E-33    -66.5779E-39
             210     125.634E-03    -409.206E-06    -121.792E-03     30.8294E-03     5.28414E-03     5.16708E-03     1.08140E-03     232.260E-06
             211     97.0627E-03    -27.8622E-03    -92.9452E-03     2.46172E-03     4.72082E-03     502.715E-06     2.27007E-03     4.10855E-03
             212     99.2516E-03    -35.7662E-03    -92.5732E-03     1.36542E-03     4.88534E-03     251.420E-06     1.15457E-03     4.74028E-03
             213     95.7886E-03    -30.5638E-03    -90.7817E-03     74.3201E-33     4.49714E-03    -842.005E-39     62.6125E-33     4.49714E-03
             214     101.268E-03    -20.8535E-03    -98.8243E-03     7.35133E-03     5.20482E-03     1.32354E-03     3.95428E-03     3.11482E-03
             215     101.181E-03    -29.5017E-03    -96.6223E-03     5.60185E-03     5.14914E-03     930.369E-06     3.15951E-03     3.95797E-03
             216     108.646E-03    -12.3092E-03    -106.829E-03     15.4937E-03     5.59550E-03     2.53712E-03     4.60475E-03     1.91541E-03
             217     106.329E-03    -19.6297E-03    -103.648E-03     13.3251E-03     5.49342E-03     2.01093E-03     4.32949E-03     2.71834E-03
             218     117.735E-03    -5.27064E-03    -114.848E-03     25.3725E-03     5.68840E-03     3.91588E-03     4.02444E-03     909.792E-06
             219     114.770E-03    -9.99240E-03    -111.781E-03     24.0299E-03     5.72455E-03     3.41644E-03     4.34623E-03     1.48617E-03
             220     125.358E-03    -1.39213E-03    -120.747E-03     33.6566E-03     5.55691E-03     5.03113E-03     2.34024E-03     300.421E-06
             221     123.863E-03    -3.51210E-03    -118.843E-03     34.7285E-03     5.77842E-03     4.77760E-03     3.19265E-03     609.651E-06
             222     128.337E-03    -56.8684E-33    -122.915E-03     36.9084E-03     5.46209E-03     5.46209E-03     49.5563E-33    -2.05173E-36
             223     129.734E-03    -651.187E-06    -122.929E-03     41.4586E-03     5.74286E-03     5.62036E-03     1.17095E-03     144.322E-06
             224     111.824E-03     15.9245E-33    -110.765E-03    -15.3570E-03     3.61234E-03    -3.61234E-03    -17.7804E-36     118.721E-33
             225     115.973E-03     521.784E-06    -115.025E-03    -14.7856E-03     3.29497E-03    -2.56184E-03    -297.471E-06     2.05069E-03
             226     108.390E-03     1.63015E-03    -107.485E-03    -13.8801E-03     5.54367E-03    -3.22631E-03    -273.330E-06     4.49983E-03
             227     106.975E-03     351.110E-06    -105.909E-03    -15.0617E-03     4.60017E-03    -3.92265E-03    -123.096E-06     2.39984E-03
             228     119.511E-03     59.2278E-33    -118.584E-03    -14.8615E-03     1.49593E-03    -1.49593E-03     19.6359E-36     118.789E-33
             229     115.799E-03     2.27785E-03    -114.961E-03    -13.7121E-03     3.87009E-03    -1.48934E-03    -763.565E-06     3.48947E-03
             230     107.006E-03     4.60980E-03    -106.210E-03    -12.1912E-03     6.67018E-03    -2.50225E-03    -698.688E-06     6.14345E-03
             231     93.1370E-03     10.0886E-03    -92.0752E-03    -9.74046E-03     9.49203E-03    -3.00674E-03    -593.877E-06     8.98363E-03
             232     96.6793E-03     4.95150E-03    -95.8102E-03    -11.9490E-03     7.93607E-03    -3.45911E-03    -304.809E-06     7.13603E-03
             233     104.914E-03     8.78783E-03    -104.012E-03    -10.5436E-03     7.49424E-03    -1.95016E-03    -1.13738E-03     7.14611E-03
             234     90.4274E-03     16.8617E-03    -88.5274E-03    -7.46389E-03     10.7559E-03    -2.59641E-03    -880.556E-06     10.4006E-03
             235     75.0294E-03     30.9722E-03    -68.2256E-03    -3.92444E-03     13.3817E-03    -2.58551E-03    -903.612E-06     13.0984E-03
             236     76.8006E-03     20.9920E-03    -73.6036E-03    -6.33937E-03     11.8919E-03    -2.83622E-03    -597.991E-06     11.5332E-03
             237     91.0983E-03     21.9361E-03    -88.2092E-03    -6.07087E-03     11.2040E-03    -2.19221E-03    -1.09193E-03     10.9331E-03
             238     78.0625E-03     38.3880E-03    -67.9275E-03    -2.44237E-03     14.2180E-03    -2.19895E-03    -902.334E-06     14.0179E-03
             239     78.3015E-03     65.9024E-03    -42.2685E-03     1.16599E-03     15.6103E-03    -1.48848E-03    -1.26728E-03     15.4874E-03
             240     70.9129E-03     55.7089E-03    -43.8757E-03     284.565E-06     14.6865E-03    -1.53067E-03    -1.12914E-03     14.5628E-03
             241     82.9711E-03     40.0704E-03    -72.6232E-03    -2.10715E-03     14.1460E-03    -1.82035E-03    -916.536E-06     13.9984E-03
             242     83.8984E-03     56.3853E-03    -62.1258E-03    -159.961E-06     15.7991E-03    -1.02307E-03    -601.097E-06     15.7545E-03
             243     81.0903E-03     61.6658E-03    -52.6575E-03     402.197E-06     16.1237E-03    -1.35578E-03    -838.898E-06     16.0446E-03
             244     86.2076E-03     64.6777E-03    -56.9961E-03    -38.5982E-33     16.4064E-03    -17.5917E-33     17.3386E-33     16.4064E-03
             245     89.6404E-03     77.9245E-03    -44.3042E-03     575.638E-06     16.7687E-03    -353.459E-06    -305.463E-06     16.7622E-03
             246     95.2944E-03     89.4221E-03    -32.8885E-03     1.74513E-03     16.1074E-03    -514.167E-06    -833.713E-06     16.0776E-03
             247     97.0969E-03     93.6538E-03    -25.4410E-03     3.08546E-03     14.9537E-03    -740.817E-06    -1.60377E-03     14.8490E-03
             248     105.896E-03     102.360E-03    -27.1379E-03     45.9675E-33     15.7368E-03     19.1050E-33    -36.9746E-33     15.7368E-03
             249     115.837E-03     114.217E-03    -19.2560E-03     1.44017E-03     14.2842E-03     60.2142E-06    -573.940E-06     14.2725E-03
             250     136.388E-03     136.080E-03    -9.16091E-03     96.4034E-33     10.7940E-03     24.7562E-33    -82.7290E-33     10.7940E-03
             251     145.563E-03     145.466E-03    -4.95492E-03     1.95507E-03     8.03166E-03     146.323E-06    -945.323E-06     7.97449E-03
             252     126.338E-03     125.768E-03    -11.5446E-03     3.24269E-03     11.9563E-03     114.987E-06    -1.47344E-03     11.8646E-03
             253     155.621E-03     155.612E-03    -1.70850E-03     121.722E-33     3.81228E-03     10.3894E-33    -106.041E-33     3.81228E-03
             254     157.252E-03     157.238E-03    -134.310E-33     2.06613E-03     1.06093E-03    -30.2208E-36    -1.06093E-03     281.720E-33
             255     151.012E-03     150.948E-03    -1.88339E-03     3.98321E-03     4.73658E-03     174.075E-06    -1.96802E-03     4.30486E-03
             256     134.951E-03     134.734E-03    -5.52416E-03     5.29148E-03     8.98254E-03    -118.957E-06    -2.62259E-03     8.59034E-03
             257     106.911E-03     105.811E-03    -14.4304E-03     5.07735E-03     12.5919E-03     80.8814E-06    -2.26922E-03     12.3855E-03
             258     150.161E-03     150.049E-03    -113.747E-33     5.81645E-03     2.90105E-03    -4.32127E-36    -2.90105E-03     264.092E-33
             259     139.723E-03     139.525E-03    -1.79129E-03     7.21809E-03     5.70515E-03     301.478E-06    -3.44621E-03     4.53669E-03
             260     137.663E-03     137.391E-03    -86.3331E-33     8.65903E-03     4.12896E-03     25.4102E-36    -4.12896E-03     234.991E-33
             261     125.247E-03     124.883E-03    -1.31930E-03     9.45426E-03     5.89050E-03     298.573E-06    -4.30497E-03     4.00949E-03
             262     120.911E-03     120.569E-03    -5.00922E-03     7.58743E-03     8.96189E-03    -408.429E-06    -3.69459E-03     8.15468E-03
             263     122.121E-03     121.667E-03    -62.3860E-33     10.5147E-03     4.70866E-03    -14.8185E-36    -4.70866E-03     200.539E-33
             264     109.444E-03     108.910E-03    -932.695E-06     10.7570E-03     5.72170E-03     209.558E-06    -4.61426E-03     3.37677E-03
             265     106.683E-03     106.233E-03    -3.82765E-03     9.01788E-03     8.15500E-03    -349.436E-06    -4.17402E-03     6.99711E-03
             266     105.557E-03     104.922E-03    -46.3129E-33     11.5602E-03     4.82554E-03    -8.73522E-36    -4.82554E-03     167.009E-33
             267     93.5372E-03     92.8361E-03    -671.023E-06     11.4110E-03     5.37768E-03     120.720E-06    -4.58919E-03     2.80075E-03
             268     92.2853E-03     91.7176E-03    -2.90540E-03     9.79871E-03     7.24117E-03    -267.831E-06    -4.26659E-03     5.84457E-03
             269     89.2132E-03     88.3979E-03    -35.4720E-33     12.0342E-03     4.67960E-03    -7.91918E-36    -4.67960E-03     136.608E-33
             270     78.2289E-03     77.3556E-03    -492.673E-06     11.6461E-03     4.95794E-03     52.5829E-06    -4.39634E-03     2.29141E-03
             271     78.1545E-03     77.4611E-03    -2.24327E-03     10.1425E-03     6.36482E-03    -207.465E-06    -4.14919E-03     4.82205E-03
             272     73.6943E-03     72.6862E-03    -27.9082E-33     12.1482E-03     4.42132E-03    -5.74399E-36    -4.42132E-03     109.913E-33
             273     63.8372E-03     62.7671E-03    -366.344E-06     11.6336E-03     4.53088E-03     3.65073E-06    -4.14165E-03     1.83729E-03
             274     64.6797E-03     63.8440E-03    -1.74344E-03     10.2161E-03     5.55656E-03    -166.436E-06    -3.93842E-03     3.91618E-03
             275     59.2165E-03     57.9750E-03    -22.1386E-33     12.0617E-03     4.13570E-03    -4.39197E-36    -4.13570E-03     86.3401E-33
             276     50.4554E-03     49.1272E-03    -272.474E-06     11.4978E-03     4.13429E-03    -32.0476E-06    -3.87983E-03     1.42766E-03
             277     52.0430E-03     51.0279E-03    -1.34436E-03     10.1401E-03     4.83074E-03    -138.923E-06    -3.70055E-03     3.10205E-03
             278     45.8227E-03     44.2526E-03    -17.0742E-33     11.8921E-03     3.85895E-03    -3.19659E-36    -3.85895E-03     65.0907E-33
             279     38.1120E-03     36.3886E-03    -194.030E-06     11.3295E-03     3.77591E-03    -61.2632E-06    -3.62534E-03     1.05389E-03
             280     40.2955E-03     39.0213E-03    -1.00771E-03     10.0027E-03     4.19478E-03    -123.774E-06    -3.46542E-03     2.36045E-03
             281     33.5742E-03     31.4615E-03    -11.0666E-33     11.7219E-03     3.58690E-03    -2.93136E-36    -3.58690E-03     45.5400E-33
             282     26.9582E-03     24.5272E-03    -101.114E-06     11.1870E-03     3.43683E-03    -91.8133E-06    -3.36075E-03     713.257E-06
             283     29.4975E-03     27.7898E-03    -689.893E-06     9.86673E-03     3.64522E-03    -127.382E-06    -3.23241E-03     1.68016E-03
             284     22.7984E-03     19.6308E-03    -136.526E-36     11.5931E-03     3.29265E-03    -160.953E-39    -3.29265E-03     27.7635E-33
             285     17.5695E-03     13.6357E-03     72.9614E-06     11.0793E-03     3.10035E-03    -127.508E-06    -3.06953E-03     417.045E-06
             286     19.9160E-03     17.3559E-03    -305.499E-06     9.76347E-03     3.17419E-03    -166.987E-06    -2.98586E-03     1.06406E-03
             287     14.5293E-03     8.91469E-03     24.0001E-33     11.4729E-03     3.00671E-03    -2.00719E-36    -3.00671E-03     14.2548E-33
             288     11.5671E-03     3.79737E-03     444.907E-06     10.9170E-03     2.87671E-03    -146.423E-06    -2.86117E-03     260.201E-06
             289     12.4321E-03     7.81516E-03     318.148E-06     9.66328E-03     2.82594E-03    -262.903E-06    -2.76260E-03     533.739E-06
             290     96.6012E-03     95.7811E-03    -10.6866E-03     6.60119E-03     10.8885E-03     55.6758E-06    -3.05675E-03     10.4505E-03
             291     82.1735E-03     78.3231E-03    -24.6159E-03     3.46973E-03     13.7977E-03    -1.40343E-03    -2.40669E-03     13.5135E-03
             292     85.2577E-03     84.5401E-03    -8.16880E-03     7.42459E-03     9.40092E-03    -42.1339E-06    -3.41005E-03     8.76054E-03
             293     74.2233E-03     71.8130E-03    -18.2491E-03     4.35466E-03     11.7349E-03    -1.13747E-03    -2.81179E-03     11.3361E-03
             294     73.2923E-03     72.5861E-03    -6.47717E-03     7.81431E-03     8.09682E-03    -125.213E-06    -3.48729E-03     7.30628E-03
             295     65.0964E-03     63.2996E-03    -14.4088E-03     4.80448E-03     10.0088E-03    -934.213E-06    -2.93535E-03     9.52299E-03
             296     61.4937E-03     60.7577E-03    -5.18373E-03     7.94382E-03     6.92375E-03    -195.365E-06    -3.41987E-03     6.01703E-03
             297     55.4367E-03     53.9641E-03    -11.6777E-03     4.97343E-03     8.48872E-03    -797.810E-06    -2.90663E-03     7.93557E-03
             298     50.2684E-03     49.4691E-03    -4.10389E-03     7.92940E-03     5.86428E-03    -253.786E-06    -3.28642E-03     4.85024E-03
             299     45.9664E-03     44.7105E-03    -9.42551E-03     5.00344E-03     7.10959E-03    -695.977E-06    -2.79880E-03     6.49835E-03
             300     39.7365E-03     38.8260E-03    -3.17033E-03     7.84074E-03     4.92027E-03    -304.159E-06    -3.12864E-03     3.78526E-03
             301     36.9705E-03     35.8701E-03    -7.44817E-03     4.96757E-03     5.85440E-03    -619.960E-06    -2.65705E-03     5.17974E-03
             302     29.9364E-03     28.8269E-03    -2.32614E-03     7.73194E-03     4.09549E-03    -352.992E-06    -2.96326E-03     2.80491E-03
             303     28.5147E-03     27.5129E-03    -5.66570E-03     4.90205E-03     4.72244E-03    -568.869E-06    -2.50671E-03     3.96160E-03
             304     20.9584E-03     19.4598E-03    -1.48824E-03     7.63933E-03     3.40033E-03    -410.547E-06    -2.78543E-03     1.90659E-03
             305     20.6149E-03     19.6376E-03    -3.99446E-03     4.83575E-03     3.72786E-03    -549.838E-06    -2.35879E-03     2.83385E-03
             306     13.1567E-03     10.7516E-03    -493.647E-06     7.56685E-03     2.86279E-03    -480.160E-06    -2.58944E-03     1.12241E-03
             307     13.3312E-03     12.2285E-03    -2.30234E-03     4.78353E-03     2.92180E-03    -584.737E-06    -2.22047E-03     1.80679E-03
             308     7.96760E-03     2.65838E-03     934.720E-06     7.45264E-03     2.59857E-03    -519.427E-06    -2.44415E-03     713.360E-06
             309     7.06353E-03     5.23510E-03    -344.265E-06     4.72955E-03     2.42936E-03    -704.431E-06    -2.13483E-03     920.915E-06
             310     1.81369E-03     968.249E-06     461.814E-06     1.46243E-03     2.28918E-03    -1.07413E-03    -1.76931E-03     977.814E-06
             311     3.79313E-03     2.29953E-03    -2.27406E-03    -1.98207E-03     2.20442E-03    -1.37087E-03    -1.36800E-03     1.05299E-03
             312     7.14506E-03     6.45184E-03    -2.67356E-03     1.50924E-03     2.58987E-03    -1.05979E-03    -1.82790E-03     1.49768E-03
             313     5.53724E-03    -428.915E-06    -949.874E-06    -5.43827E-03     2.28933E-03    -1.77176E-03    -1.06639E-03     982.199E-06
             314     9.96781E-03     257.494E-06    -4.89460E-03    -8.67951E-03     2.41900E-03    -2.12997E-03    -706.528E-06     903.099E-06
             315     8.60945E-03     2.55668E-03    -6.14796E-03    -5.45790E-03     2.55449E-03    -1.81829E-03    -1.05702E-03     1.44980E-03
             316     11.7466E-03    -911.290E-06    -2.68047E-03    -11.4003E-03     2.59301E-03    -2.43734E-03    -512.092E-06     721.712E-06
             317     15.3193E-03    -378.791E-06    -7.08437E-03    -13.5775E-03     2.79944E-03    -2.73816E-03    -268.612E-06     516.932E-06
             318     15.0007E-03     350.316E-06    -9.63854E-03    -11.4890E-03     2.79158E-03    -2.55172E-03    -478.043E-06     1.02622E-03
             319     15.3355E-03    -438.292E-06    -3.85707E-03    -14.8361E-03     2.86237E-03    -2.84640E-03    -143.604E-06     265.688E-06
             320     17.2306E-03    -21.0431E-33    -7.79451E-03    -15.3668E-03     2.96893E-03    -2.96893E-03    -186.891E-39     10.3398E-33
             321     18.9487E-03    -124.542E-06    -11.6153E-03    -14.9707E-03     3.02480E-03    -3.00030E-03    -124.151E-06     363.578E-06
             322     9.17181E-03     6.35659E-03    -6.31245E-03    -1.96692E-03     2.74131E-03    -1.31813E-03    -1.31942E-03     2.00908E-03
             323     13.2765E-03     11.9975E-03    -5.47331E-03     1.53925E-03     3.31350E-03    -1.02615E-03    -1.89336E-03     2.51823E-03
             324     14.3017E-03     2.06704E-03    -11.1531E-03    -8.71059E-03     2.82305E-03    -2.19696E-03    -595.917E-06     1.66968E-03
             325     13.6722E-03     5.24750E-03    -11.3808E-03    -5.46534E-03     3.22292E-03    -1.88049E-03    -1.02641E-03     2.40779E-03
             326     20.1886E-03     191.226E-06    -14.8675E-03    -13.6565E-03     3.05866E-03    -2.90940E-03    -185.631E-06     925.368E-06
             327     20.6201E-03     1.27227E-03    -17.0429E-03    -11.5373E-03     3.22527E-03    -2.71928E-03    -421.103E-06     1.68243E-03
             328     22.0994E-03    -4.35923E-33    -15.7873E-03    -15.4643E-03     3.17032E-03    -3.17032E-03    -794.561E-39     17.1074E-33
             329     25.0553E-03     52.6171E-06    -20.0335E-03    -15.0474E-03     3.28183E-03    -3.22718E-03    -101.638E-06     587.730E-06
             330     14.7700E-03     10.3927E-03    -10.3111E-03    -1.95593E-03     3.65505E-03    -1.34247E-03    -1.34465E-03     3.12235E-03
             331     19.6673E-03     17.7964E-03    -8.22324E-03     1.57164E-03     4.28692E-03    -1.00195E-03    -1.95406E-03     3.68177E-03
             332     20.1018E-03     3.63677E-03    -17.7336E-03    -8.73925E-03     3.50378E-03    -2.31522E-03    -552.665E-06     2.57114E-03
             333     19.3660E-03     7.88605E-03    -16.8167E-03    -5.48175E-03     4.12311E-03    -1.94108E-03    -1.00059E-03     3.49730E-03
             334     27.0159E-03     563.018E-06    -23.2655E-03    -13.7209E-03     3.41931E-03    -3.11122E-03    -139.901E-06     1.41154E-03
             335     27.5716E-03     2.03627E-03    -24.9319E-03    -11.5951E-03     3.78173E-03    -2.87541E-03    -370.383E-06     2.42823E-03
             336     28.9726E-03     4.85081E-33    -24.4525E-03    -15.5399E-03     3.39793E-03    -3.39793E-03    -1.77408E-36     26.7284E-33
             337     32.7888E-03     153.673E-06    -29.0898E-03    -15.1284E-03     3.54351E-03    -3.44087E-03    -82.4680E-06     842.656E-06
             338     20.6154E-03     14.5751E-03    -14.4485E-03    -1.94990E-03     4.77411E-03    -1.41115E-03    -1.40449E-03     4.33915E-03
             339     26.4129E-03     23.9169E-03    -11.0926E-03     1.60573E-03     5.42506E-03    -991.020E-06    -2.00680E-03     4.94185E-03
             340     26.6965E-03     5.15576E-03    -24.6773E-03    -8.78364E-03     4.35172E-03    -2.44853E-03    -553.289E-06     3.55473E-03
             341     25.5119E-03     10.6043E-03    -22.5402E-03    -5.50874E-03     5.17658E-03    -2.00791E-03    -976.663E-06     4.67027E-03
             342     35.0544E-03     851.309E-06    -32.2115E-03    -13.8022E-03     3.83080E-03    -3.29984E-03    -123.578E-06     1.94186E-03
             343     35.3725E-03     2.76380E-03    -33.2776E-03    -11.6693E-03     4.43480E-03    -3.02255E-03    -327.035E-06     3.22873E-03
             344     37.1498E-03     10.0695E-33    -33.7021E-03    -15.6294E-03     3.60345E-03    -3.60345E-03    -1.30039E-36     37.3132E-33
             345     41.5801E-03     224.749E-06    -38.6912E-03    -15.2264E-03     3.80230E-03    -3.63417E-03    -67.9243E-06     1.11609E-03
             346     26.8021E-03     18.9691E-03    -18.8343E-03    -1.94887E-03     6.02256E-03    -1.51167E-03    -1.47400E-03     5.64034E-03
             347     33.5665E-03     30.3773E-03    -14.1869E-03     1.63125E-03     6.69087E-03    -992.442E-06    -2.04390E-03     6.29327E-03
             348     33.8837E-03     6.71439E-03    -32.0145E-03    -8.83720E-03     5.31331E-03    -2.59799E-03    -571.106E-06     4.59952E-03
             349     32.1084E-03     13.4445E-03    -28.6273E-03    -5.53815E-03     6.34315E-03    -2.09245E-03    -943.348E-06     5.91331E-03
             350     43.9269E-03     1.11951E-03    -41.6563E-03    -13.8948E-03     4.29179E-03    -3.48391E-03    -121.519E-06     2.50342E-03
             351     43.8398E-03     3.50506E-03    -42.0919E-03    -11.7438E-03     5.17254E-03    -3.17887E-03    -283.893E-06     4.07055E-03
             352     46.2182E-03     13.5305E-33    -43.4584E-03    -15.7317E-03     3.79389E-03    -3.79389E-03    -1.46639E-36     48.3459E-33
             353     51.1495E-03     288.354E-06    -48.7985E-03    -15.3262E-03     4.07451E-03    -3.82498E-03    -57.3305E-06     1.40280E-03
             354     33.3870E-03     23.5722E-03    -23.5634E-03    -1.95183E-03     7.37606E-03    -1.64349E-03    -1.53257E-03     7.02542E-03
             355     41.1343E-03     37.1439E-03    -17.5977E-03     1.63535E-03     8.07607E-03    -1.00832E-03    -2.04825E-03     7.74667E-03
             356     41.6284E-03     8.32878E-03    -39.8080E-03    -8.88171E-03     6.36270E-03    -2.77287E-03    -584.940E-06     5.69675E-03
             357     39.1945E-03     16.3792E-03    -35.1718E-03    -5.55640E-03     7.60512E-03    -2.20475E-03    -887.384E-06     7.22423E-03
             358     53.4881E-03     1.38838E-03    -51.6115E-03    -13.9748E-03     4.80583E-03    -3.67983E-03    -121.286E-06     3.08872E-03
             359     52.9394E-03     4.25674E-03    -51.4334E-03    -11.7926E-03     5.98234E-03    -3.35769E-03    -233.621E-06     4.94567E-03
             360     55.9870E-03     16.1442E-33    -53.7036E-03    -15.8261E-03     3.98663E-03    -3.98663E-03    -1.43644E-36     59.6639E-33
             361     61.3949E-03     348.805E-06    -59.4311E-03    -15.3999E-03     4.37160E-03    -4.02759E-03    -49.4973E-06     1.69910E-03
             362     40.3811E-03     28.2737E-03    -28.7640E-03    -1.96493E-03     8.82667E-03    -1.80892E-03    -1.55675E-03     8.49791E-03
             363     49.0149E-03     44.0429E-03    -21.4509E-03     1.59647E-03     9.58126E-03    -1.04347E-03    -1.99476E-03     9.31304E-03
             364     49.9906E-03     9.92536E-03    -48.1789E-03    -8.90719E-03     7.47534E-03    -2.97678E-03    -576.115E-06     6.83283E-03
             365     46.8411E-03     19.2356E-03    -42.3445E-03    -5.56991E-03     8.94019E-03    -2.35143E-03    -797.483E-06     8.58847E-03
             366     63.7235E-03     1.63870E-03    -62.1406E-03    -14.0193E-03     5.35976E-03    -3.89267E-03    -112.863E-06     3.68259E-03
             367     62.7449E-03     4.93570E-03    -61.4257E-03    -11.8085E-03     6.82841E-03    -3.55797E-03    -173.450E-06     5.82563E-03
             368     66.3937E-03     17.8214E-33    -64.4655E-03    -15.8847E-03     4.18952E-03    -4.18952E-03    -2.25800E-36     71.2516E-33
             369     72.2947E-03     394.705E-06    -70.6298E-03    -15.4205E-03     4.68225E-03    -4.23746E-03    -43.1124E-06     1.99137E-03
             370     47.7454E-03     32.6191E-03    -34.8054E-03    -2.04886E-03     10.3558E-03    -2.01234E-03    -1.51567E-03     10.0447E-03
             371     56.8175E-03     50.3794E-03    -26.2324E-03     1.41451E-03     11.2111E-03    -1.11505E-03    -1.83999E-03     11.0027E-03
             372     59.2031E-03     11.2292E-03    -57.4345E-03    -8.95501E-03     8.58386E-03    -3.19854E-03    -527.565E-06     7.94819E-03
             373     55.3396E-03     21.4242E-03    -50.7082E-03    -5.67050E-03     10.2724E-03    -2.53992E-03    -671.495E-06     9.93078E-03
             374     74.6774E-03     1.80428E-03    -73.3266E-03    -14.0241E-03     5.89691E-03    -4.09942E-03    -90.0471E-06     4.23794E-03
             375     73.4630E-03     5.33236E-03    -72.3076E-03    -11.8314E-03     7.60092E-03    -3.74461E-03    -117.611E-06     6.61348E-03
             376     77.4221E-03     17.8433E-33    -75.7760E-03    -15.8801E-03     4.38740E-03    -4.38740E-03    -2.51893E-36     83.1564E-33
             377     83.8017E-03     403.797E-06    -82.3787E-03    -15.3726E-03     4.94485E-03    -4.40629E-03    -39.9126E-06     2.24379E-03
             378     55.5194E-03     35.5179E-03    -42.6080E-03    -2.33344E-03     11.8822E-03    -2.25635E-03    -1.37873E-03     11.5842E-03
             379     63.9157E-03     54.6495E-03    -33.1325E-03     945.142E-06     12.9583E-03    -1.27180E-03    -1.53279E-03     12.8043E-03
             380     69.6449E-03     11.7583E-03    -68.0387E-03    -9.10474E-03     9.51789E-03    -3.38413E-03    -448.056E-06     8.88465E-03
             381     65.2770E-03     22.0240E-03    -61.1594E-03    -5.96285E-03     11.3850E-03    -2.74698E-03    -555.330E-06     11.0346E-03
             382     86.2887E-03     1.80505E-03    -85.1261E-03    -14.0009E-03     6.27884E-03    -4.20923E-03    -65.4710E-06     4.65853E-03
             383     85.1248E-03     5.24387E-03    -84.1250E-03    -11.9041E-03     8.06856E-03    -3.80100E-03    -122.244E-06     7.11611E-03
             384     89.0010E-03     15.5570E-33    -87.5884E-03    -15.7941E-03     4.50963E-03    -4.50963E-03    -11.4931E-36     95.3757E-33
             385     95.6482E-03     367.186E-06    -94.4231E-03    -15.2548E-03     5.01095E-03    -4.40063E-03    -52.9370E-06     2.39608E-03
             386     64.1953E-03     35.7903E-03    -53.2162E-03    -2.85104E-03     13.1667E-03    -2.51586E-03    -1.16837E-03     12.8712E-03
             387     81.1577E-03     11.3718E-03    -79.8141E-03    -9.32522E-03     9.98866E-03    -3.39038E-03    -425.856E-06     9.38601E-03
             388     97.9512E-03     1.68184E-03    -96.9393E-03    -13.9419E-03     6.28005E-03    -4.02270E-03    -92.4557E-06     4.82165E-03
             389     100.799E-03     12.0349E-33    -99.5809E-03    -15.6206E-03     4.38444E-03    -4.38444E-03     6.23989E-36     107.595E-33


  Minimum            1.81369E-03    -36.6208E-03    -123.464E-03    -15.8913E-03              0.    -4.50963E-03    -4.82554E-03    -32.5090E-36
         At Node             310               4               3              34               5             384             266             170

  Maximum            158.194E-03     158.194E-03     934.720E-06     42.3741E-03     16.8062E-03     5.73667E-03     4.60475E-03     16.8062E-03
         At Node               5               5             308               3              39               3             216              39

           Total         29.3956         9.01612        -21.2094     40.2126E-03         2.28324    -163.090E-03    -311.709E-03         1.64061


