********************************************************************************
Field Output Report, written Sun Dec 11 23:03:35 2016

Source 1
---------

   ODB: C:/SIMULIA/ArchProblemBathePaper.odb
   Step: StepForArchProblem
   Frame: Increment      1: Step Time =    1.000

Loc 1 : Nodal values from source 1

Output sorted by column "Node Label".

Field Output reported at nodes for part: ARCHPROBLEM-1

      Node Label     U.Magnitude            U.U1            U.U2            U.U3    UR.Magnitude          UR.UR1          UR.UR2          UR.UR3
                          @Loc 1          @Loc 1          @Loc 1          @Loc 1          @Loc 1          @Loc 1          @Loc 1          @Loc 1
-------------------------------------------------------------------------------------------------------------------------------------------------
               1     733.605E-06    -72.5408E-06    -729.050E-06    -37.4204E-06     11.1020E-03     11.0465E-03    -1.10268E-03     111.322E-06
               2     5.81252E-03    -576.013E-06    -5.78391E-03    -1.26446E-18     115.812E-06     725.774E-18    -72.9196E-18     115.812E-06
               3              0.     3.92519E-33    -626.979E-36             -0.     13.7122E-03             -0.             -0.     13.7122E-03
               4              0.     994.007E-36    -37.7562E-36    -792.423E-36     14.6444E-03    -8.41360E-36    -42.4948E-36     14.6444E-03
               5     733.605E-06    -72.5408E-06    -729.050E-06     37.4204E-06     11.1020E-03    -11.0465E-03     1.10268E-03     111.322E-06
               6              0.    -3.92653E-33     167.121E-36             -0.     13.9463E-03             -0.              0.    -13.9463E-03
               7              0.    -986.105E-36     161.306E-36     794.773E-36     14.8674E-03    -109.950E-39    -41.8155E-36    -14.8674E-03
               8              0.    -986.105E-36     161.306E-36    -794.773E-36     14.8674E-03     109.950E-39     41.8155E-36    -14.8674E-03
               9              0.     994.007E-36    -37.7562E-36     792.423E-36     14.6444E-03     8.41360E-36     42.4948E-36     14.6444E-03
              10     3.60037E-03    -357.662E-06    -3.58244E-03    -28.4938E-06     26.7513E-03     26.6189E-03    -2.65624E-03     112.716E-06
              11     3.27058E-03    -433.142E-06    -3.24177E-03    -507.786E-21     32.8084E-03     619.036E-18    -98.9006E-18     32.8084E-03
              12              0.     5.31302E-33    -1.10668E-33    -1.05955E-33     12.1417E-03    -1.31325E-36     245.828E-39     12.1417E-03
              13     794.430E-06    -98.8257E-06    -787.421E-06    -36.3468E-06     6.19567E-03     5.28857E-03    -946.960E-06     3.08556E-03
              14     3.60037E-03    -357.662E-06    -3.58244E-03     28.4938E-06     26.7513E-03    -26.6189E-03     2.65624E-03     112.716E-06
              15     3.28550E-03    -216.723E-06    -3.27834E-03    -2.89930E-18     32.8096E-03     255.218E-18    -8.02630E-18    -32.8096E-03
              16              0.    -5.32026E-33    -36.9388E-36     1.00800E-33     12.3688E-03     1.16634E-36    -14.1374E-39    -12.3688E-03
              17     808.573E-06    -58.9708E-06    -805.642E-06     35.4051E-06     6.19840E-03    -5.37433E-03     122.823E-06    -3.08572E-03
              18     808.573E-06    -58.9708E-06    -805.642E-06    -35.4051E-06     6.19840E-03     5.37433E-03    -122.823E-06    -3.08572E-03
              19              0.    -5.32026E-33    -36.9388E-36    -1.00800E-33     12.3688E-03    -1.16634E-36     14.1374E-39    -12.3688E-03
              20     794.430E-06    -98.8257E-06    -787.421E-06     36.3468E-06     6.19567E-03    -5.28857E-03     946.960E-06     3.08556E-03
              21              0.     5.31302E-33    -1.10668E-33     1.05955E-33     12.1417E-03     1.31325E-36    -245.828E-39     12.1417E-03


  Minimum                     0.    -576.013E-06    -5.78391E-03    -37.4204E-06     115.812E-06    -26.6189E-03    -2.65624E-03    -32.8096E-03
         At Node              21               2               2               1               2              14              10              15

  Maximum            5.81252E-03     5.31302E-33     167.121E-36     37.4204E-06     32.8096E-03     26.6189E-03     2.65624E-03     32.8084E-03
         At Node               2              21               6               5              15              10              14              11

           Total     24.2426E-03    -2.40188E-03    -24.1131E-03    -4.67562E-18     301.931E-03     1.60115E-15    -179.761E-18    -572.077E-06


