********************************************************************************
Field Output Report, written Sun Dec 11 23:16:53 2016

Source 1
---------

   ODB: C:/SIMULIA/DynamicAnalysisStep.odb
   Step: StepForDynamicAnalysis
   Frame: Increment    200: Step Time =   2.0000E-02

Loc 1 : Nodal values from source 1

Output sorted by column "Node Label".

Field Output reported at nodes for part: LARGEPIPE-1

      Node Label     U.Magnitude            U.U1            U.U2            U.U3    UR.Magnitude          UR.UR1          UR.UR2          UR.UR3
                          @Loc 1          @Loc 1          @Loc 1          @Loc 1          @Loc 1          @Loc 1          @Loc 1          @Loc 1
-------------------------------------------------------------------------------------------------------------------------------------------------
               1     54.7007E-03     22.7083E-03    -49.7644E-03    -23.0443E-33     7.05299E-03    -1.89848E-30     1.95349E-30     7.05299E-03
               2     64.1282E-03     6.06132E-33    -61.9013E-03    -16.7528E-03     2.25485E-03    -2.25485E-03    -14.8530E-33     5.63939E-30
               3     71.0304E-03     317.974E-36    -66.5492E-03    -24.8298E-03     1.23943E-03    -1.23943E-03     2.57744E-33    -225.404E-39
               4     72.4961E-03     30.3773E-03    -65.8248E-03    -436.519E-39     1.82280E-03     913.295E-39     3.39610E-33    -1.82280E-03
               5     89.4301E-03     89.4301E-03     546.986E-36     391.207E-36              0.    -3.28001E-36    -428.830E-36    -726.086E-36
               6     87.1435E-03    -85.9596E-03     691.044E-36     14.3157E-03     6.15001E-03    -6.41107E-36    -6.15001E-03     2.27852E-33
               7     86.7361E-03     359.947E-36     84.3934E-03    -20.0222E-03     5.95856E-03    -5.95856E-03    -13.0405E-36     600.796E-36
               8     54.9399E-03     19.8423E-03    -51.2159E-03    -1.26863E-03     6.58136E-03    -765.425E-06    -680.269E-06     6.50121E-03
               9     56.2604E-03     13.6248E-03    -54.4517E-03    -3.82242E-03     5.46207E-03    -1.32505E-03    -1.19029E-03     5.16349E-03
              10     58.7147E-03     7.57437E-03    -57.7191E-03    -7.65209E-03     4.22497E-03    -1.65170E-03    -1.40419E-03     3.62636E-03
              11     61.3911E-03     3.33120E-03    -60.1299E-03    -11.9233E-03     3.20940E-03    -1.90759E-03    -1.28481E-03     2.23844E-03
              12     63.3891E-03     1.05370E-03    -61.4831E-03    -15.3916E-03     2.52315E-03    -2.14536E-03    -791.037E-06     1.06676E-03
              13     65.0027E-03    -4.52737E-33    -62.1182E-03    -19.1489E-03     958.779E-06    -958.779E-06    -1.47022E-30     4.70269E-33
              14     65.5766E-03    -5.01208E-33    -62.4416E-03    -20.0336E-03     468.067E-06    -468.067E-06    -242.556E-33     33.4829E-33
              15     66.3763E-03    -3.04787E-33    -63.0614E-03    -20.7140E-03     418.626E-06    -418.626E-06     802.751E-33     17.8529E-33
              16     67.5603E-03    -1.53335E-33    -64.0022E-03    -21.6359E-03     552.576E-06    -552.576E-06     1.63521E-30     18.2396E-33
              17     69.1164E-03    -1.42850E-33    -65.2052E-03    -22.9207E-03     807.727E-06    -807.727E-06     2.32731E-30     13.2313E-33
              18     70.0605E-03     482.163E-06    -66.5121E-03    -22.0087E-03     2.19616E-03    -987.687E-06    -1.93998E-03     289.895E-06
              19     68.1525E-03     3.71881E-03    -66.4022E-03    -14.8887E-03     3.39612E-03    -372.805E-06    -3.36471E-03     270.862E-06
              20     67.4218E-03     10.6548E-03    -66.2322E-03    -6.74318E-03     3.90530E-03     266.831E-06    -3.89226E-03    -174.756E-06
              21     68.9135E-03     19.6720E-03    -66.0395E-03    -932.070E-06     3.54362E-03     592.298E-06    -3.37679E-03    -896.497E-06
              22     71.3453E-03     27.3579E-03    -65.8844E-03     973.659E-06     2.53891E-03     459.529E-06    -1.95219E-03    -1.55688E-03
              23     68.9638E-03     26.5801E-03    -63.6357E-03     1.11221E-33     1.33835E-03     21.2939E-33     2.66088E-30    -1.33835E-03
              24     65.6252E-03     23.3400E-03    -61.3344E-03    -3.02062E-33     1.28662E-03     26.6740E-33     1.30972E-30    -1.28662E-03
              25     61.9969E-03     19.7530E-03    -58.7659E-03    -8.69578E-33     1.27595E-03     28.8217E-33     186.309E-33    -1.27595E-03
              26     58.2467E-03     16.2165E-03    -55.9438E-03    -17.2416E-33     656.020E-06     39.9271E-33    -389.008E-33    -656.020E-06
              27     55.0958E-03     15.2659E-03    -52.9386E-03    -25.5275E-33     1.65655E-03     52.1799E-33    -186.189E-33     1.65655E-03
              28     73.0882E-03    -3.03221E-33     70.2766E-03    -20.0772E-03     5.20825E-03    -5.20825E-03    -8.27203E-33     435.445E-33
              29     60.6658E-03    -1.99739E-33     57.2499E-03    -20.0695E-03     4.94233E-03    -4.94233E-03    -7.11928E-33     785.391E-33
              30     48.6834E-03    -925.132E-36     44.3987E-03    -19.9706E-03     4.89771E-03    -4.89771E-03    -7.01409E-33     1.13973E-30
              31     37.2044E-03    -208.876E-36     31.5077E-03    -19.7847E-03     4.88737E-03    -4.88737E-03    -7.65148E-33     1.45423E-30
              32     27.0049E-03     283.179E-36     18.6626E-03    -19.5185E-03     4.83925E-03    -4.83925E-03    -8.98810E-33     1.71420E-30
              33     20.0985E-03     706.976E-36     6.01619E-03    -19.1769E-03     4.74738E-03    -4.74738E-03    -11.9371E-33     1.91441E-30
              34     19.8063E-03     1.07420E-33    -6.33256E-03    -18.7666E-03     4.63991E-03    -4.63991E-03    -17.9920E-33     2.06726E-30
              35     25.9467E-03     1.21059E-33    -18.3920E-03    -18.3020E-03     4.55173E-03    -4.55173E-03    -24.0846E-33     2.21991E-30
              36     35.1153E-03     740.841E-36    -30.2611E-03    -17.8145E-03     4.48370E-03    -4.48370E-03    -28.0362E-33     2.48964E-30
              37     45.4191E-03    -766.002E-36    -41.9693E-03    -17.3630E-03     4.33415E-03    -4.33415E-03    -30.5375E-33     7.81411E-30
              38     55.7532E-03    -2.69643E-33    -53.0901E-03    -17.0255E-03     3.78450E-03    -3.78450E-03    -93.8240E-33     4.17534E-30
              39     51.7272E-03     42.9139E-03    -28.8808E-03     643.249E-36     10.1794E-03     673.332E-33    -640.715E-33     10.1794E-03
              40     67.0608E-03     65.8511E-03    -12.6799E-03     21.0589E-33     8.52598E-03     1.89360E-30    -4.01357E-30     8.52598E-03
              41     83.1715E-03     83.0788E-03    -3.92490E-03     29.9346E-33     4.72448E-03     1.22788E-30    -5.51557E-30     4.72448E-03
              42     86.4486E-03     86.3635E-03    -28.9328E-33     3.83488E-03     1.68028E-03    -43.7411E-33    -1.68028E-03     12.7306E-30
              43     78.1784E-03     77.8584E-03    -20.4892E-33     7.06641E-03     3.03738E-03     51.7557E-33    -3.03738E-03     10.7475E-30
              44     66.1645E-03     65.4848E-03    -12.7473E-33     9.45987E-03     3.91541E-03     148.419E-33    -3.91541E-03     8.70671E-30
              45     52.0813E-03     50.8860E-03    -7.35876E-33     11.0943E-03     4.39684E-03     84.6374E-33    -4.39684E-03     7.21903E-30
              46     37.2243E-03     35.1749E-03    -4.03377E-33     12.1808E-03     4.64798E-03     47.7244E-33    -4.64798E-03     6.02313E-30
              47     22.8609E-03     18.8554E-03    -1.87522E-33     12.9264E-03     4.81110E-03     19.6346E-33    -4.81110E-03     4.97795E-30
              48     13.6203E-03     2.05566E-03    -526.442E-36     13.4643E-03     4.94641E-03     5.85244E-33    -4.94641E-03     4.02931E-30
              49     20.5434E-03    -15.1604E-03     351.321E-36     13.8634E-03     5.04449E-03    -1.36819E-33    -5.04449E-03     3.14402E-30
              50     35.5420E-03    -32.6041E-03     1.22085E-33     14.1494E-03     5.07316E-03    -5.92668E-33    -5.07316E-03     2.29380E-30
              51     51.9986E-03    -49.9869E-03     2.73753E-33     14.3236E-03     5.05822E-03    -10.5493E-33    -5.05822E-03     1.46115E-30
              52     68.8343E-03    -67.3171E-03     5.21165E-33     14.3728E-03     5.22842E-03    -14.3498E-33    -5.22842E-03     642.211E-33
              53     78.2477E-03    -77.3074E-03     1.68115E-03     11.9767E-03     6.90612E-03     84.2358E-06    -5.46360E-03    -4.22332E-03
              54     56.8151E-03    -55.4305E-03     11.1300E-03     5.61581E-03     8.16498E-03    -485.985E-06    -3.74553E-03    -7.23890E-03
              55     43.0593E-03    -30.0455E-03     30.6972E-03    -3.00772E-03     8.64424E-03    -1.90278E-03    -1.80825E-03    -8.23606E-03
              56     57.7244E-03    -10.7091E-03     55.5331E-03    -11.5541E-03     7.98585E-03    -3.76930E-03    -423.592E-06    -7.02758E-03
              57     78.3705E-03    -1.62411E-03     76.3139E-03    -17.7617E-03     6.68381E-03    -5.34355E-03     94.5465E-06    -4.01384E-03
              58     55.6252E-03     13.4003E-03    -53.9670E-03    -1.47097E-03     1.91375E-03     25.4267E-06    -1.20784E-03     1.48421E-03
              59     57.1913E-03     9.16830E-03    -56.2988E-03    -4.15192E-03     2.33012E-03    -4.99860E-06    -2.03443E-03     1.13602E-03
              60     59.5071E-03     4.74082E-03    -58.7393E-03    -8.26478E-03     2.46542E-03    -161.462E-06    -2.31346E-03     836.745E-06
              61     62.0537E-03     1.49489E-03    -60.6241E-03    -13.1586E-03     2.15837E-03    -466.967E-06    -2.01672E-03     611.008E-06
              62     64.1580E-03     36.4999E-06    -61.7506E-03    -17.4099E-03     1.47654E-03    -805.080E-06    -1.18679E-03     351.469E-06
              63     58.4716E-03     14.4909E-03    -56.6407E-03    -881.374E-06     1.61177E-03     334.473E-06    -1.45987E-03    -595.579E-06
              64     59.2384E-03     10.2915E-03    -58.2459E-03    -3.26901E-03     2.54255E-03     479.426E-06    -2.46226E-03    -414.708E-06
              65     60.6999E-03     5.50845E-03    -59.9686E-03    -7.60981E-03     2.82946E-03     359.231E-06    -2.80176E-03    -164.010E-06
              66     62.7506E-03     1.79928E-03    -61.3322E-03    -13.1438E-03     2.43594E-03     33.4242E-06    -2.43539E-03     39.3070E-06
              67     64.7290E-03     81.6425E-06    -62.1653E-03    -18.0365E-03     1.46247E-03    -316.518E-06    -1.42496E-03     90.0701E-06
              68     61.8211E-03     17.8001E-03    -59.2023E-03    -291.117E-06     1.99591E-03     328.890E-06    -1.59878E-03    -1.14864E-03
              69     61.6440E-03     12.9147E-03    -60.2266E-03    -2.43979E-03     2.89300E-03     467.490E-06    -2.73389E-03    -822.665E-06
              70     62.1771E-03     7.18467E-03    -61.3586E-03    -7.03464E-03     3.19346E-03     349.663E-06    -3.14507E-03    -429.455E-06
              71     63.7074E-03     2.63543E-03    -62.2842E-03    -13.1292E-03     2.74844E-03     42.9737E-06    -2.74558E-03    -117.866E-06
              72     65.5395E-03     387.291E-06    -62.8654E-03    -18.5262E-03     1.62967E-03    -279.876E-06    -1.60538E-03     16.0341E-06
              73     65.1014E-03     21.1062E-03    -61.5851E-03     50.4436E-06     2.09696E-03     258.047E-06    -1.73318E-03    -1.15183E-03
              74     64.1127E-03     15.4528E-03    -62.1901E-03    -2.01226E-03     3.11656E-03     352.660E-06    -2.98869E-03    -810.124E-06
              75     63.8659E-03     8.75425E-03    -62.8870E-03    -6.88797E-03     3.48764E-03     217.705E-06    -3.45724E-03    -404.565E-06
              76     64.9856E-03     3.39692E-03    -63.4818E-03    -13.4777E-03     3.02243E-03    -92.0100E-06    -3.01966E-03    -90.8131E-06
              77     66.7229E-03     659.919E-06    -63.8690E-03    -19.2942E-03     1.80972E-03    -414.249E-06    -1.76135E-03     33.4912E-06
              78     68.1566E-03     24.0517E-03    -63.7710E-03     306.971E-06     2.24486E-03     261.952E-06    -1.88898E-03    -1.18429E-03
              79     66.5060E-03     17.6070E-03    -64.1095E-03    -1.73593E-03     3.38324E-03     344.786E-06    -3.27215E-03    -787.714E-06
              80     65.6499E-03     9.94541E-03    -64.5182E-03    -6.95687E-03     3.80746E-03     159.806E-06    -3.79076E-03    -318.455E-06
              81     66.5088E-03     3.84867E-03    -64.8804E-03    -14.1118E-03     3.31087E-03    -234.260E-06    -3.30250E-03     22.7702E-06
              82     68.2474E-03     758.183E-06    -65.1215E-03    -20.4040E-03     2.02424E-03    -636.754E-06    -1.91815E-03     112.961E-06
              83     44.5144E-03     40.2807E-03    -18.7760E-03     2.54157E-03     8.48359E-03    -1.13545E-03    -1.36882E-03     8.29508E-03
              84     44.4386E-03     24.5788E-03    -37.0143E-03    -783.893E-06     8.71694E-03    -1.78307E-03    -645.630E-06     8.50816E-03
              85     36.6693E-03     15.3326E-03    -33.1246E-03    -3.50886E-03     7.06344E-03    -2.52154E-03    -633.958E-06     6.56751E-03
              86     43.2637E-03     4.09845E-03    -41.8192E-03    -10.3008E-03     5.24325E-03    -3.47577E-03    -264.536E-06     3.91673E-03
              87     47.1200E-03     493.451E-06    -44.5190E-03    -15.4308E-03     4.38845E-03    -4.05312E-03    -78.3420E-06     1.68066E-03
              88     59.0692E-03     56.9009E-03    -15.6886E-03     2.30886E-03     8.98397E-03    -455.188E-06    -925.926E-06     8.92453E-03
              89     67.9467E-03     67.5203E-03    -4.38731E-03     6.20691E-03     5.75951E-03    -179.140E-06    -2.64016E-03     5.11560E-03
              90     45.4234E-03    -44.1455E-03     9.09588E-03     5.63233E-03     7.24583E-03    -729.493E-06    -3.39546E-03    -6.35931E-03
              91     34.5790E-03    -33.4492E-03     6.73658E-03     5.61028E-03     5.91573E-03    -763.568E-06    -3.30224E-03    -4.84851E-03
              92     23.8676E-03    -22.7951E-03     4.40585E-03     5.53476E-03     4.71342E-03    -751.092E-06    -3.29364E-03    -3.28697E-03
              93     13.4732E-03    -12.1538E-03     2.12516E-03     5.41248E-03     3.75880E-03    -735.696E-06    -3.26396E-03    -1.71284E-03
              94     5.50855E-03    -1.66392E-03    -142.919E-06     5.24929E-03     3.27466E-03    -730.561E-06    -3.18880E-03    -145.776E-06
              95     10.2173E-03     8.53587E-03    -2.45901E-03     5.04835E-03     3.45506E-03    -741.296E-06    -3.06813E-03     1.40515E-03
              96     19.5635E-03     18.3138E-03    -4.92539E-03     4.80365E-03     4.20694E-03    -776.185E-06    -2.89460E-03     2.95248E-03
              97     28.8255E-03     27.3896E-03    -7.82129E-03     4.42103E-03     5.31513E-03    -853.327E-06    -2.62067E-03     4.54472E-03
              98     37.1846E-03     35.0275E-03    -11.9129E-03     3.72170E-03     6.71349E-03    -1.00363E-03    -2.15779E-03     6.27755E-03
              99     56.1872E-03     398.645E-06    -54.0371E-03    -15.3896E-03     3.85408E-03    -3.51196E-03    -242.585E-06     1.56883E-03
             100     52.8126E-03     3.32236E-03    -51.5812E-03    -10.8406E-03     4.82245E-03    -3.15247E-03    -499.420E-06     3.61505E-03
             101     46.6133E-03     11.5894E-03    -44.8672E-03    -5.04207E-03     6.79823E-03    -2.61332E-03    -601.655E-06     6.24696E-03
             102     48.3988E-03     36.2101E-03    -32.1075E-03     617.052E-06     9.81837E-03    -912.868E-06    -482.200E-06     9.76394E-03
             103     78.1959E-03     77.9869E-03    -4.49653E-03     3.52445E-03     5.40299E-03    -87.6748E-06    -1.49895E-03     5.19016E-03
             104     56.4728E-03     55.7976E-03    -3.07981E-03     8.14393E-03     5.35824E-03    -199.296E-06    -3.42919E-03     4.11238E-03
             105     43.9278E-03     42.8580E-03    -2.00253E-03     9.42510E-03     4.93130E-03    -178.459E-06    -3.88635E-03     3.03020E-03
             106     30.8782E-03     29.0967E-03    -1.23456E-03     10.2628E-03     4.61135E-03    -162.912E-06    -4.14293E-03     2.01843E-03
             107     18.3519E-03     14.7906E-03    -666.449E-06     10.8437E-03     4.44272E-03    -153.438E-06    -4.31405E-03     1.05033E-03
             108     11.2761E-03     36.4067E-06    -207.053E-06     11.2742E-03     4.45133E-03    -148.147E-06    -4.44787E-03     94.1885E-06
             109     19.0336E-03    -15.0888E-03     200.631E-06     11.6003E-03     4.62272E-03    -148.927E-06    -4.53870E-03    -864.616E-06
             110     32.6378E-03    -30.4098E-03     603.234E-06     11.8367E-03     4.91963E-03    -158.386E-06    -4.56634E-03    -1.82378E-03
             111     47.2466E-03    -45.6903E-03     1.04334E-03     11.9812E-03     5.33920E-03    -168.715E-06    -4.56040E-03    -2.77153E-03
             112     62.1510E-03    -60.9585E-03     1.50858E-03     12.0221E-03     5.98452E-03    -137.717E-06    -4.71500E-03    -3.68298E-03
             113     34.9924E-03    -24.4880E-03     24.8159E-03    -2.99647E-03     7.80715E-03    -1.91010E-03    -1.86165E-03    -7.33740E-03
             114     47.5324E-03    -9.08988E-03     45.2003E-03    -11.5600E-03     7.25021E-03    -3.41070E-03    -674.371E-06    -6.36223E-03
             115     65.3113E-03    -1.55491E-03     62.8194E-03    -17.8007E-03     5.96369E-03    -4.68615E-03    -103.329E-06    -3.68712E-03
             116     26.9329E-03    -18.8975E-03     18.9580E-03    -2.97680E-03     6.29733E-03    -1.89577E-03    -1.84935E-03    -5.71335E-03
             117     37.9218E-03    -7.11696E-03     35.4209E-03    -11.5226E-03     6.08938E-03    -3.30030E-03    -721.544E-06    -5.06636E-03
             118     53.3560E-03    -1.20136E-03     50.2930E-03    -17.7773E-03     5.38619E-03    -4.47428E-03    -153.123E-06    -2.99474E-03
             119     18.9563E-03    -13.3326E-03     13.1482E-03    -2.95102E-03     4.82640E-03    -1.88375E-03    -1.83649E-03    -4.04635E-03
             120     28.6182E-03    -5.13880E-03     25.7293E-03    -11.4279E-03     5.02955E-03    -3.28344E-03    -714.171E-06    -3.74237E-03
             121     41.8236E-03    -832.383E-06     37.9004E-03    -17.6657E-03     5.00236E-03    -4.44496E-03    -152.717E-06    -2.28968E-03
             122     11.1327E-03    -7.80014E-03     7.38750E-03    -2.91869E-03     3.51930E-03    -1.86358E-03    -1.81208E-03    -2.37253E-03
             123     19.8832E-03    -3.20281E-03     16.0578E-03    -11.2798E-03     4.11923E-03    -3.26300E-03    -696.153E-06    -2.41584E-03
             124     30.9025E-03    -494.339E-06     25.4848E-03    -17.4712E-03     4.70660E-03    -4.42963E-03    -142.788E-06    -1.58430E-03
             125     4.07872E-03    -2.34361E-03     1.69505E-03    -2.87581E-03     2.64947E-03    -1.84127E-03    -1.76678E-03    -712.663E-06
             126     12.9067E-03    -1.30295E-03     6.49073E-03    -11.0795E-03     3.46847E-03    -3.21836E-03    -675.899E-06    -1.10255E-03
             127     21.6561E-03    -176.468E-06     13.1579E-03    -17.1995E-03     4.46509E-03    -4.37425E-03    -135.670E-06    -885.725E-06
             128     5.68190E-03     2.96260E-03    -3.94841E-03    -2.81372E-03     2.65641E-03    -1.83547E-03    -1.68832E-03     914.953E-06
             129     11.2208E-03     548.234E-06    -2.90560E-03    -10.8242E-03     3.23961E-03    -3.17012E-03    -643.796E-06     175.948E-06
             130     16.8878E-03     132.236E-06     1.06035E-03    -16.8540E-03     4.29444E-03    -4.28749E-03    -129.235E-06    -207.238E-06
             131     12.8161E-03     7.97284E-03    -9.65280E-03    -2.74039E-03     3.49509E-03    -1.87686E-03    -1.55452E-03     2.50530E-03
             132     16.2495E-03     2.27255E-03    -12.1593E-03    -10.5372E-03     3.50726E-03    -3.16397E-03    -579.149E-06     1.39812E-03
             133     19.6493E-03     415.844E-06    -10.7278E-03    -16.4571E-03     4.23489E-03    -4.21102E-03    -114.031E-06     434.328E-06
             134     20.2176E-03     12.2743E-03    -15.8256E-03    -2.76480E-03     4.71444E-03    -2.00943E-03    -1.32602E-03     4.05337E-03
             135     24.1544E-03     3.62705E-03    -21.5338E-03    -10.3235E-03     4.13593E-03    -3.25025E-03    -459.828E-06     2.51602E-03
             136     27.4437E-03     610.131E-06    -22.2472E-03    -16.0575E-03     4.30445E-03    -4.18475E-03    -83.0442E-06     1.00460E-03
             137     27.9217E-03     14.9591E-03    -23.3784E-03    -3.04869E-03     6.01115E-03    -2.25391E-03    -976.406E-06     5.48639E-03
             138     33.3723E-03     4.23369E-03    -31.4656E-03    -10.2812E-03     4.83836E-03    -3.41644E-03    -312.363E-06     3.41175E-03
             139     37.0879E-03     627.783E-06    -33.5893E-03    -15.7124E-03     4.42723E-03    -4.18545E-03    -51.5437E-06     1.44214E-03
             140     54.7371E-03     21.9461E-03    -50.1424E-03    -517.322E-06     6.89578E-03    -316.950E-06    -311.834E-06     6.88143E-03
             141     54.7490E-03     15.1108E-03    -52.5995E-03    -1.55030E-03     3.68262E-03    -357.672E-06    -1.01710E-03     3.52126E-03
             142     55.2723E-03     14.6876E-03    -53.2813E-03    -639.625E-06     1.68343E-03     152.099E-06    -643.819E-06     1.54800E-03
             143     54.2141E-03     17.3057E-03    -51.3778E-03    -681.083E-36     3.88084E-03    -5.32645E-36    -5.10605E-33     3.88084E-03
             144     55.4170E-03     16.9030E-03    -52.7240E-03    -2.34721E-03     6.04005E-03    -898.538E-06    -888.345E-06     5.90641E-03
             145     56.4537E-03     10.2734E-03    -55.3473E-03    -4.26093E-03     3.26841E-03    -641.047E-06    -1.72278E-03     2.70252E-03
             146     56.3117E-03     11.4236E-03    -55.0787E-03    -2.61731E-03     2.22850E-03     297.826E-06    -1.70827E-03     1.39976E-03
             147     57.4076E-03     10.4014E-03    -56.1747E-03    -5.64286E-03     4.80608E-03    -1.37389E-03    -1.28679E-03     4.42210E-03
             148     59.0196E-03     5.42574E-03    -58.1888E-03    -8.24227E-03     2.83677E-03    -858.149E-06    -1.97331E-03     1.84849E-03
             149     58.2935E-03     6.88425E-03    -57.5679E-03    -6.05661E-03     2.55332E-03     180.051E-06    -2.25988E-03     1.17473E-03
             150     60.0646E-03     5.23640E-03    -59.0331E-03    -9.76918E-03     3.68618E-03    -1.71123E-03    -1.38810E-03     2.95512E-03
             151     61.7271E-03     1.97808E-03    -60.3512E-03    -12.8082E-03     2.35510E-03    -1.09039E-03    -1.72879E-03     1.16997E-03
             152     60.7958E-03     2.91975E-03    -59.7756E-03    -10.6996E-03     2.43226E-03    -141.799E-06    -2.23129E-03     957.667E-06
             153     62.5111E-03     1.97687E-03    -60.9279E-03    -13.8392E-03     2.83434E-03    -2.01160E-03    -1.10137E-03     1.66551E-03
             154     63.8422E-03     327.097E-06    -61.6211E-03    -16.6902E-03     1.80143E-03    -1.35806E-03    -1.01762E-03     604.367E-06
             155     63.2126E-03     545.972E-06    -61.2840E-03    -15.4856E-03     1.87757E-03    -581.088E-06    -1.64523E-03     693.421E-06
             156     63.9394E-03     428.479E-06    -61.7948E-03    -16.4155E-03     2.32602E-03    -2.22331E-03    -423.269E-06     536.746E-06
             157     64.6644E-03    -4.49201E-33    -62.0307E-03    -18.2667E-03     1.49499E-03    -1.49499E-03    -1.73246E-33    -19.0977E-36
             158     64.7747E-03    -81.9994E-06    -62.0254E-03    -18.6708E-03     1.13661E-03    -922.387E-06    -608.846E-06     265.320E-06
             159     56.9342E-03     13.4224E-03    -55.3160E-03    -1.21707E-03     1.36826E-03     71.1914E-06    -1.35974E-03     134.718E-06
             160     58.3734E-03     15.8391E-03    -56.1826E-03    -317.729E-06     1.04131E-03     343.332E-06    -758.555E-06    -625.329E-06
             161     56.5280E-03     15.1415E-03    -54.4623E-03    -1.25427E-33     213.438E-06     3.70646E-36    -1.98809E-33     213.438E-06
             162     58.1487E-03     9.36304E-03    -57.2663E-03    -3.76540E-03     2.28433E-03     82.8058E-06    -2.28281E-03     10.0431E-06
             163     58.8054E-03     12.6319E-03    -57.4041E-03    -1.80815E-03     2.21144E-03     792.629E-06    -2.03003E-03    -375.744E-06
             164     60.0690E-03     4.89625E-03    -59.3337E-03    -7.98942E-03     2.58877E-03    -25.3238E-06    -2.58851E-03    -26.6028E-06
             165     59.8798E-03     7.86323E-03    -59.1325E-03    -5.20725E-03     2.83284E-03     803.149E-06    -2.71646E-03    -27.8108E-06
             166     62.3836E-03     1.51252E-03    -60.9502E-03    -13.2099E-03     2.26335E-03    -259.361E-06    -2.24841E-03     10.6378E-06
             167     61.6743E-03     3.42146E-03    -60.7063E-03    -10.3325E-03     2.75330E-03     459.699E-06    -2.70185E-03     263.349E-06
             168     64.4353E-03    -7.18261E-06    -61.9275E-03    -17.8012E-03     1.41458E-03    -514.138E-06    -1.31745E-03     31.8414E-06
             169     63.8084E-03     662.730E-06    -61.8102E-03    -15.8293E-03     2.02572E-03    -36.5388E-06    -1.99534E-03     347.608E-06
             170     65.2860E-03    -2.31882E-33    -62.2492E-03    -19.6801E-03     626.384E-06    -626.384E-06     805.682E-36    -16.2444E-36
             171     65.3419E-03    -86.0096E-06    -62.3617E-03    -19.5084E-03     856.981E-06    -404.892E-06    -738.117E-06     160.193E-06
             172     60.1280E-03     16.0602E-03    -57.9408E-03    -559.242E-06     1.85923E-03     152.689E-06    -1.53510E-03    -1.03774E-03
             173     61.9991E-03     19.2992E-03    -58.9189E-03    -5.32338E-06     1.50582E-03     337.863E-06    -830.578E-06    -1.20974E-03
             174     60.1047E-03     17.8799E-03    -57.3836E-03    -1.16494E-33     1.08859E-03     3.89065E-36     1.68116E-33    -1.08859E-03
             175     60.4168E-03     11.5533E-03    -59.2353E-03    -2.80821E-03     2.75847E-03     212.155E-06    -2.60742E-03    -874.928E-06
             176     61.7124E-03     15.6389E-03    -59.6887E-03    -1.04932E-03     2.52527E-03     790.768E-06    -2.24483E-03    -844.042E-06
             177     61.4046E-03     6.32034E-03    -60.6439E-03    -7.27306E-03     3.05017E-03     126.362E-06    -2.98407E-03    -618.803E-06
             178     61.7863E-03     10.0217E-03    -60.8054E-03    -4.45170E-03     3.16383E-03     811.937E-06    -3.03941E-03    -335.499E-06
             179     63.1878E-03     2.20141E-03    -61.7758E-03    -13.0998E-03     2.62420E-03    -80.9148E-06    -2.59999E-03    -346.293E-06
             180     62.8323E-03     4.64897E-03    -61.8541E-03    -10.0174E-03     3.08275E-03     477.439E-06    -3.04439E-03     84.4092E-06
             181     65.0904E-03     225.790E-06    -62.4759E-03    -18.2612E-03     1.55660E-03    -302.509E-06    -1.52077E-03    -136.981E-06
             182     64.6575E-03     1.19895E-03    -62.6125E-03    -16.0883E-03     2.26499E-03    -3.12794E-06    -2.25109E-03     250.512E-06
             183     65.9325E-03    -1.05164E-33    -62.7099E-03    -20.3609E-03     398.785E-06    -398.785E-06     3.53741E-33    -1.50752E-36
             184     66.1401E-03     52.8634E-06    -63.0003E-03    -20.1364E-03     912.562E-06    -353.429E-06    -831.628E-06     127.480E-06
             185     63.4896E-03     19.5026E-03    -60.4199E-03    -93.0937E-06     2.06635E-03     104.788E-06    -1.66510E-03    -1.21912E-03
             186     65.5173E-03     22.7959E-03    -61.4234E-03     180.098E-06     1.53910E-03     270.084E-06    -897.425E-06    -1.22087E-03
             187     63.8489E-03     21.5951E-03    -60.0861E-03    -578.216E-36     1.30106E-03     2.69403E-36     5.75685E-33    -1.30106E-03
             188     62.8838E-03     14.2314E-03    -61.2134E-03    -2.18232E-03     3.03063E-03     133.545E-06    -2.86067E-03    -991.683E-06
             189     64.6077E-03     18.5956E-03    -61.8706E-03    -625.253E-06     2.66806E-03     636.804E-06    -2.44259E-03    -864.171E-06
             190     63.0023E-03     8.00932E-03    -62.1076E-03    -6.91323E-03     3.37053E-03     40.6136E-06    -3.30165E-03    -676.716E-06
             191     63.8305E-03     12.0733E-03    -62.5424E-03    -4.12417E-03     3.41171E-03     639.283E-06    -3.33254E-03    -353.868E-06
             192     64.3091E-03     3.04397E-03    -62.8539E-03    -13.2581E-03     2.91129E-03    -158.305E-06    -2.88389E-03    -365.715E-06
             193     64.2646E-03     5.78170E-03    -63.2012E-03    -10.1059E-03     3.36527E-03     313.823E-06    -3.34983E-03     72.2627E-06
             194     66.0845E-03     537.616E-06    -63.3311E-03    -18.8690E-03     1.73018E-03    -369.942E-06    -1.68443E-03    -139.111E-06
             195     65.8628E-03     1.68206E-03    -63.6968E-03    -16.6673E-03     2.49178E-03    -152.131E-06    -2.47542E-03     241.090E-06
             196     66.9191E-03    -372.149E-36    -63.4937E-03    -21.1356E-03     462.545E-06    -462.545E-06     6.16111E-33    -427.315E-39
             197     67.3227E-03     176.223E-06    -63.9574E-03    -21.0181E-03     1.04372E-03    -490.818E-06    -912.871E-06     122.958E-06
             198     66.6481E-03     22.5978E-03    -62.6999E-03     167.332E-06     2.15823E-03     97.2850E-06    -1.80975E-03    -1.17189E-03
             199     68.7624E-03     25.9377E-03    -63.6821E-03     320.546E-06     1.62549E-03     229.215E-06    -978.095E-06    -1.27789E-03
             200     67.3180E-03     24.9715E-03    -62.5151E-03     75.3946E-36     1.26960E-03     966.217E-39     9.74722E-33    -1.26960E-03
             201     65.3180E-03     16.5664E-03    -63.1541E-03    -1.88663E-03     3.25868E-03     112.878E-06    -3.12849E-03    -904.867E-06
             202     67.3458E-03     21.1786E-03    -63.9283E-03    -322.781E-06     2.87553E-03     540.810E-06    -2.67172E-03    -915.467E-06
             203     64.7518E-03     9.40120E-03    -63.6908E-03    -6.92034E-03     3.66452E-03    -13.2134E-06    -3.62291E-03    -550.499E-06
             204     65.8856E-03     13.7404E-03    -64.3138E-03    -3.98097E-03     3.71065E-03     511.305E-06    -3.65605E-03    -375.175E-06
             205     65.7227E-03     3.67315E-03    -64.1593E-03    -13.7682E-03     3.18143E-03    -268.534E-06    -3.16154E-03    -232.436E-06
             206     65.8738E-03     6.56497E-03    -64.7081E-03    -10.4459E-03     3.67669E-03     143.255E-06    -3.67289E-03     86.0413E-06
             207     67.4455E-03     739.730E-06    -64.4690E-03    -19.8015E-03     1.91847E-03    -538.002E-06    -1.84076E-03    -51.7294E-06
             208     67.3718E-03     1.91835E-03    -65.0139E-03    -17.5633E-03     2.74322E-03    -372.791E-06    -2.70468E-03     266.394E-06
             209     68.2932E-03     43.7074E-36    -64.5764E-03    -22.2228E-03     655.458E-06    -655.458E-06     8.47443E-33     1.70880E-36
             210     68.8733E-03     210.574E-06    -65.1773E-03    -22.2576E-03     1.24892E-03    -743.888E-06    -994.170E-06     134.339E-06
             211     69.6809E-03     25.5697E-03    -64.8177E-03     530.815E-06     2.42039E-03     267.241E-06    -1.99537E-03    -1.34364E-03
             212     72.1839E-03     29.5860E-03    -65.8385E-03     686.514E-06     2.03909E-03     254.182E-06    -1.01243E-03    -1.75165E-03
             213     70.6334E-03     28.2891E-03    -64.7209E-03     236.488E-36     1.52182E-03     5.87537E-36     12.6612E-33    -1.52182E-03
             214     67.6930E-03     18.6241E-03    -65.0640E-03    -1.47280E-03     3.57737E-03     340.316E-06    -3.45025E-03    -881.754E-06
             215     70.1549E-03     23.9122E-03    -65.9521E-03     494.145E-06     3.09120E-03     585.769E-06    -2.76335E-03    -1.25550E-03
             216     66.5472E-03     10.3842E-03    -65.3658E-03    -6.92889E-03     3.99647E-03     113.042E-06    -3.98066E-03    -336.625E-06
             217     67.9209E-03     15.0980E-03    -66.1344E-03    -3.39544E-03     3.83524E-03     490.694E-06    -3.76856E-03    -515.976E-06
             218     67.3256E-03     3.89513E-03    -65.6340E-03    -14.4827E-03     3.46629E-03    -347.197E-06    -3.44848E-03     51.0400E-06
             219     67.5220E-03     6.77517E-03    -66.3221E-03    -10.7097E-03     3.76278E-03    -26.6168E-06    -3.76126E-03     103.548E-06
             220     69.1187E-03     692.139E-06    -65.8112E-03    -21.1140E-03     2.15494E-03    -807.723E-06    -1.99277E-03     142.103E-06
             221     69.0919E-03     1.64443E-03    -66.4645E-03    -18.8005E-03     2.85756E-03    -704.607E-06    -2.74866E-03     337.662E-06
             222     70.0252E-03     712.779E-36    -65.8723E-03    -23.7566E-03     1.00100E-03    -1.00100E-03     9.87448E-33     5.61639E-36
             223     70.7655E-03     46.6041E-06    -66.5381E-03    -24.0921E-03     1.55487E-03    -1.17430E-03    -1.00504E-03     168.937E-06
             224     50.6817E-03    -1.79884E-33    -47.6835E-03    -17.1733E-03     4.14455E-03    -4.14455E-03    -6.31831E-36     5.48104E-33
             225     56.6099E-03     55.3732E-06    -54.1231E-03    -16.5943E-03     3.73860E-03    -3.65586E-03    -195.351E-06     757.392E-06
             226     51.7552E-03     404.542E-06    -49.4065E-03    -15.4089E-03     4.19039E-03    -3.84733E-03    -46.3744E-06     1.65992E-03
             227     47.0551E-03     90.8424E-06    -43.9426E-03    -16.8292E-03     4.32272E-03    -4.24748E-03    -118.115E-06     794.272E-06
             228     60.3722E-03    -5.27353E-33    -57.9548E-03    -16.9130E-03     3.17888E-03    -3.17888E-03     7.22521E-36     7.43136E-33
             229     60.1071E-03     546.821E-06    -58.1002E-03    -15.3927E-03     3.27977E-03    -2.94593E-03    -398.603E-06     1.38546E-03
             230     55.2046E-03     1.38138E-03    -53.5364E-03    -13.3975E-03     4.22694E-03    -3.36758E-03    -525.327E-06     2.50009E-03
             231     48.0745E-03     3.63963E-03    -46.7525E-03    -10.5884E-03     5.11236E-03    -3.35731E-03    -241.739E-06     3.84788E-03
             232     46.0215E-03     1.65558E-03    -44.0628E-03    -13.1795E-03     4.72286E-03    -3.84103E-03    -282.529E-06     2.73351E-03
             233     57.4092E-03     3.06285E-03    -56.1891E-03    -11.3671E-03     4.09623E-03    -2.65351E-03    -720.670E-06     3.03621E-03
             234     50.1539E-03     6.60736E-03    -49.0745E-03    -7.96555E-03     5.69147E-03    -2.94593E-03    -650.749E-06     4.82606E-03
             235     41.3751E-03     13.3962E-03    -38.9076E-03    -4.31712E-03     7.08721E-03    -2.66308E-03    -569.590E-06     6.54310E-03
             236     39.9091E-03     8.49177E-03    -38.3738E-03    -6.93367E-03     6.11714E-03    -3.06729E-03    -481.008E-06     5.27065E-03
             237     52.9005E-03     9.03457E-03    -51.7373E-03    -6.33190E-03     5.72792E-03    -2.34127E-03    -795.176E-06     5.16674E-03
             238     45.1276E-03     17.3010E-03    -41.5907E-03    -2.71848E-03     7.71151E-03    -2.22385E-03    -596.108E-06     7.35979E-03
             239     42.2981E-03     32.3496E-03    -27.2384E-03     836.811E-06     8.95672E-03    -1.59094E-03    -954.693E-06     8.76244E-03
             240     37.2111E-03     26.2690E-03    -26.3553E-03    -65.3312E-06     8.00334E-03    -1.64892E-03    -848.847E-06     7.78550E-03
             241     49.6034E-03     18.2114E-03    -46.0838E-03    -2.26390E-03     7.57351E-03    -1.81039E-03    -684.674E-06     7.32200E-03
             242     49.7857E-03     27.1159E-03    -41.7523E-03    -296.530E-06     8.87464E-03    -1.01405E-03    -439.409E-06     8.80555E-03
             243     46.2076E-03     30.1384E-03    -35.0257E-03     143.424E-06     9.28014E-03    -1.29263E-03    -504.520E-06     9.17582E-03
             244     50.5328E-03     31.8419E-03    -39.2385E-03    -30.9650E-36     9.45017E-03     3.63057E-33    -4.23941E-33     9.45017E-03
             245     50.3684E-03     39.7031E-03    -30.9909E-03     455.131E-06     10.0369E-03    -328.748E-06    -160.587E-06     10.0303E-03
             246     52.0035E-03     46.5355E-03    -23.1636E-03     1.50065E-03     9.76153E-03    -620.222E-06    -613.065E-06     9.72250E-03
             247     51.8243E-03     48.6702E-03    -17.5882E-03     2.76154E-03     8.91869E-03    -734.200E-06    -1.18004E-03     8.80974E-03
             248     58.0980E-03     54.6017E-03    -19.8500E-03     456.009E-36     9.75408E-03     1.97314E-33    -3.52983E-33     9.75408E-03
             249     63.5383E-03     61.8653E-03    -14.4254E-03     1.30511E-03     8.89086E-03     51.0911E-06    -397.817E-06     8.88181E-03
             250     75.9472E-03     75.5811E-03    -7.44768E-03     1.01346E-33     6.80250E-03     791.720E-36    -2.44948E-33     6.80250E-03
             251     81.4258E-03     81.2919E-03    -4.29152E-03     1.83520E-03     5.07531E-03     138.889E-06    -751.349E-06     5.01747E-03
             252     69.2902E-03     68.6468E-03    -8.92634E-03     3.00942E-03     7.43027E-03    -2.71399E-06    -1.16615E-03     7.33819E-03
             253     87.8296E-03     87.8144E-03    -1.63241E-03     1.36098E-33     2.41362E-03     189.814E-36    -1.75680E-33     2.41362E-03
             254     88.6737E-03     88.6521E-03     1.90199E-33     1.95490E-03     868.429E-06    -3.19433E-36    -868.429E-06    -2.67647E-33
             255     84.2785E-03     84.1753E-03    -1.76726E-03     3.77653E-03     3.13326E-03     124.813E-06    -1.61525E-03     2.68192E-03
             256     73.6247E-03     73.3166E-03    -4.50261E-03     5.00037E-03     5.64583E-03    -127.909E-06    -2.13500E-03     5.22502E-03
             257     56.0528E-03     54.9439E-03    -10.0304E-03     4.73995E-03     7.43550E-03    -115.817E-06    -1.85230E-03     7.20015E-03
             258     82.9009E-03     82.7152E-03     1.33098E-33     5.54567E-03     2.41078E-03    -15.4252E-36    -2.41078E-03    -2.57611E-33
             259     75.2650E-03     74.9295E-03    -1.60286E-03     6.91518E-03     3.95975E-03     214.712E-06    -2.89259E-03     2.69564E-03
             260     72.5357E-03     72.0513E-03     576.520E-36     8.36857E-03     3.52579E-03    -29.0658E-36    -3.52579E-03    -2.65613E-33
             261     63.1193E-03     62.4333E-03    -1.09272E-03     9.21579E-03     4.35572E-03     207.229E-06    -3.75447E-03     2.19847E-03
             262     62.5499E-03     62.0125E-03    -3.72549E-03     7.28477E-03     5.60532E-03    -416.794E-06    -3.13608E-03     4.62719E-03
             263     59.2909E-03     58.3786E-03     604.311E-39     10.3609E-03     4.18708E-03    -24.7829E-36    -4.18708E-03    -3.00914E-33
             264     49.3551E-03     48.1689E-03    -679.732E-06     10.7340E-03     4.54169E-03     132.247E-06    -4.23536E-03     1.63438E-03
             265     50.3555E-03     49.5079E-03    -2.50652E-03     8.85232E-03     5.17465E-03    -355.814E-06    -3.73043E-03     3.56852E-03
             266     44.6823E-03     43.1250E-03    -253.743E-36     11.6937E-03     4.53601E-03    -17.7534E-36    -4.53601E-03    -3.43250E-33
             267     35.0166E-03     32.9891E-03    -404.509E-06     11.7354E-03     4.63105E-03     65.1643E-06    -4.49806E-03     1.09992E-03
             268     37.4336E-03     36.0705E-03    -1.58950E-03     9.88247E-03     4.78057E-03    -269.198E-06    -4.05356E-03     2.51992E-03
             269     29.8611E-03     27.0783E-03    -246.590E-36     12.5875E-03     4.73246E-03    -7.56082E-36    -4.73246E-03    -3.45490E-33
             270     21.2666E-03     17.2582E-03    -223.849E-06     12.4247E-03     4.70803E-03     23.1622E-06    -4.67109E-03     588.105E-06
             271     24.4344E-03     22.0072E-03    -932.676E-06     10.5761E-03     4.51917E-03    -209.138E-06    -4.24647E-03     1.53190E-03
             272     16.8879E-03     10.5131E-03    -73.0238E-36     13.2164E-03     4.88049E-03     3.14305E-36    -4.88049E-03    -2.70484E-33
             273     12.9713E-03     1.06692E-03    -100.521E-06     12.9270E-03     4.81109E-03     699.001E-09    -4.81036E-03     83.5198E-06
             274     13.3634E-03     7.46780E-03    -426.895E-06     11.0739E-03     4.43164E-03    -175.919E-06    -4.39104E-03     572.062E-06
             275     15.1486E-03    -6.50824E-03     219.231E-36     13.6793E-03     5.00187E-03     11.3304E-36    -5.00187E-03    -1.07514E-33
             276     20.4416E-03    -15.5213E-03    -6.92032E-06     13.3022E-03     4.92610E-03    -13.2765E-06    -4.90799E-03    -421.794E-06
             277     13.6800E-03    -7.48743E-03     538.268E-09     11.4491E-03     4.52267E-03    -161.176E-06    -4.50339E-03    -384.695E-06
             278     27.6846E-03    -23.8720E-03     634.869E-36     14.0203E-03     5.06821E-03     15.0403E-36    -5.06821E-03     1.24784E-33
             279     35.0553E-03    -32.3214E-03     82.2518E-06     13.5719E-03     5.02284E-03    -27.4200E-06    -4.93645E-03    -927.139E-06
             280     25.5904E-03    -22.7403E-03     399.677E-06     11.7298E-03     4.75920E-03    -160.123E-06    -4.56239E-03    -1.34500E-03
             281     43.7059E-03    -41.3172E-03     1.18583E-33     14.2513E-03     5.06306E-03     14.8888E-36    -5.06306E-03     3.87036E-33
             282     50.9502E-03    -49.0634E-03     192.482E-06     13.7358E-03     5.12799E-03    -39.4536E-06    -4.92565E-03    -1.42575E-03
             283     39.8971E-03    -38.0657E-03     816.786E-06     11.9213E-03     5.11153E-03    -168.572E-06    -4.56116E-03    -2.30112E-03
             284     60.3529E-03    -58.6185E-03     1.80968E-33     14.3648E-03     5.09334E-03     13.1388E-36    -5.09334E-03     6.33755E-33
             285     67.1901E-03    -65.7606E-03     320.581E-06     13.7822E-03     5.43539E-03    -19.9195E-06    -5.08992E-03    -1.90677E-03
             286     54.6446E-03    -53.2919E-03     1.28049E-03     12.0154E-03     5.62924E-03    -165.866E-06    -4.59570E-03    -3.24660E-03
             287     77.5985E-03    -76.2603E-03     2.32803E-33     14.3491E-03     5.57522E-03     18.8657E-36    -5.57522E-03     8.13830E-33
             288     84.8233E-03    -83.7048E-03     286.534E-06     13.7264E-03     6.36006E-03     102.579E-06    -5.96753E-03    -2.19738E-03
             289     69.8930E-03    -68.8338E-03     1.69324E-03     12.0028E-03     6.53985E-03    -56.8615E-06    -5.00088E-03    -4.21397E-03
             290     46.8689E-03     45.9615E-03    -6.64583E-03     6.33000E-03     6.12919E-03    -131.525E-06    -2.68885E-03     5.50634E-03
             291     41.1159E-03     38.0983E-03    -15.1392E-03     3.13768E-03     7.71452E-03    -1.39332E-03    -1.97375E-03     7.32645E-03
             292     36.4704E-03     35.4666E-03    -4.34313E-03     7.30393E-03     5.13771E-03    -200.159E-06    -3.20866E-03     4.00755E-03
             293     33.1411E-03     31.4153E-03    -9.73652E-03     4.07559E-03     6.06936E-03    -1.11913E-03    -2.52205E-03     5.40591E-03
             294     25.3085E-03     23.8836E-03    -2.72494E-03     7.91651E-03     4.40004E-03    -248.820E-06    -3.51270E-03     2.63806E-03
             295     24.2496E-03     22.9536E-03    -6.31241E-03     4.61832E-03     4.78245E-03    -918.747E-06    -2.83340E-03     3.74160E-03
             296     14.4168E-03     11.6743E-03    -1.42024E-03     8.33896E-03     3.94680E-03    -278.910E-06    -3.70874E-03     1.32086E-03
             297     14.8181E-03     13.4850E-03    -3.66336E-03     4.93067E-03     3.81272E-03    -813.092E-06    -3.02269E-03     2.17693E-03
             298     8.72276E-03    -979.812E-06    -257.159E-06     8.66374E-03     3.86017E-03    -295.893E-06    -3.84880E-03     10.3259E-06
             299     6.35050E-03     3.48036E-03    -1.28897E-03     5.15311E-03     3.30500E-03    -765.348E-06    -3.15259E-03     631.217E-06
             300     16.5940E-03    -13.9695E-03     846.970E-06     8.91607E-03     4.16192E-03    -311.483E-06    -3.93851E-03    -1.30867E-03
             301     8.76328E-03    -6.88040E-03     993.134E-06     5.33562E-03     3.45600E-03    -751.158E-06    -3.24340E-03    -927.392E-06
             302     28.6858E-03    -27.1337E-03     1.95132E-03     9.10122E-03     4.77531E-03    -334.461E-06    -3.97096E-03    -2.63119E-03
             303     18.5932E-03    -17.4657E-03     3.26121E-03     5.47911E-03     4.20157E-03    -755.229E-06    -3.29098E-03    -2.50046E-03
             304     41.4398E-03    -40.2829E-03     3.10390E-03     9.21480E-03     5.60787E-03    -353.935E-06    -3.97558E-03    -3.93925E-03
             305     29.2090E-03    -28.1262E-03     5.56407E-03     5.57902E-03     5.29733E-03    -767.080E-06    -3.30019E-03    -4.07211E-03
             306     54.4109E-03    -53.4475E-03     4.28943E-03     9.24756E-03     6.63341E-03    -307.642E-06    -4.09754E-03    -5.20746E-03
             307     39.9743E-03    -38.7753E-03     7.92134E-03     5.62835E-03     6.58769E-03    -764.182E-06    -3.32921E-03    -5.63294E-03
             308     68.2936E-03    -67.4746E-03     5.12682E-03     9.21444E-03     7.56978E-03    -58.1515E-06    -4.67130E-03    -5.95627E-03
             309     51.0118E-03    -49.6596E-03     10.2220E-03     5.62493E-03     8.07374E-03    -642.495E-06    -3.53413E-03    -7.23065E-03
             310     46.9144E-03    -42.5061E-03     19.8014E-03     1.44766E-03     8.54295E-03    -1.06022E-03    -2.71849E-03    -8.02918E-03
             311     39.0593E-03    -27.3055E-03     27.7672E-03    -3.00357E-03     8.66916E-03    -1.91558E-03    -1.84751E-03    -8.25056E-03
             312     37.8002E-03    -34.1991E-03     16.0357E-03     1.46065E-03     7.63847E-03    -1.19099E-03    -2.56690E-03    -7.09498E-03
             313     47.6643E-03    -19.2035E-03     42.9850E-03    -7.44349E-03     8.43969E-03    -2.79153E-03    -975.511E-06    -7.90469E-03
             314     52.5127E-03    -10.0076E-03     50.2376E-03    -11.5594E-03     7.93251E-03    -3.56174E-03    -581.981E-06    -7.06399E-03
             315     39.0146E-03    -15.9067E-03     34.8387E-03    -7.44170E-03     7.63770E-03    -2.59731E-03    -1.13116E-03    -7.09287E-03
             316     68.8852E-03    -4.91379E-03     67.0353E-03    -15.0763E-03     7.34712E-03    -4.62571E-03    -28.1381E-06    -5.70808E-03
             317     71.6012E-03    -1.66657E-03     69.3377E-03    -17.7834E-03     6.40063E-03    -4.95952E-03    -28.1761E-06    -4.04604E-03
             318     57.0706E-03    -4.32657E-03     54.8659E-03    -15.1019E-03     6.61842E-03    -4.08327E-03    -250.548E-06    -5.20266E-03
             319     84.5689E-03    -286.218E-06     82.3003E-03    -19.4547E-03     6.15454E-03    -5.79461E-03     103.379E-06    -2.07127E-03
             320     79.6518E-03     1.27432E-33     77.0867E-03    -20.0511E-03     5.52350E-03    -5.52350E-03     10.4397E-36     2.22886E-33
             321     70.8824E-03    -347.377E-06     68.1447E-03    -19.5063E-03     5.40454E-03    -5.05379E-03     13.1769E-06    -1.91523E-03
             322     30.9533E-03    -21.6895E-03     21.8803E-03    -2.98770E-03     7.07460E-03    -1.91178E-03    -1.86232E-03    -6.55186E-03
             323     28.8475E-03    -26.1551E-03     12.0813E-03     1.45971E-03     6.13769E-03    -1.21958E-03    -2.52230E-03    -5.46094E-03
             324     42.6834E-03    -8.11396E-03     40.2822E-03    -11.5490E-03     6.67474E-03    -3.34221E-03    -721.733E-06    -5.73244E-03
             325     30.5898E-03    -12.3737E-03     26.9763E-03    -7.41028E-03     6.24546E-03    -2.54929E-03    -1.16353E-03    -5.58149E-03
             326     59.2601E-03    -1.38911E-03     56.5064E-03    -17.8002E-03     5.64664E-03    -4.54376E-03    -148.515E-06    -3.34914E-03
             327     46.1462E-03    -3.38416E-03     43.4846E-03    -15.0702E-03     5.74481E-03    -3.92557E-03    -313.019E-06    -4.18268E-03
             328     66.7945E-03     1.27593E-33     63.7034E-03    -20.0845E-03     5.02955E-03    -5.02955E-03     7.36902E-36     2.04569E-33
             329     58.4097E-03    -254.598E-06     55.0607E-03    -19.4922E-03     5.05849E-03    -4.80924E-03    -16.9507E-06    -1.56821E-03
             330     22.9336E-03    -16.1124E-03     16.0485E-03    -2.96461E-03     5.55747E-03    -1.90042E-03    -1.85282E-03    -4.88272E-03
             331     19.9551E-03    -18.1523E-03     8.16324E-03     1.43493E-03     4.69804E-03    -1.20316E-03    -2.50713E-03    -3.78659E-03
             332     33.2289E-03    -6.12284E-03     30.5749E-03    -11.4825E-03     5.55070E-03    -3.29584E-03    -733.753E-06    -4.40559E-03
             333     22.3626E-03    -8.85515E-03     19.1758E-03    -7.34577E-03     4.90838E-03    -2.53615E-03    -1.15336E-03    -4.04102E-03
             334     47.5420E-03    -1.01362E-03     44.0995E-03    -17.7326E-03     5.18007E-03    -4.45246E-03    -165.675E-06    -2.64222E-03
             335     35.5971E-03    -2.43144E-03     32.2079E-03    -14.9629E-03     5.02480E-03    -3.90518E-03    -314.174E-06    -3.14634E-03
             336     54.6310E-03     1.31339E-33     50.8260E-03    -20.0316E-03     4.90610E-03    -4.90610E-03     5.96146E-36     1.69098E-33
             337     46.3751E-03    -151.032E-06     42.1289E-03    -19.3851E-03     4.92552E-03    -4.77297E-03    -24.4394E-06    -1.21611E-03
             338     15.0141E-03    -10.5607E-03     10.2603E-03    -2.93589E-03     4.15312E-03    -1.88819E-03    -1.83949E-03    -3.20928E-03
             339     11.1315E-03    -10.1739E-03     4.29785E-03     1.39018E-03     3.45498E-03    -1.17971E-03    -2.47637E-03    -2.10066E-03
             340     24.1386E-03    -4.16591E-03     20.8868E-03    -11.3605E-03     4.56008E-03    -3.28558E-03    -721.587E-06    -3.07874E-03
             341     14.5505E-03    -5.37795E-03     11.4123E-03    -7.24940E-03     3.72035E-03    -2.51649E-03    -1.13375E-03    -2.49457E-03
             342     36.2460E-03    -659.685E-06     31.6912E-03    -17.5786E-03     4.84985E-03    -4.44352E-03    -159.173E-06    -1.93672E-03
             343     25.6683E-03    -1.52046E-03     20.9278E-03    -14.7843E-03     4.43545E-03    -3.89036E-03    -307.335E-06    -2.10804E-03
             344     42.8513E-03     1.34102E-33     37.9564E-03    -19.8883E-03     4.89410E-03    -4.89410E-03     4.42858E-36     1.24592E-33
             345     34.9082E-03    -64.2971E-06     29.1605E-03    -19.1897E-03     4.84050E-03    -4.76271E-03    -30.7784E-06    -863.782E-06
             346     7.38514E-03    -5.05876E-03     4.53257E-03    -2.89915E-03     3.02381E-03    -1.86971E-03    -1.81059E-03    -1.53927E-03
             347     2.70365E-03    -2.30582E-03     470.688E-06     1.33093E-03     2.71275E-03    -1.16305E-03    -2.41342E-03    -426.297E-06
             348     16.0270E-03    -2.24885E-03     11.2549E-03    -11.1864E-03     3.76469E-03    -3.25432E-03    -706.238E-06    -1.75600E-03
             349     8.27577E-03    -1.95297E-03     3.73911E-03    -7.11992E-03     2.88867E-03    -2.48730E-03    -1.10915E-03    -963.089E-06
             350     25.9508E-03    -334.034E-06     19.2999E-03    -17.3450E-03     4.58235E-03    -4.41062E-03    -151.945E-06    -1.23340E-03
             351     17.5160E-03    -637.584E-06     9.74883E-03    -14.5383E-03     4.00470E-03    -3.84378E-03    -308.809E-06    -1.08056E-03
             352     31.8598E-03     1.35242E-33     25.0693E-03    -19.6616E-03     4.86898E-03    -4.86898E-03     1.41461E-36     805.797E-36
             353     24.9410E-03     11.0845E-06     16.2596E-03    -18.9124E-03     4.73980E-03    -4.71158E-03    -44.0917E-06    -514.580E-06
             354     3.08176E-03     334.279E-06    -1.12783E-03    -2.84842E-03     2.55872E-03    -1.85773E-03    -1.75633E-03     105.743E-06
             355     6.44003E-03     5.34313E-03    -3.36528E-03     1.26486E-03     2.85733E-03    -1.16063E-03    -2.30690E-03     1.22289E-03
             356     11.1076E-03    -369.359E-06     1.77040E-03    -10.9594E-03     3.30822E-03    -3.20428E-03    -683.744E-06    -457.590E-06
             357     8.05189E-03     1.37982E-03    -3.82271E-03    -6.95096E-03     2.74192E-03    -2.46939E-03    -1.06613E-03     532.534E-06
             358     18.4460E-03    -21.2938E-06     7.07334E-03    -17.0359E-03     4.37221E-03    -4.33588E-03    -145.954E-06    -543.142E-06
             359     14.2796E-03     222.376E-06    -1.21948E-03    -14.2257E-03     3.79591E-03    -3.78205E-03    -313.483E-06    -82.2618E-06
             360     22.9372E-03     1.35902E-33     12.3052E-03    -19.3571E-03     4.79702E-03    -4.79702E-03    -3.42602E-36     498.035E-36
             361     18.9008E-03     82.8463E-06     3.58244E-03    -18.5580E-03     4.62493E-03    -4.62118E-03    -64.3836E-06    -174.924E-06
             362     9.16978E-03     5.51332E-03    -6.77767E-03    -2.78411E-03     3.04093E-03    -1.88220E-03    -1.66391E-03     1.71346E-03
             363     14.6429E-03     12.6234E-03    -7.32473E-03     1.18912E-03     3.75481E-03    -1.18370E-03    -2.13553E-03     2.85253E-03
             364     13.1572E-03     1.43226E-03    -7.53551E-03    -10.6901E-03     3.33120E-03    -3.17147E-03    -637.931E-06     794.767E-06
             365     13.9578E-03     4.50468E-03    -11.3519E-03    -6.75754E-03     3.33485E-03    -2.50062E-03    -979.089E-06     1.97725E-03
             366     17.3620E-03     278.660E-06    -4.86566E-03    -16.6639E-03     4.25167E-03    -4.24793E-03    -132.601E-06     119.212E-06
             367     18.3358E-03     1.01797E-03    -11.9485E-03    -13.8709E-03     3.86079E-03    -3.75019E-03    -305.247E-06     865.208E-06
             368     18.9810E-03     1.35181E-33    -199.712E-06    -18.9799E-03     4.69301E-03    -4.69301E-03    -9.81876E-36     468.000E-36
             369     20.1476E-03     147.949E-06    -8.76991E-03    -18.1381E-03     4.52934E-03    -4.52613E-03    -86.2820E-06     147.049E-06
             370     16.5018E-03     10.2147E-03    -12.6614E-03    -2.76731E-03     4.12153E-03    -1.98647E-03    -1.50479E-03     3.28277E-03
             371     22.5080E-03     19.1578E-03    -11.7717E-03     1.00705E-03     5.01515E-03    -1.25730E-03    -1.85147E-03     4.48809E-03
             372     20.0087E-03     2.99992E-03    -16.8009E-03    -10.4440E-03     3.80233E-03    -3.20713E-03    -541.817E-06     1.96938E-03
             373     21.5263E-03     7.08227E-03    -19.2107E-03    -6.64642E-03     4.33125E-03    -2.63139E-03    -818.739E-06     3.34143E-03
             374     23.1715E-03     525.771E-06    -16.4963E-03    -16.2639E-03     4.25616E-03    -4.19208E-03    -98.6185E-06     729.136E-06
             375     26.3850E-03     1.61320E-03    -22.5833E-03    -13.5485E-03     4.17225E-03    -3.79296E-03    -270.855E-06     1.71692E-03
             376     22.3027E-03     1.25584E-33    -12.3975E-03    -18.5395E-03     4.59243E-03    -4.59243E-03    -16.1216E-36     862.663E-36
             377     27.2971E-03     185.636E-06    -20.7979E-03    -17.6789E-03     4.48429E-03    -4.46198E-03    -101.514E-06     435.166E-06
             378     24.0082E-03     13.7782E-03    -19.4405E-03    -2.93636E-03     5.41427E-03    -2.20641E-03    -1.24186E-03     4.78580E-03
             379     29.7861E-03     24.0210E-03    -17.6036E-03     563.409E-06     6.47287E-03    -1.42414E-03    -1.40220E-03     6.15660E-03
             380     28.6306E-03     4.00183E-03    -26.4031E-03    -10.3234E-03     4.49543E-03    -3.33501E-03    -383.968E-06     2.98985E-03
             381     30.1311E-03     8.49115E-03    -28.1136E-03    -6.73865E-03     5.38572E-03    -2.87166E-03    -603.132E-06     4.51616E-03
             382     32.1183E-03     637.798E-06    -27.9061E-03    -15.8879E-03     4.36463E-03    -4.18468E-03    -40.9669E-06     1.23964E-03
             383     35.9722E-03     1.81367E-03    -33.3600E-03    -13.3349E-03     4.56289E-03    -3.88757E-03    -231.767E-06     2.37761E-03
             384     30.3148E-03     899.450E-36    -24.3499E-03    -18.0573E-03     4.51988E-03    -4.51988E-03    -20.1777E-36     1.80408E-33
             385     36.8348E-03     166.028E-06    -32.5588E-03    -17.2251E-03     4.46602E-03    -4.41566E-03    -106.013E-06     660.344E-06
             386     32.1109E-03     15.3186E-03    -28.0239E-03    -3.33429E-03     6.64826E-03    -2.51287E-03    -901.139E-06     6.08874E-03
             387     38.2323E-03     4.20277E-03    -36.5737E-03    -10.3155E-03     5.08813E-03    -3.46613E-03    -239.114E-06     3.71723E-03
             388     42.0640E-03     567.374E-06    -39.0722E-03    -15.5699E-03     4.43776E-03    -4.14464E-03     2.55201E-06     1.58611E-03
             389     40.1989E-03     2.85204E-36    -36.1526E-03    -17.5769E-03     4.43671E-03    -4.43671E-03    -16.0012E-36     3.34481E-33


  Minimum            2.70365E-03    -85.9596E-03    -66.5492E-03    -24.8298E-03              0.    -5.95856E-03    -6.15001E-03    -8.25056E-03
         At Node             347               6               3               3               5               7               6             311

  Maximum            89.4301E-03     89.4301E-03     84.3934E-03     14.3728E-03     10.1794E-03     811.937E-06     103.379E-06     10.1794E-03
         At Node               5               5               7              52              39             178             319              39

           Total         18.5746         2.55161        -8.25204        -2.01477         1.66052    -557.328E-03    -681.057E-03     158.594E-03


