********************************************************************************
Field Output Report, written Sun Dec 11 23:00:18 2016

Source 1
---------

   ODB: C:/SIMULIA/TorsionTestCase.odb
   Step: TorsionProblemStep
   Frame: Increment      1: Step Time =    1.000

Loc 1 : Nodal values from source 1

Output sorted by column "Node Label".

Field Output reported at nodes for part: TESTCASETORSION-1

      Node Label     U.Magnitude            U.U1            U.U2            U.U3    UR.Magnitude          UR.UR1          UR.UR2          UR.UR3
                          @Loc 1          @Loc 1          @Loc 1          @Loc 1          @Loc 1          @Loc 1          @Loc 1          @Loc 1
-------------------------------------------------------------------------------------------------------------------------------------------------
               1              0.              0.              0.     39.2325E-36              0.    -60.6676E-36    -235.328E-36              0.
               2              0.              0.              0.     35.6659E-36              0.     7.80919E-36    -250.397E-36              0.
               3              0.              0.              0.              0.              0.     46.2299E-36             -0.              0.
               4              0.              0.              0.    -35.6659E-36              0.     7.80919E-36     250.397E-36              0.
               5              0.              0.              0.    -39.2325E-36              0.    -60.6676E-36     235.328E-36              0.
               6     141.821E-06              0.              0.     141.821E-06     41.3845E-06     11.9978E-06    -39.6071E-06              0.
               7     70.0300E-06              0.              0.     70.0300E-06     25.8883E-06     14.4968E-06    -21.4487E-06              0.
               8     6.20010E-18              0.              0.     6.20010E-18     14.1958E-06     14.1958E-06    -2.41064E-18              0.
               9     70.0300E-06              0.              0.    -70.0300E-06     25.8883E-06     14.4968E-06     21.4487E-06              0.
              10     141.821E-06              0.              0.    -141.821E-06     41.3845E-06     11.9978E-06     39.6071E-06              0.
              11     426.243E-06              0.              0.     426.243E-06     69.3373E-06     42.0983E-06    -55.0945E-06              0.
              12     211.804E-06              0.              0.     211.804E-06     51.9158E-06     42.4251E-06    -29.9225E-06              0.
              13     24.7381E-18              0.              0.     24.7381E-18     41.8500E-06     41.8500E-06    -4.90432E-18              0.
              14     211.804E-06              0.              0.    -211.804E-06     51.9158E-06     42.4251E-06     29.9225E-06              0.
              15     426.243E-06              0.              0.    -426.243E-06     69.3373E-06     42.0983E-06     55.0945E-06              0.
              16     764.094E-06              0.              0.     764.094E-06     96.0739E-06     74.1401E-06    -61.1018E-06              0.
              17     378.917E-06              0.              0.     378.917E-06     81.2778E-06     74.3370E-06    -32.8648E-06              0.
              18     54.6259E-18              0.              0.     54.6259E-18     74.2066E-06     74.2066E-06    -6.82468E-18              0.
              19     378.917E-06              0.              0.    -378.917E-06     81.2778E-06     74.3370E-06     32.8648E-06              0.
              20     764.094E-06              0.              0.    -764.094E-06     96.0739E-06     74.1401E-06     61.1018E-06              0.
              21     1.14742E-03              0.              0.     1.14742E-03     132.845E-06     112.258E-06    -71.0345E-06              0.
              22     557.462E-06              0.              0.     557.462E-06     108.127E-06     102.945E-06    -33.0734E-06              0.
              23     91.0244E-18              0.              0.     91.0244E-18     102.022E-06     102.022E-06    -7.42924E-18              0.
              24     557.462E-06              0.              0.    -557.462E-06     108.127E-06     102.945E-06     33.0734E-06              0.
              25     1.14742E-03              0.              0.    -1.14742E-03     132.845E-06     112.258E-06     71.0345E-06              0.
              26              0.              0.              0.     167.813E-36              0.     113.266E-36    -734.727E-36              0.
              27     21.2138E-06              0.              0.     21.2138E-06     14.7472E-06     6.18707E-06    -13.3866E-06              0.
              28     107.925E-06              0.              0.     107.925E-06     38.4829E-06     14.9250E-06    -35.4708E-06              0.
              29     43.5805E-06              0.              0.     43.5805E-06     25.1730E-06     2.14283E-06    -25.0817E-06              0.
              30              0.              0.              0.     16.7614E-36              0.     45.3215E-36    -231.309E-36              0.
              31     1.58581E-18              0.              0.     1.58581E-18     5.29716E-06     5.29716E-06    -1.23675E-18              0.
              32     34.4925E-06              0.              0.     34.4925E-06     18.1644E-06     14.0669E-06    -11.4921E-06              0.
              33              0.              0.              0.    -16.7614E-36              0.     45.3215E-36     231.309E-36              0.
              34     21.2138E-06              0.              0.    -21.2138E-06     14.7472E-06     6.18707E-06     13.3866E-06              0.
              35     34.4925E-06              0.              0.    -34.4925E-06     18.1644E-06     14.0669E-06     11.4921E-06              0.
              36              0.              0.              0.    -167.813E-36              0.     113.266E-36     734.727E-36              0.
              37     43.5805E-06              0.              0.    -43.5805E-06     25.1730E-06     2.14283E-06     25.0817E-06              0.
              38     107.925E-06              0.              0.    -107.925E-06     38.4829E-06     14.9250E-06     35.4708E-06              0.
              39     135.644E-06              0.              0.     135.644E-06     38.8284E-06     28.2197E-06    -26.6701E-06              0.
              40     319.173E-06              0.              0.     319.173E-06     64.4383E-06     42.4642E-06    -48.4675E-06              0.
              41     273.765E-06              0.              0.     273.765E-06     55.9503E-06     26.1111E-06    -49.4837E-06              0.
              42     13.9624E-18              0.              0.     13.9624E-18     27.3744E-06     27.3744E-06    -3.67485E-18              0.
              43     105.187E-06              0.              0.     105.187E-06     45.0295E-06     42.0682E-06    -16.0601E-06              0.
              44     135.644E-06              0.              0.    -135.644E-06     38.8284E-06     28.2197E-06     26.6701E-06              0.
              45     105.187E-06              0.              0.    -105.187E-06     45.0295E-06     42.0682E-06     16.0601E-06              0.
              46     273.765E-06              0.              0.    -273.765E-06     55.9503E-06     26.1111E-06     49.4837E-06              0.
              47     319.173E-06              0.              0.    -319.173E-06     64.4383E-06     42.4642E-06     48.4675E-06              0.
              48     293.544E-06              0.              0.     293.544E-06     67.7224E-06     59.8895E-06    -31.6159E-06              0.
              49     572.590E-06              0.              0.     572.590E-06     92.6358E-06     74.9265E-06    -54.4740E-06              0.
              50     590.025E-06              0.              0.     590.025E-06     83.3585E-06     58.8507E-06    -59.0358E-06              0.
              51     38.4641E-18              0.              0.     38.4641E-18     58.9160E-06     58.9160E-06    -6.01121E-18              0.
              52     189.188E-06              0.              0.     189.188E-06     76.0021E-06     73.8919E-06    -17.7851E-06              0.
              53     293.544E-06              0.              0.    -293.544E-06     67.7224E-06     59.8895E-06     31.6159E-06              0.
              54     189.188E-06              0.              0.    -189.188E-06     76.0021E-06     73.8919E-06     17.7851E-06              0.
              55     590.025E-06              0.              0.    -590.025E-06     83.3585E-06     58.8507E-06     59.0358E-06              0.
              56     572.590E-06              0.              0.    -572.590E-06     92.6358E-06     74.9265E-06     54.4740E-06              0.
              57     469.029E-06              0.              0.     469.029E-06     102.020E-06     96.3123E-06    -33.6468E-06              0.
              58     845.809E-06              0.              0.     845.809E-06     122.305E-06     107.835E-06    -57.7071E-06              0.
              59     948.707E-06              0.              0.     948.707E-06     119.165E-06     98.8232E-06    -66.5906E-06              0.
              60     72.5777E-18              0.              0.     72.5777E-18     94.4496E-06     94.4496E-06    -7.30855E-18              0.
              61     276.988E-06              0.              0.     276.988E-06     104.071E-06     102.615E-06    -17.3466E-06              0.
              62     469.029E-06              0.              0.    -469.029E-06     102.020E-06     96.3123E-06     33.6468E-06              0.
              63     276.988E-06              0.              0.    -276.988E-06     104.071E-06     102.615E-06     17.3466E-06              0.
              64     948.707E-06              0.              0.    -948.707E-06     119.165E-06     98.8232E-06     66.5906E-06              0.
              65     845.809E-06              0.              0.    -845.809E-06     122.305E-06     107.835E-06     57.7071E-06              0.


  Minimum                     0.              0.              0.    -1.14742E-03              0.    -60.6676E-36    -71.0345E-06              0.
         At Node              36              65              65              25              36               5              21              65

  Maximum            1.14742E-03              0.              0.     1.14742E-03     132.845E-06     112.258E-06     71.0345E-06              0.
         At Node              25              65              65              21              25              25              25              65

           Total     17.8493E-03              0.              0.     303.143E-18     3.76820E-03     3.06637E-03    -39.8444E-18              0.


